/usr/lib/python3/dist-packages/setuptools/dist.py:723: UserWarning: Usage of dash-separated 'script-dir' will not be supported in future versions. Please use the underscore name 'script_dir' instead
  warnings.warn(
running egg_info
writing ../../build/montagem_description/montagem_description.egg-info/PKG-INFO
writing dependency_links to ../../build/montagem_description/montagem_description.egg-info/dependency_links.txt
writing entry points to ../../build/montagem_description/montagem_description.egg-info/entry_points.txt
writing requirements to ../../build/montagem_description/montagem_description.egg-info/requires.txt
writing top-level names to ../../build/montagem_description/montagem_description.egg-info/top_level.txt
reading manifest file '../../build/montagem_description/montagem_description.egg-info/SOURCES.txt'
writing manifest file '../../build/montagem_description/montagem_description.egg-info/SOURCES.txt'
running build
running build_py
running install
running install_lib
running install_data
copying urdf/montagem.xacro -> /home/host/ros_ws/install/montagem_description/share/montagem_description/urdf
running install_egg_info
removing '/home/host/ros_ws/install/montagem_description/lib/python3.10/site-packages/montagem_description-0.0.0-py3.10.egg-info' (and everything under it)
Copying ../../build/montagem_description/montagem_description.egg-info to /home/host/ros_ws/install/montagem_description/lib/python3.10/site-packages/montagem_description-0.0.0-py3.10.egg-info
running install_scripts
writing list of installed files to '/home/host/ros_ws/build/montagem_description/install.log'
