[0.000000] (-) TimerEvent: {}
[0.000416] (graspe_description) JobQueued: {'identifier': 'graspe_description', 'dependencies': OrderedDict()}
[0.001258] (graspe_description) JobStarted: {'identifier': 'graspe_description'}
[0.015214] (graspe_description) JobProgress: {'identifier': 'graspe_description', 'progress': 'cmake'}
[0.016895] (graspe_description) Command: {'cmd': ['/usr/bin/cmake', '/home/host/ros_ws/src/graspe_description', '-DCMAKE_INSTALL_PREFIX=/home/host/ros_ws/install/graspe_description'], 'cwd': '/home/host/ros_ws/build/graspe_description', 'env': OrderedDict([('HOSTNAME', 'jpbg'), ('SHLVL', '1'), ('LD_LIBRARY_PATH', '/usr/lib/x86_64-linux-gnu/gazebo-11/plugins:/opt/ros/humble/opt/rviz_ogre_vendor/lib:/opt/ros/humble/lib/x86_64-linux-gnu:/opt/ros/humble/lib'), ('HOME', '/home/host'), ('OLDPWD', '/home/host'), ('ROS_PYTHON_VERSION', '3'), ('COLCON_PREFIX_PATH', '/home/host/ros_ws/install'), ('ROS_DISTRO', 'humble'), ('_', '/usr/bin/colcon'), ('ROS_VERSION', '2'), ('TERM', 'xterm'), ('ROS_LOCALHOST_ONLY', '0'), ('PATH', '/opt/ros/humble/bin:/usr/local/sbin:/usr/local/bin:/usr/sbin:/usr/bin:/sbin:/bin'), ('DISPLAY', ':0'), ('LANG', 'C.UTF-8'), ('AMENT_PREFIX_PATH', '/opt/ros/humble'), ('DEBIAN_FRONTEND', 'noninteractive'), ('PWD', '/home/host/ros_ws/build/graspe_description'), ('LC_ALL', 'C.UTF-8'), ('PYTHONPATH', '/opt/ros/humble/lib/python3.10/site-packages:/opt/ros/humble/local/lib/python3.10/dist-packages'), ('COLCON', '1'), ('CMAKE_PREFIX_PATH', '/opt/ros/humble')]), 'shell': False}
[0.047090] (graspe_description) StdoutLine: {'line': b'-- Found ament_cmake: 1.3.10 (/opt/ros/humble/share/ament_cmake/cmake)\n'}
[0.099739] (-) TimerEvent: {}
[0.200584] (-) TimerEvent: {}
[0.301262] (-) TimerEvent: {}
[0.305478] (graspe_description) StdoutLine: {'line': b'-- Found rclcpp: 16.0.10 (/opt/ros/humble/share/rclcpp/cmake)\n'}
[0.350168] (graspe_description) StdoutLine: {'line': b'-- Found rosidl_generator_c: 3.1.5 (/opt/ros/humble/share/rosidl_generator_c/cmake)\n'}
[0.353726] (graspe_description) StdoutLine: {'line': b'-- Found rosidl_adapter: 3.1.5 (/opt/ros/humble/share/rosidl_adapter/cmake)\n'}
[0.363017] (graspe_description) StdoutLine: {'line': b'-- Found rosidl_generator_cpp: 3.1.5 (/opt/ros/humble/share/rosidl_generator_cpp/cmake)\n'}
[0.375901] (graspe_description) StdoutLine: {'line': b'-- Using all available rosidl_typesupport_c: rosidl_typesupport_fastrtps_c;rosidl_typesupport_introspection_c\n'}
[0.390911] (graspe_description) StdoutLine: {'line': b'-- Using all available rosidl_typesupport_cpp: rosidl_typesupport_fastrtps_cpp;rosidl_typesupport_introspection_cpp\n'}
[0.401466] (-) TimerEvent: {}
[0.429516] (graspe_description) StdoutLine: {'line': b'-- Found rmw_implementation_cmake: 6.1.2 (/opt/ros/humble/share/rmw_implementation_cmake/cmake)\n'}
[0.431137] (graspe_description) StdoutLine: {'line': b'-- Found rmw_fastrtps_cpp: 6.2.7 (/opt/ros/humble/share/rmw_fastrtps_cpp/cmake)\n'}
[0.501722] (-) TimerEvent: {}
[0.583228] (graspe_description) StdoutLine: {'line': b"-- Using RMW implementation 'rmw_fastrtps_cpp' as default\n"}
[0.601981] (-) TimerEvent: {}
[0.702648] (-) TimerEvent: {}
[0.723719] (graspe_description) StdoutLine: {'line': b'-- Found rclpy: 3.3.14 (/opt/ros/humble/share/rclpy/cmake)\n'}
[0.760542] (graspe_description) StdoutLine: {'line': b'-- Found urdf: 2.6.0 (/opt/ros/humble/share/urdf/cmake)\n'}
[0.803015] (-) TimerEvent: {}
[0.903931] (-) TimerEvent: {}
[1.005002] (-) TimerEvent: {}
[1.007553] (graspe_description) StdoutLine: {'line': b'-- Found xacro: 2.0.8 (/opt/ros/humble/share/xacro/cmake)\n'}
[1.056647] (graspe_description) StdoutLine: {'line': b'-- Found robot_state_publisher: 3.0.3 (/opt/ros/humble/share/robot_state_publisher/cmake)\n'}
[1.105258] (-) TimerEvent: {}
[1.206015] (-) TimerEvent: {}
[1.271483] (graspe_description) StdoutLine: {'line': b'-- Found eigen3_cmake_module: 0.1.1 (/opt/ros/humble/share/eigen3_cmake_module/cmake)\n'}
[1.274818] (graspe_description) StdoutLine: {'line': b'-- Found Eigen3: TRUE (found version "3.4.0") \n'}
[1.275058] (graspe_description) StdoutLine: {'line': b'-- Ensuring Eigen3 include directory is part of orocos-kdl CMake target\n'}
[1.306202] (-) TimerEvent: {}
[1.407011] (-) TimerEvent: {}
[1.507632] (-) TimerEvent: {}
[1.608094] (-) TimerEvent: {}
[1.708783] (-) TimerEvent: {}
[1.809605] (-) TimerEvent: {}
[1.910646] (-) TimerEvent: {}
[1.948933] (graspe_description) StderrLine: {'line': b'\x1b[31mCMake Error at CMakeLists.txt:15 (find_package):\n'}
[1.949591] (graspe_description) StderrLine: {'line': b'  By not providing "Findjoint_state_publisher.cmake" in CMAKE_MODULE_PATH\n'}
[1.949950] (graspe_description) StderrLine: {'line': b'  this project has asked CMake to find a package configuration file provided\n'}
[1.950250] (graspe_description) StderrLine: {'line': b'  by "joint_state_publisher", but CMake did not find one.\n'}
[1.950606] (graspe_description) StderrLine: {'line': b'\n'}
[1.950851] (graspe_description) StderrLine: {'line': b'  Could not find a package configuration file provided by\n'}
[1.951083] (graspe_description) StderrLine: {'line': b'  "joint_state_publisher" with any of the following names:\n'}
[1.951343] (graspe_description) StderrLine: {'line': b'\n'}
[1.951617] (graspe_description) StderrLine: {'line': b'    joint_state_publisherConfig.cmake\n'}
[1.951853] (graspe_description) StderrLine: {'line': b'    joint_state_publisher-config.cmake\n'}
[1.952094] (graspe_description) StderrLine: {'line': b'\n'}
[1.952382] (graspe_description) StderrLine: {'line': b'  Add the installation prefix of "joint_state_publisher" to CMAKE_PREFIX_PATH\n'}
[1.952646] (graspe_description) StderrLine: {'line': b'  or set "joint_state_publisher_DIR" to a directory containing one of the\n'}
[1.953108] (graspe_description) StderrLine: {'line': b'  above files.  If "joint_state_publisher" provides a separate development\n'}
[1.953381] (graspe_description) StderrLine: {'line': b'  package or SDK, be sure it has been installed.\n'}
[1.953534] (graspe_description) StderrLine: {'line': b'\n'}
[1.953642] (graspe_description) StderrLine: {'line': b'\x1b[0m\n'}
[1.953740] (graspe_description) StdoutLine: {'line': b'-- Configuring incomplete, errors occurred!\n'}
[1.953855] (graspe_description) StdoutLine: {'line': b'See also "/home/host/ros_ws/build/graspe_description/CMakeFiles/CMakeOutput.log".\n'}
[1.964737] (graspe_description) CommandEnded: {'returncode': 1}
[2.006728] (graspe_description) JobEnded: {'identifier': 'graspe_description', 'rc': 1}
[2.010768] (-) TimerEvent: {}
[2.018045] (-) EventReactorShutdown: {}
