-- Install configuration: ""
-- Up-to-date: /home/host/ros_ws/install/graspe_description/share/graspe_description/launch
-- Up-to-date: /home/host/ros_ws/install/graspe_description/share/graspe_description/launch/robot_display.launch.py
-- Up-to-date: /home/host/ros_ws/install/graspe_description/share/graspe_description/urdf
-- Up-to-date: /home/host/ros_ws/install/graspe_description/share/graspe_description/urdf/robot.urdf
-- Up-to-date: /home/host/ros_ws/install/graspe_description/share/graspe_description/rviz
-- Up-to-date: /home/host/ros_ws/install/graspe_description/share/graspe_description/rviz/display_config.rviz
-- Up-to-date: /home/host/ros_ws/install/graspe_description/share/ament_index/resource_index/package_run_dependencies/graspe_description
-- Up-to-date: /home/host/ros_ws/install/graspe_description/share/ament_index/resource_index/parent_prefix_path/graspe_description
-- Up-to-date: /home/host/ros_ws/install/graspe_description/share/graspe_description/environment/ament_prefix_path.sh
-- Up-to-date: /home/host/ros_ws/install/graspe_description/share/graspe_description/environment/ament_prefix_path.dsv
-- Up-to-date: /home/host/ros_ws/install/graspe_description/share/graspe_description/environment/path.sh
-- Up-to-date: /home/host/ros_ws/install/graspe_description/share/graspe_description/environment/path.dsv
-- Up-to-date: /home/host/ros_ws/install/graspe_description/share/graspe_description/local_setup.bash
-- Up-to-date: /home/host/ros_ws/install/graspe_description/share/graspe_description/local_setup.sh
-- Up-to-date: /home/host/ros_ws/install/graspe_description/share/graspe_description/local_setup.zsh
-- Up-to-date: /home/host/ros_ws/install/graspe_description/share/graspe_description/local_setup.dsv
-- Installing: /home/host/ros_ws/install/graspe_description/share/graspe_description/package.dsv
-- Up-to-date: /home/host/ros_ws/install/graspe_description/share/ament_index/resource_index/packages/graspe_description
-- Up-to-date: /home/host/ros_ws/install/graspe_description/share/graspe_description/cmake/graspe_descriptionConfig.cmake
-- Up-to-date: /home/host/ros_ws/install/graspe_description/share/graspe_description/cmake/graspe_descriptionConfig-version.cmake
-- Up-to-date: /home/host/ros_ws/install/graspe_description/share/graspe_description/package.xml
