[0.451s] Invoking command in '/home/host/ros_ws/src/graspeurdf_description': PYTHONPATH=/home/host/ros_ws/build/graspeurdf_description/prefix_override:/usr/lib/python3/dist-packages/colcon_core/task/python/colcon_distutils_commands:/home/host/ros_ws/install/graspeurdf_description/lib/python3.10/site-packages:${PYTHONPATH} /usr/bin/python3 -W ignore:setup.py install is deprecated setup.py egg_info --egg-base ../../build/graspeurdf_description build --build-base /home/host/ros_ws/build/graspeurdf_description/build install --record /home/host/ros_ws/build/graspeurdf_description/install.log --install-scripts $base/lib/graspeurdf_description --single-version-externally-managed install_data
[0.572s] /usr/lib/python3/dist-packages/setuptools/dist.py:723: UserWarning: Usage of dash-separated 'script-dir' will not be supported in future versions. Please use the underscore name 'script_dir' instead
[0.572s]   warnings.warn(
[0.577s] running egg_info
[0.578s] writing ../../build/graspeurdf_description/graspeurdf_description.egg-info/PKG-INFO
[0.578s] writing dependency_links to ../../build/graspeurdf_description/graspeurdf_description.egg-info/dependency_links.txt
[0.578s] writing entry points to ../../build/graspeurdf_description/graspeurdf_description.egg-info/entry_points.txt
[0.578s] writing requirements to ../../build/graspeurdf_description/graspeurdf_description.egg-info/requires.txt
[0.578s] writing top-level names to ../../build/graspeurdf_description/graspeurdf_description.egg-info/top_level.txt
[0.579s] reading manifest file '../../build/graspeurdf_description/graspeurdf_description.egg-info/SOURCES.txt'
[0.580s] writing manifest file '../../build/graspeurdf_description/graspeurdf_description.egg-info/SOURCES.txt'
[0.580s] running build
[0.580s] running build_py
[0.580s] running install
[0.580s] running install_lib
[0.581s] running install_data
[0.581s] copying urdf/graspeurdf.xacro -> /home/host/ros_ws/install/graspeurdf_description/share/graspeurdf_description/urdf
[0.582s] running install_egg_info
[0.583s] removing '/home/host/ros_ws/install/graspeurdf_description/lib/python3.10/site-packages/graspeurdf_description-0.0.0-py3.10.egg-info' (and everything under it)
[0.583s] Copying ../../build/graspeurdf_description/graspeurdf_description.egg-info to /home/host/ros_ws/install/graspeurdf_description/lib/python3.10/site-packages/graspeurdf_description-0.0.0-py3.10.egg-info
[0.583s] running install_scripts
[0.597s] writing list of installed files to '/home/host/ros_ws/build/graspeurdf_description/install.log'
[0.614s] Invoked command in '/home/host/ros_ws/src/graspeurdf_description' returned '0': PYTHONPATH=/home/host/ros_ws/build/graspeurdf_description/prefix_override:/usr/lib/python3/dist-packages/colcon_core/task/python/colcon_distutils_commands:/home/host/ros_ws/install/graspeurdf_description/lib/python3.10/site-packages:${PYTHONPATH} /usr/bin/python3 -W ignore:setup.py install is deprecated setup.py egg_info --egg-base ../../build/graspeurdf_description build --build-base /home/host/ros_ws/build/graspeurdf_description/build install --record /home/host/ros_ws/build/graspeurdf_description/install.log --install-scripts $base/lib/graspeurdf_description --single-version-externally-managed install_data
