[0.000000] (-) TimerEvent: {}
[0.000276] (graspe_description) JobQueued: {'identifier': 'graspe_description', 'dependencies': OrderedDict()}
[0.000318] (graspe_description) JobStarted: {'identifier': 'graspe_description'}
[0.006344] (graspe_description) JobProgress: {'identifier': 'graspe_description', 'progress': 'cmake'}
[0.006667] (graspe_description) JobProgress: {'identifier': 'graspe_description', 'progress': 'build'}
[0.007047] (graspe_description) Command: {'cmd': ['/usr/bin/cmake', '--build', '/home/host/ros_ws/build/graspe_description', '--', '-j12', '-l12'], 'cwd': '/home/host/ros_ws/build/graspe_description', 'env': OrderedDict([('HOSTNAME', 'jpbg'), ('SHLVL', '1'), ('LD_LIBRARY_PATH', '/usr/lib/x86_64-linux-gnu/gazebo-11/plugins:/opt/ros/humble/opt/rviz_ogre_vendor/lib:/opt/ros/humble/lib/x86_64-linux-gnu:/opt/ros/humble/lib'), ('HOME', '/home/host'), ('OLDPWD', '/home/host'), ('ROS_PYTHON_VERSION', '3'), ('COLCON_PREFIX_PATH', '/home/host/ros_ws/install'), ('ROS_DISTRO', 'humble'), ('_', '/usr/bin/colcon'), ('ROS_VERSION', '2'), ('TERM', 'xterm'), ('ROS_LOCALHOST_ONLY', '0'), ('PATH', '/opt/ros/humble/bin:/usr/local/sbin:/usr/local/bin:/usr/sbin:/usr/bin:/sbin:/bin'), ('DISPLAY', ':0'), ('LANG', 'C.UTF-8'), ('AMENT_PREFIX_PATH', '/home/host/ros_ws/install/graspe_description:/opt/ros/humble'), ('DEBIAN_FRONTEND', 'noninteractive'), ('PWD', '/home/host/ros_ws/build/graspe_description'), ('LC_ALL', 'C.UTF-8'), ('PYTHONPATH', '/opt/ros/humble/lib/python3.10/site-packages:/opt/ros/humble/local/lib/python3.10/dist-packages'), ('COLCON', '1'), ('CMAKE_PREFIX_PATH', '/home/host/ros_ws/install/graspe_description:/opt/ros/humble')]), 'shell': False}
[0.044610] (graspe_description) CommandEnded: {'returncode': 0}
[0.065093] (graspe_description) JobProgress: {'identifier': 'graspe_description', 'progress': 'install'}
[0.075506] (graspe_description) Command: {'cmd': ['/usr/bin/cmake', '--install', '/home/host/ros_ws/build/graspe_description'], 'cwd': '/home/host/ros_ws/build/graspe_description', 'env': OrderedDict([('HOSTNAME', 'jpbg'), ('SHLVL', '1'), ('LD_LIBRARY_PATH', '/usr/lib/x86_64-linux-gnu/gazebo-11/plugins:/opt/ros/humble/opt/rviz_ogre_vendor/lib:/opt/ros/humble/lib/x86_64-linux-gnu:/opt/ros/humble/lib'), ('HOME', '/home/host'), ('OLDPWD', '/home/host'), ('ROS_PYTHON_VERSION', '3'), ('COLCON_PREFIX_PATH', '/home/host/ros_ws/install'), ('ROS_DISTRO', 'humble'), ('_', '/usr/bin/colcon'), ('ROS_VERSION', '2'), ('TERM', 'xterm'), ('ROS_LOCALHOST_ONLY', '0'), ('PATH', '/opt/ros/humble/bin:/usr/local/sbin:/usr/local/bin:/usr/sbin:/usr/bin:/sbin:/bin'), ('DISPLAY', ':0'), ('LANG', 'C.UTF-8'), ('AMENT_PREFIX_PATH', '/home/host/ros_ws/install/graspe_description:/opt/ros/humble'), ('DEBIAN_FRONTEND', 'noninteractive'), ('PWD', '/home/host/ros_ws/build/graspe_description'), ('LC_ALL', 'C.UTF-8'), ('PYTHONPATH', '/opt/ros/humble/lib/python3.10/site-packages:/opt/ros/humble/local/lib/python3.10/dist-packages'), ('COLCON', '1'), ('CMAKE_PREFIX_PATH', '/home/host/ros_ws/install/graspe_description:/opt/ros/humble')]), 'shell': False}
[0.082877] (graspe_description) StdoutLine: {'line': b'-- Install configuration: ""\n'}
[0.083178] (graspe_description) StdoutLine: {'line': b'-- Up-to-date: /home/host/ros_ws/install/graspe_description/share/graspe_description/launch\n'}
[0.083397] (graspe_description) StdoutLine: {'line': b'-- Up-to-date: /home/host/ros_ws/install/graspe_description/share/graspe_description/launch/robot_display.launch.py\n'}
[0.083516] (graspe_description) StdoutLine: {'line': b'-- Up-to-date: /home/host/ros_ws/install/graspe_description/share/graspe_description/urdf\n'}
[0.083635] (graspe_description) StdoutLine: {'line': b'-- Up-to-date: /home/host/ros_ws/install/graspe_description/share/graspe_description/urdf/robot.urdf\n'}
[0.083787] (graspe_description) StdoutLine: {'line': b'-- Up-to-date: /home/host/ros_ws/install/graspe_description/share/graspe_description/rviz\n'}
[0.083935] (graspe_description) StdoutLine: {'line': b'-- Up-to-date: /home/host/ros_ws/install/graspe_description/share/graspe_description/rviz/display_config.rviz\n'}
[0.084118] (graspe_description) StdoutLine: {'line': b'-- Up-to-date: /home/host/ros_ws/install/graspe_description/share/ament_index/resource_index/package_run_dependencies/graspe_description\n'}
[0.084531] (graspe_description) StdoutLine: {'line': b'-- Up-to-date: /home/host/ros_ws/install/graspe_description/share/ament_index/resource_index/parent_prefix_path/graspe_description\n'}
[0.085488] (graspe_description) StdoutLine: {'line': b'-- Up-to-date: /home/host/ros_ws/install/graspe_description/share/graspe_description/environment/ament_prefix_path.sh\n'}
[0.085812] (graspe_description) StdoutLine: {'line': b'-- Up-to-date: /home/host/ros_ws/install/graspe_description/share/graspe_description/environment/ament_prefix_path.dsv\n'}
[0.086037] (graspe_description) StdoutLine: {'line': b'-- Up-to-date: /home/host/ros_ws/install/graspe_description/share/graspe_description/environment/path.sh\n'}
[0.086220] (graspe_description) StdoutLine: {'line': b'-- Up-to-date: /home/host/ros_ws/install/graspe_description/share/graspe_description/environment/path.dsv\n'}
[0.086420] (graspe_description) StdoutLine: {'line': b'-- Up-to-date: /home/host/ros_ws/install/graspe_description/share/graspe_description/local_setup.bash\n'}
[0.086575] (graspe_description) StdoutLine: {'line': b'-- Up-to-date: /home/host/ros_ws/install/graspe_description/share/graspe_description/local_setup.sh\n'}
[0.086956] (graspe_description) StdoutLine: {'line': b'-- Up-to-date: /home/host/ros_ws/install/graspe_description/share/graspe_description/local_setup.zsh\n'}
[0.087255] (graspe_description) StdoutLine: {'line': b'-- Up-to-date: /home/host/ros_ws/install/graspe_description/share/graspe_description/local_setup.dsv\n'}
[0.087446] (graspe_description) StdoutLine: {'line': b'-- Installing: /home/host/ros_ws/install/graspe_description/share/graspe_description/package.dsv\n'}
[0.087669] (graspe_description) StdoutLine: {'line': b'-- Up-to-date: /home/host/ros_ws/install/graspe_description/share/ament_index/resource_index/packages/graspe_description\n'}
[0.087811] (graspe_description) StdoutLine: {'line': b'-- Up-to-date: /home/host/ros_ws/install/graspe_description/share/graspe_description/cmake/graspe_descriptionConfig.cmake\n'}
[0.087982] (graspe_description) StdoutLine: {'line': b'-- Up-to-date: /home/host/ros_ws/install/graspe_description/share/graspe_description/cmake/graspe_descriptionConfig-version.cmake\n'}
[0.088119] (graspe_description) StdoutLine: {'line': b'-- Up-to-date: /home/host/ros_ws/install/graspe_description/share/graspe_description/package.xml\n'}
[0.088310] (graspe_description) CommandEnded: {'returncode': 0}
[0.099708] (-) TimerEvent: {}
[0.124688] (graspe_description) JobEnded: {'identifier': 'graspe_description', 'rc': 0}
[0.125564] (-) EventReactorShutdown: {}
