[0.000000] (-) TimerEvent: {}
[0.000127] (graspe_description) JobQueued: {'identifier': 'graspe_description', 'dependencies': OrderedDict()}
[0.000889] (graspeurdf_description) JobQueued: {'identifier': 'graspeurdf_description', 'dependencies': OrderedDict()}
[0.000921] (montagem_description) JobQueued: {'identifier': 'montagem_description', 'dependencies': OrderedDict()}
[0.000940] (graspe_description) JobStarted: {'identifier': 'graspe_description'}
[0.007927] (graspeurdf_description) JobStarted: {'identifier': 'graspeurdf_description'}
[0.013706] (montagem_description) JobStarted: {'identifier': 'montagem_description'}
[0.019928] (graspe_description) JobProgress: {'identifier': 'graspe_description', 'progress': 'cmake'}
[0.020550] (graspe_description) JobProgress: {'identifier': 'graspe_description', 'progress': 'build'}
[0.021155] (graspe_description) Command: {'cmd': ['/usr/bin/cmake', '--build', '/home/host/ros_ws/build/graspe_description', '--', '-j12', '-l12'], 'cwd': '/home/host/ros_ws/build/graspe_description', 'env': OrderedDict([('HOSTNAME', 'jpbg'), ('SHLVL', '1'), ('LD_LIBRARY_PATH', '/usr/lib/x86_64-linux-gnu/gazebo-11/plugins:/opt/ros/humble/opt/rviz_ogre_vendor/lib:/opt/ros/humble/lib/x86_64-linux-gnu:/opt/ros/humble/lib'), ('HOME', '/home/host'), ('OLDPWD', '/home/host'), ('ROS_PYTHON_VERSION', '3'), ('COLCON_PREFIX_PATH', '/home/host/ros_ws/install'), ('ROS_DISTRO', 'humble'), ('_', '/usr/bin/colcon'), ('ROS_VERSION', '2'), ('TERM', 'xterm'), ('ROS_LOCALHOST_ONLY', '0'), ('PATH', '/opt/ros/humble/bin:/usr/local/sbin:/usr/local/bin:/usr/sbin:/usr/bin:/sbin:/bin'), ('DISPLAY', ':0'), ('LANG', 'C.UTF-8'), ('AMENT_PREFIX_PATH', '/home/host/ros_ws/install/montagem_description:/home/host/ros_ws/install/graspe_description:/home/host/ros_ws/install/Montagem_description:/opt/ros/humble'), ('DEBIAN_FRONTEND', 'noninteractive'), ('PWD', '/home/host/ros_ws/build/graspe_description'), ('LC_ALL', 'C.UTF-8'), ('PYTHONPATH', '/home/host/ros_ws/install/montagem_description/lib/python3.10/site-packages:/home/host/ros_ws/install/Montagem_description/lib/python3.10/site-packages:/opt/ros/humble/lib/python3.10/site-packages:/opt/ros/humble/local/lib/python3.10/dist-packages'), ('COLCON', '1'), ('CMAKE_PREFIX_PATH', '/home/host/ros_ws/install/graspe_description:/home/host/ros_ws/install/montagem_description:/home/host/ros_ws/install/Montagem_description:/opt/ros/humble')]), 'shell': False}
[0.100032] (-) TimerEvent: {}
[0.200311] (-) TimerEvent: {}
[0.283279] (graspe_description) CommandEnded: {'returncode': 0}
[0.300410] (-) TimerEvent: {}
[0.301440] (graspe_description) JobProgress: {'identifier': 'graspe_description', 'progress': 'install'}
[0.309368] (graspe_description) Command: {'cmd': ['/usr/bin/cmake', '--install', '/home/host/ros_ws/build/graspe_description'], 'cwd': '/home/host/ros_ws/build/graspe_description', 'env': OrderedDict([('HOSTNAME', 'jpbg'), ('SHLVL', '1'), ('LD_LIBRARY_PATH', '/usr/lib/x86_64-linux-gnu/gazebo-11/plugins:/opt/ros/humble/opt/rviz_ogre_vendor/lib:/opt/ros/humble/lib/x86_64-linux-gnu:/opt/ros/humble/lib'), ('HOME', '/home/host'), ('OLDPWD', '/home/host'), ('ROS_PYTHON_VERSION', '3'), ('COLCON_PREFIX_PATH', '/home/host/ros_ws/install'), ('ROS_DISTRO', 'humble'), ('_', '/usr/bin/colcon'), ('ROS_VERSION', '2'), ('TERM', 'xterm'), ('ROS_LOCALHOST_ONLY', '0'), ('PATH', '/opt/ros/humble/bin:/usr/local/sbin:/usr/local/bin:/usr/sbin:/usr/bin:/sbin:/bin'), ('DISPLAY', ':0'), ('LANG', 'C.UTF-8'), ('AMENT_PREFIX_PATH', '/home/host/ros_ws/install/montagem_description:/home/host/ros_ws/install/graspe_description:/home/host/ros_ws/install/Montagem_description:/opt/ros/humble'), ('DEBIAN_FRONTEND', 'noninteractive'), ('PWD', '/home/host/ros_ws/build/graspe_description'), ('LC_ALL', 'C.UTF-8'), ('PYTHONPATH', '/home/host/ros_ws/install/montagem_description/lib/python3.10/site-packages:/home/host/ros_ws/install/Montagem_description/lib/python3.10/site-packages:/opt/ros/humble/lib/python3.10/site-packages:/opt/ros/humble/local/lib/python3.10/dist-packages'), ('COLCON', '1'), ('CMAKE_PREFIX_PATH', '/home/host/ros_ws/install/graspe_description:/home/host/ros_ws/install/montagem_description:/home/host/ros_ws/install/Montagem_description:/opt/ros/humble')]), 'shell': False}
[0.316413] (graspe_description) StdoutLine: {'line': b'-- Install configuration: ""\n'}
[0.316603] (graspe_description) StdoutLine: {'line': b'-- Up-to-date: /home/host/ros_ws/install/graspe_description/share/graspe_description/launch\n'}
[0.316700] (graspe_description) StdoutLine: {'line': b'-- Up-to-date: /home/host/ros_ws/install/graspe_description/share/graspe_description/launch/robot_display.launch.py\n'}
[0.316861] (graspe_description) StdoutLine: {'line': b'-- Up-to-date: /home/host/ros_ws/install/graspe_description/share/graspe_description/urdf\n'}
[0.316940] (graspe_description) StdoutLine: {'line': b'-- Up-to-date: /home/host/ros_ws/install/graspe_description/share/graspe_description/urdf/robot.urdf\n'}
[0.317013] (graspe_description) StdoutLine: {'line': b'-- Up-to-date: /home/host/ros_ws/install/graspe_description/share/graspe_description/rviz\n'}
[0.317325] (graspe_description) StdoutLine: {'line': b'-- Up-to-date: /home/host/ros_ws/install/graspe_description/share/graspe_description/rviz/display_config.rviz\n'}
[0.317391] (graspe_description) StdoutLine: {'line': b'-- Up-to-date: /home/host/ros_ws/install/graspe_description/share/ament_index/resource_index/package_run_dependencies/graspe_description\n'}
[0.317457] (graspe_description) StdoutLine: {'line': b'-- Up-to-date: /home/host/ros_ws/install/graspe_description/share/ament_index/resource_index/parent_prefix_path/graspe_description\n'}
[0.317539] (graspe_description) StdoutLine: {'line': b'-- Up-to-date: /home/host/ros_ws/install/graspe_description/share/graspe_description/environment/ament_prefix_path.sh\n'}
[0.317783] (graspe_description) StdoutLine: {'line': b'-- Up-to-date: /home/host/ros_ws/install/graspe_description/share/graspe_description/environment/ament_prefix_path.dsv\n'}
[0.317845] (graspe_description) StdoutLine: {'line': b'-- Up-to-date: /home/host/ros_ws/install/graspe_description/share/graspe_description/environment/path.sh\n'}
[0.317908] (graspe_description) StdoutLine: {'line': b'-- Up-to-date: /home/host/ros_ws/install/graspe_description/share/graspe_description/environment/path.dsv\n'}
[0.318034] (graspe_description) StdoutLine: {'line': b'-- Up-to-date: /home/host/ros_ws/install/graspe_description/share/graspe_description/local_setup.bash\n'}
[0.318220] (graspe_description) StdoutLine: {'line': b'-- Up-to-date: /home/host/ros_ws/install/graspe_description/share/graspe_description/local_setup.sh\n'}
[0.318349] (graspe_description) StdoutLine: {'line': b'-- Up-to-date: /home/host/ros_ws/install/graspe_description/share/graspe_description/local_setup.zsh\n'}
[0.318409] (graspe_description) StdoutLine: {'line': b'-- Up-to-date: /home/host/ros_ws/install/graspe_description/share/graspe_description/local_setup.dsv\n'}
[0.318468] (graspe_description) StdoutLine: {'line': b'-- Installing: /home/host/ros_ws/install/graspe_description/share/graspe_description/package.dsv\n'}
[0.318527] (graspe_description) StdoutLine: {'line': b'-- Up-to-date: /home/host/ros_ws/install/graspe_description/share/ament_index/resource_index/packages/graspe_description\n'}
[0.318618] (graspe_description) StdoutLine: {'line': b'-- Up-to-date: /home/host/ros_ws/install/graspe_description/share/graspe_description/cmake/graspe_descriptionConfig.cmake\n'}
[0.318831] (graspe_description) StdoutLine: {'line': b'-- Up-to-date: /home/host/ros_ws/install/graspe_description/share/graspe_description/cmake/graspe_descriptionConfig-version.cmake\n'}
[0.318892] (graspe_description) StdoutLine: {'line': b'-- Up-to-date: /home/host/ros_ws/install/graspe_description/share/graspe_description/package.xml\n'}
[0.320322] (graspe_description) CommandEnded: {'returncode': 0}
[0.356865] (graspe_description) JobEnded: {'identifier': 'graspe_description', 'rc': 0}
[0.400616] (-) TimerEvent: {}
[0.471770] (montagem_description) Command: {'cmd': ['/usr/bin/python3', '-W', 'ignore:setup.py install is deprecated', 'setup.py', 'egg_info', '--egg-base', '../../build/montagem_description', 'build', '--build-base', '/home/host/ros_ws/build/montagem_description/build', 'install', '--record', '/home/host/ros_ws/build/montagem_description/install.log', '--install-scripts', '$base/lib/montagem_description', '--single-version-externally-managed', 'install_data'], 'cwd': '/home/host/ros_ws/src/montagem_description', 'env': {'HOSTNAME': 'jpbg', 'SHLVL': '1', 'LD_LIBRARY_PATH': '/usr/lib/x86_64-linux-gnu/gazebo-11/plugins:/opt/ros/humble/opt/rviz_ogre_vendor/lib:/opt/ros/humble/lib/x86_64-linux-gnu:/opt/ros/humble/lib', 'HOME': '/home/host', 'OLDPWD': '/home/host', 'ROS_PYTHON_VERSION': '3', 'COLCON_PREFIX_PATH': '/home/host/ros_ws/install', 'ROS_DISTRO': 'humble', '_': '/usr/bin/colcon', 'ROS_VERSION': '2', 'TERM': 'xterm', 'ROS_LOCALHOST_ONLY': '0', 'PATH': '/opt/ros/humble/bin:/usr/local/sbin:/usr/local/bin:/usr/sbin:/usr/bin:/sbin:/bin', 'DISPLAY': ':0', 'LANG': 'C.UTF-8', 'AMENT_PREFIX_PATH': '/home/host/ros_ws/install/montagem_description:/home/host/ros_ws/install/graspe_description:/home/host/ros_ws/install/Montagem_description:/opt/ros/humble', 'DEBIAN_FRONTEND': 'noninteractive', 'PWD': '/home/host/ros_ws/build/montagem_description', 'LC_ALL': 'C.UTF-8', 'PYTHONPATH': '/home/host/ros_ws/build/montagem_description/prefix_override:/usr/lib/python3/dist-packages/colcon_core/task/python/colcon_distutils_commands:/home/host/ros_ws/install/montagem_description/lib/python3.10/site-packages:/home/host/ros_ws/install/montagem_description/lib/python3.10/site-packages:/home/host/ros_ws/install/Montagem_description/lib/python3.10/site-packages:/opt/ros/humble/lib/python3.10/site-packages:/opt/ros/humble/local/lib/python3.10/dist-packages', 'COLCON': '1', 'CMAKE_PREFIX_PATH': '/home/host/ros_ws/install/graspe_description'}, 'shell': False}
[0.481047] (graspeurdf_description) Command: {'cmd': ['/usr/bin/python3', '-W', 'ignore:setup.py install is deprecated', 'setup.py', 'egg_info', '--egg-base', '../../build/graspeurdf_description', 'build', '--build-base', '/home/host/ros_ws/build/graspeurdf_description/build', 'install', '--record', '/home/host/ros_ws/build/graspeurdf_description/install.log', '--install-scripts', '$base/lib/graspeurdf_description', '--single-version-externally-managed', 'install_data'], 'cwd': '/home/host/ros_ws/src/graspeurdf_description', 'env': {'HOSTNAME': 'jpbg', 'SHLVL': '1', 'LD_LIBRARY_PATH': '/usr/lib/x86_64-linux-gnu/gazebo-11/plugins:/opt/ros/humble/opt/rviz_ogre_vendor/lib:/opt/ros/humble/lib/x86_64-linux-gnu:/opt/ros/humble/lib', 'HOME': '/home/host', 'OLDPWD': '/home/host', 'ROS_PYTHON_VERSION': '3', 'COLCON_PREFIX_PATH': '/home/host/ros_ws/install', 'ROS_DISTRO': 'humble', '_': '/usr/bin/colcon', 'ROS_VERSION': '2', 'TERM': 'xterm', 'ROS_LOCALHOST_ONLY': '0', 'PATH': '/opt/ros/humble/bin:/usr/local/sbin:/usr/local/bin:/usr/sbin:/usr/bin:/sbin:/bin', 'DISPLAY': ':0', 'LANG': 'C.UTF-8', 'AMENT_PREFIX_PATH': '/home/host/ros_ws/install/montagem_description:/home/host/ros_ws/install/graspe_description:/home/host/ros_ws/install/Montagem_description:/opt/ros/humble', 'DEBIAN_FRONTEND': 'noninteractive', 'PWD': '/home/host/ros_ws/build/graspeurdf_description', 'LC_ALL': 'C.UTF-8', 'PYTHONPATH': '/home/host/ros_ws/build/graspeurdf_description/prefix_override:/usr/lib/python3/dist-packages/colcon_core/task/python/colcon_distutils_commands:/home/host/ros_ws/install/graspeurdf_description/lib/python3.10/site-packages:/home/host/ros_ws/install/montagem_description/lib/python3.10/site-packages:/home/host/ros_ws/install/Montagem_description/lib/python3.10/site-packages:/opt/ros/humble/lib/python3.10/site-packages:/opt/ros/humble/local/lib/python3.10/dist-packages', 'COLCON': '1', 'CMAKE_PREFIX_PATH': '/home/host/ros_ws/install/graspe_description'}, 'shell': False}
[0.500824] (-) TimerEvent: {}
[0.601162] (-) TimerEvent: {}
[0.601468] (montagem_description) StderrLine: {'line': b"/usr/lib/python3/dist-packages/setuptools/dist.py:723: UserWarning: Usage of dash-separated 'script-dir' will not be supported in future versions. Please use the underscore name 'script_dir' instead\n"}
[0.601620] (montagem_description) StderrLine: {'line': b'  warnings.warn(\n'}
[0.607053] (montagem_description) StdoutLine: {'line': b'running egg_info\n'}
[0.607473] (montagem_description) StdoutLine: {'line': b'writing ../../build/montagem_description/montagem_description.egg-info/PKG-INFO\n'}
[0.607809] (montagem_description) StdoutLine: {'line': b'writing dependency_links to ../../build/montagem_description/montagem_description.egg-info/dependency_links.txt\n'}
[0.607917] (montagem_description) StdoutLine: {'line': b'writing entry points to ../../build/montagem_description/montagem_description.egg-info/entry_points.txt\n'}
[0.607990] (montagem_description) StdoutLine: {'line': b'writing requirements to ../../build/montagem_description/montagem_description.egg-info/requires.txt\n'}
[0.608059] (montagem_description) StdoutLine: {'line': b'writing top-level names to ../../build/montagem_description/montagem_description.egg-info/top_level.txt\n'}
[0.608847] (montagem_description) StdoutLine: {'line': b"reading manifest file '../../build/montagem_description/montagem_description.egg-info/SOURCES.txt'\n"}
[0.609145] (graspeurdf_description) StderrLine: {'line': b"/usr/lib/python3/dist-packages/setuptools/dist.py:723: UserWarning: Usage of dash-separated 'script-dir' will not be supported in future versions. Please use the underscore name 'script_dir' instead\n"}
[0.609259] (graspeurdf_description) StderrLine: {'line': b'  warnings.warn(\n'}
[0.609459] (montagem_description) StdoutLine: {'line': b"writing manifest file '../../build/montagem_description/montagem_description.egg-info/SOURCES.txt'\n"}
[0.609683] (montagem_description) StdoutLine: {'line': b'running build\n'}
[0.609772] (montagem_description) StdoutLine: {'line': b'running build_py\n'}
[0.609842] (montagem_description) StdoutLine: {'line': b'running install\n'}
[0.609988] (montagem_description) StdoutLine: {'line': b'running install_lib\n'}
[0.610456] (montagem_description) StdoutLine: {'line': b'running install_data\n'}
[0.610726] (montagem_description) StdoutLine: {'line': b'running install_egg_info\n'}
[0.611730] (montagem_description) StdoutLine: {'line': b"removing '/home/host/ros_ws/install/montagem_description/lib/python3.10/site-packages/montagem_description-0.0.0-py3.10.egg-info' (and everything under it)\n"}
[0.611903] (montagem_description) StdoutLine: {'line': b'Copying ../../build/montagem_description/montagem_description.egg-info to /home/host/ros_ws/install/montagem_description/lib/python3.10/site-packages/montagem_description-0.0.0-py3.10.egg-info\n'}
[0.612311] (montagem_description) StdoutLine: {'line': b'running install_scripts\n'}
[0.614791] (graspeurdf_description) StdoutLine: {'line': b'running egg_info\n'}
[0.615288] (graspeurdf_description) StdoutLine: {'line': b'creating ../../build/graspeurdf_description/graspeurdf_description.egg-info\n'}
[0.615384] (graspeurdf_description) StdoutLine: {'line': b'writing ../../build/graspeurdf_description/graspeurdf_description.egg-info/PKG-INFO\n'}
[0.615538] (graspeurdf_description) StdoutLine: {'line': b'writing dependency_links to ../../build/graspeurdf_description/graspeurdf_description.egg-info/dependency_links.txt\n'}
[0.615698] (graspeurdf_description) StdoutLine: {'line': b'writing entry points to ../../build/graspeurdf_description/graspeurdf_description.egg-info/entry_points.txt\n'}
[0.615766] (graspeurdf_description) StdoutLine: {'line': b'writing requirements to ../../build/graspeurdf_description/graspeurdf_description.egg-info/requires.txt\n'}
[0.615827] (graspeurdf_description) StdoutLine: {'line': b'writing top-level names to ../../build/graspeurdf_description/graspeurdf_description.egg-info/top_level.txt\n'}
[0.615885] (graspeurdf_description) StdoutLine: {'line': b"writing manifest file '../../build/graspeurdf_description/graspeurdf_description.egg-info/SOURCES.txt'\n"}
[0.616593] (graspeurdf_description) StdoutLine: {'line': b"reading manifest file '../../build/graspeurdf_description/graspeurdf_description.egg-info/SOURCES.txt'\n"}
[0.617056] (graspeurdf_description) StdoutLine: {'line': b"writing manifest file '../../build/graspeurdf_description/graspeurdf_description.egg-info/SOURCES.txt'\n"}
[0.617163] (graspeurdf_description) StdoutLine: {'line': b'running build\n'}
[0.617596] (graspeurdf_description) StdoutLine: {'line': b'running build_py\n'}
[0.617763] (graspeurdf_description) StdoutLine: {'line': b'creating /home/host/ros_ws/build/graspeurdf_description/build\n'}
[0.617839] (graspeurdf_description) StdoutLine: {'line': b'creating /home/host/ros_ws/build/graspeurdf_description/build/lib\n'}
[0.617901] (graspeurdf_description) StdoutLine: {'line': b'creating /home/host/ros_ws/build/graspeurdf_description/build/lib/graspeurdf_description\n'}
[0.617961] (graspeurdf_description) StdoutLine: {'line': b'copying graspeurdf_description/__init__.py -> /home/host/ros_ws/build/graspeurdf_description/build/lib/graspeurdf_description\n'}
[0.618033] (graspeurdf_description) StdoutLine: {'line': b'running install\n'}
[0.618276] (graspeurdf_description) StdoutLine: {'line': b'running install_lib\n'}
[0.618414] (graspeurdf_description) StdoutLine: {'line': b'creating /home/host/ros_ws/install/graspeurdf_description/lib/python3.10/site-packages/graspeurdf_description\n'}
[0.618502] (graspeurdf_description) StdoutLine: {'line': b'copying /home/host/ros_ws/build/graspeurdf_description/build/lib/graspeurdf_description/__init__.py -> /home/host/ros_ws/install/graspeurdf_description/lib/python3.10/site-packages/graspeurdf_description\n'}
[0.618684] (graspeurdf_description) StdoutLine: {'line': b'byte-compiling /home/host/ros_ws/install/graspeurdf_description/lib/python3.10/site-packages/graspeurdf_description/__init__.py to __init__.cpython-310.pyc\n'}
[0.618851] (graspeurdf_description) StdoutLine: {'line': b'running install_data\n'}
[0.618943] (graspeurdf_description) StdoutLine: {'line': b'creating /home/host/ros_ws/install/graspeurdf_description/share/ament_index\n'}
[0.619067] (graspeurdf_description) StdoutLine: {'line': b'creating /home/host/ros_ws/install/graspeurdf_description/share/ament_index/resource_index\n'}
[0.619132] (graspeurdf_description) StdoutLine: {'line': b'creating /home/host/ros_ws/install/graspeurdf_description/share/ament_index/resource_index/packages\n'}
[0.619190] (graspeurdf_description) StdoutLine: {'line': b'copying resource/graspeurdf_description -> /home/host/ros_ws/install/graspeurdf_description/share/ament_index/resource_index/packages\n'}
[0.619248] (graspeurdf_description) StdoutLine: {'line': b'copying package.xml -> /home/host/ros_ws/install/graspeurdf_description/share/graspeurdf_description\n'}
[0.619305] (graspeurdf_description) StdoutLine: {'line': b'creating /home/host/ros_ws/install/graspeurdf_description/share/graspeurdf_description/launch\n'}
[0.619361] (graspeurdf_description) StdoutLine: {'line': b'copying launch/display.launch.py -> /home/host/ros_ws/install/graspeurdf_description/share/graspeurdf_description/launch\n'}
[0.619418] (graspeurdf_description) StdoutLine: {'line': b'copying launch/gazebo.launch.py -> /home/host/ros_ws/install/graspeurdf_description/share/graspeurdf_description/launch\n'}
[0.626029] (montagem_description) StdoutLine: {'line': b"writing list of installed files to '/home/host/ros_ws/build/montagem_description/install.log'\n"}
[0.633905] (graspeurdf_description) StdoutLine: {'line': b'creating /home/host/ros_ws/install/graspeurdf_description/share/graspeurdf_description/urdf\n'}
[0.634180] (graspeurdf_description) StdoutLine: {'line': b'copying urdf/graspeurdf.xacro -> /home/host/ros_ws/install/graspeurdf_description/share/graspeurdf_description/urdf\n'}
[0.634416] (graspeurdf_description) StdoutLine: {'line': b'copying urdf/graspeurdf.gazebo -> /home/host/ros_ws/install/graspeurdf_description/share/graspeurdf_description/urdf\n'}
[0.634502] (graspeurdf_description) StdoutLine: {'line': b'copying urdf/graspeurdf.trans -> /home/host/ros_ws/install/graspeurdf_description/share/graspeurdf_description/urdf\n'}
[0.634566] (graspeurdf_description) StdoutLine: {'line': b'copying urdf/materials.xacro -> /home/host/ros_ws/install/graspeurdf_description/share/graspeurdf_description/urdf\n'}
[0.634632] (graspeurdf_description) StdoutLine: {'line': b'creating /home/host/ros_ws/install/graspeurdf_description/share/graspeurdf_description/meshes\n'}
[0.634692] (graspeurdf_description) StdoutLine: {'line': b'copying meshes/rotacionalpequeno_1.stl -> /home/host/ros_ws/install/graspeurdf_description/share/graspeurdf_description/meshes\n'}
[0.634752] (graspeurdf_description) StdoutLine: {'line': b'copying meshes/base_link.stl -> /home/host/ros_ws/install/graspeurdf_description/share/graspeurdf_description/meshes\n'}
[0.634810] (graspeurdf_description) StdoutLine: {'line': b'copying meshes/rotacionalgrande_1.stl -> /home/host/ros_ws/install/graspeurdf_description/share/graspeurdf_description/meshes\n'}
[0.634868] (graspeurdf_description) StdoutLine: {'line': b'copying meshes/linkgrande_1.stl -> /home/host/ros_ws/install/graspeurdf_description/share/graspeurdf_description/meshes\n'}
[0.634928] (graspeurdf_description) StdoutLine: {'line': b'copying meshes/prismatica_1.stl -> /home/host/ros_ws/install/graspeurdf_description/share/graspeurdf_description/meshes\n'}
[0.635001] (graspeurdf_description) StdoutLine: {'line': b'copying meshes/linkpequeno_1.stl -> /home/host/ros_ws/install/graspeurdf_description/share/graspeurdf_description/meshes\n'}
[0.635068] (graspeurdf_description) StdoutLine: {'line': b'copying meshes/endfactor_1.stl -> /home/host/ros_ws/install/graspeurdf_description/share/graspeurdf_description/meshes\n'}
[0.635138] (graspeurdf_description) StdoutLine: {'line': b'creating /home/host/ros_ws/install/graspeurdf_description/share/graspeurdf_description/config\n'}
[0.635198] (graspeurdf_description) StdoutLine: {'line': b'copying config/display.rviz -> /home/host/ros_ws/install/graspeurdf_description/share/graspeurdf_description/config\n'}
[0.635257] (graspeurdf_description) StdoutLine: {'line': b'running install_egg_info\n'}
[0.635737] (graspeurdf_description) StdoutLine: {'line': b'Copying ../../build/graspeurdf_description/graspeurdf_description.egg-info to /home/host/ros_ws/install/graspeurdf_description/lib/python3.10/site-packages/graspeurdf_description-0.0.0-py3.10.egg-info\n'}
[0.636163] (graspeurdf_description) StdoutLine: {'line': b'running install_scripts\n'}
[0.641987] (montagem_description) CommandEnded: {'returncode': 0}
[0.648073] (montagem_description) JobEnded: {'identifier': 'montagem_description', 'rc': 0}
[0.649966] (graspeurdf_description) StdoutLine: {'line': b"writing list of installed files to '/home/host/ros_ws/build/graspeurdf_description/install.log'\n"}
[0.664383] (graspeurdf_description) CommandEnded: {'returncode': 0}
[0.667446] (graspeurdf_description) JobEnded: {'identifier': 'graspeurdf_description', 'rc': 0}
[0.667948] (-) EventReactorShutdown: {}
