[0.000000] (-) TimerEvent: {}
[0.000651] (graspe_description) JobQueued: {'identifier': 'graspe_description', 'dependencies': OrderedDict()}
[0.001677] (graspe_description) JobStarted: {'identifier': 'graspe_description'}
[0.059661] (graspe_description) JobProgress: {'identifier': 'graspe_description', 'progress': 'cmake'}
[0.089245] (graspe_description) Command: {'cmd': ['/usr/bin/cmake', '/home/host/ros_ws/src/graspe_description', '-DCMAKE_INSTALL_PREFIX=/home/host/ros_ws/install/graspe_description'], 'cwd': '/home/host/ros_ws/build/graspe_description', 'env': OrderedDict([('HOSTNAME', 'jpbg'), ('SHLVL', '1'), ('LD_LIBRARY_PATH', '/usr/lib/x86_64-linux-gnu/gazebo-11/plugins:/opt/ros/humble/opt/rviz_ogre_vendor/lib:/opt/ros/humble/lib/x86_64-linux-gnu:/opt/ros/humble/lib'), ('HOME', '/home/host'), ('OLDPWD', '/home/host'), ('ROS_PYTHON_VERSION', '3'), ('COLCON_PREFIX_PATH', '/home/host/ros_ws/install'), ('ROS_DISTRO', 'humble'), ('_', '/usr/bin/colcon'), ('ROS_VERSION', '2'), ('TERM', 'xterm'), ('ROS_LOCALHOST_ONLY', '0'), ('PATH', '/opt/ros/humble/bin:/usr/local/sbin:/usr/local/bin:/usr/sbin:/usr/bin:/sbin:/bin'), ('DISPLAY', ':0'), ('LANG', 'C.UTF-8'), ('AMENT_PREFIX_PATH', '/opt/ros/humble'), ('DEBIAN_FRONTEND', 'noninteractive'), ('PWD', '/home/host/ros_ws/build/graspe_description'), ('LC_ALL', 'C.UTF-8'), ('PYTHONPATH', '/opt/ros/humble/lib/python3.10/site-packages:/opt/ros/humble/local/lib/python3.10/dist-packages'), ('COLCON', '1'), ('CMAKE_PREFIX_PATH', '/opt/ros/humble')]), 'shell': False}
[0.117034] (-) TimerEvent: {}
[0.217590] (-) TimerEvent: {}
[0.318300] (-) TimerEvent: {}
[0.418941] (-) TimerEvent: {}
[0.519542] (-) TimerEvent: {}
[0.620081] (-) TimerEvent: {}
[0.720768] (-) TimerEvent: {}
[0.821487] (-) TimerEvent: {}
[0.882454] (graspe_description) StdoutLine: {'line': b'-- Found ament_cmake: 1.3.10 (/opt/ros/humble/share/ament_cmake/cmake)\n'}
[0.921752] (-) TimerEvent: {}
[1.022552] (-) TimerEvent: {}
[1.123025] (-) TimerEvent: {}
[1.223431] (-) TimerEvent: {}
[1.324056] (-) TimerEvent: {}
[1.424631] (-) TimerEvent: {}
[1.525150] (-) TimerEvent: {}
[1.587700] (graspe_description) StderrLine: {'line': b'\x1b[31mCMake Error at CMakeLists.txt:10 (find_package):\n'}
[1.588285] (graspe_description) StderrLine: {'line': b'  By not providing "Findroscpp.cmake" in CMAKE_MODULE_PATH this project has\n'}
[1.588477] (graspe_description) StderrLine: {'line': b'  asked CMake to find a package configuration file provided by "roscpp", but\n'}
[1.588638] (graspe_description) StderrLine: {'line': b'  CMake did not find one.\n'}
[1.588794] (graspe_description) StderrLine: {'line': b'\n'}
[1.588974] (graspe_description) StderrLine: {'line': b'  Could not find a package configuration file provided by "roscpp" with any\n'}
[1.589138] (graspe_description) StderrLine: {'line': b'  of the following names:\n'}
[1.589300] (graspe_description) StderrLine: {'line': b'\n'}
[1.589461] (graspe_description) StderrLine: {'line': b'    roscppConfig.cmake\n'}
[1.589621] (graspe_description) StderrLine: {'line': b'    roscpp-config.cmake\n'}
[1.589780] (graspe_description) StderrLine: {'line': b'\n'}
[1.589965] (graspe_description) StderrLine: {'line': b'  Add the installation prefix of "roscpp" to CMAKE_PREFIX_PATH or set\n'}
[1.590132] (graspe_description) StderrLine: {'line': b'  "roscpp_DIR" to a directory containing one of the above files.  If "roscpp"\n'}
[1.590302] (graspe_description) StderrLine: {'line': b'  provides a separate development package or SDK, be sure it has been\n'}
[1.590480] (graspe_description) StderrLine: {'line': b'  installed.\n'}
[1.590649] (graspe_description) StderrLine: {'line': b'\n'}
[1.590818] (graspe_description) StderrLine: {'line': b'\x1b[0m\n'}
[1.591029] (graspe_description) StdoutLine: {'line': b'-- Configuring incomplete, errors occurred!\n'}
[1.591232] (graspe_description) StdoutLine: {'line': b'See also "/home/host/ros_ws/build/graspe_description/CMakeFiles/CMakeOutput.log".\n'}
[1.625508] (-) TimerEvent: {}
[1.715251] (graspe_description) CommandEnded: {'returncode': 1}
[1.725740] (-) TimerEvent: {}
[1.790470] (graspe_description) JobEnded: {'identifier': 'graspe_description', 'rc': 1}
[1.792554] (-) EventReactorShutdown: {}
