[0.021s] Invoking command in '/home/host/ros_ws/build/graspe_description': CMAKE_PREFIX_PATH=${CMAKE_PREFIX_PATH}:/opt/ros/humble /usr/bin/cmake --build /home/host/ros_ws/build/graspe_description -- -j12 -l12
[0.086s] Invoked command in '/home/host/ros_ws/build/graspe_description' returned '0': CMAKE_PREFIX_PATH=${CMAKE_PREFIX_PATH}:/opt/ros/humble /usr/bin/cmake --build /home/host/ros_ws/build/graspe_description -- -j12 -l12
[0.132s] Invoking command in '/home/host/ros_ws/build/graspe_description': CMAKE_PREFIX_PATH=${CMAKE_PREFIX_PATH}:/opt/ros/humble /usr/bin/cmake --install /home/host/ros_ws/build/graspe_description
[0.144s] -- Install configuration: ""
[0.144s] -- Up-to-date: /home/host/ros_ws/install/graspe_description/share/graspe_description/launch
[0.144s] -- Installing: /home/host/ros_ws/install/graspe_description/share/graspe_description/launch/robot_launch.py
[0.145s] -- Up-to-date: /home/host/ros_ws/install/graspe_description/share/graspe_description/urdf
[0.145s] -- Up-to-date: /home/host/ros_ws/install/graspe_description/share/graspe_description/urdf/robot.urdf
[0.145s] -- Up-to-date: /home/host/ros_ws/install/graspe_description/share/graspe_description/rviz
[0.145s] -- Up-to-date: /home/host/ros_ws/install/graspe_description/share/ament_index/resource_index/package_run_dependencies/graspe_description
[0.145s] -- Up-to-date: /home/host/ros_ws/install/graspe_description/share/ament_index/resource_index/parent_prefix_path/graspe_description
[0.145s] -- Up-to-date: /home/host/ros_ws/install/graspe_description/share/graspe_description/environment/ament_prefix_path.sh
[0.146s] -- Up-to-date: /home/host/ros_ws/install/graspe_description/share/graspe_description/environment/ament_prefix_path.dsv
[0.146s] -- Up-to-date: /home/host/ros_ws/install/graspe_description/share/graspe_description/environment/path.sh
[0.146s] -- Up-to-date: /home/host/ros_ws/install/graspe_description/share/graspe_description/environment/path.dsv
[0.147s] -- Up-to-date: /home/host/ros_ws/install/graspe_description/share/graspe_description/local_setup.bash
[0.148s] -- Up-to-date: /home/host/ros_ws/install/graspe_description/share/graspe_description/local_setup.sh
[0.149s] -- Up-to-date: /home/host/ros_ws/install/graspe_description/share/graspe_description/local_setup.zsh
[0.150s] -- Up-to-date: /home/host/ros_ws/install/graspe_description/share/graspe_description/local_setup.dsv
[0.151s] -- Up-to-date: /home/host/ros_ws/install/graspe_description/share/graspe_description/package.dsv
[0.152s] -- Up-to-date: /home/host/ros_ws/install/graspe_description/share/ament_index/resource_index/packages/graspe_description
[0.153s] -- Up-to-date: /home/host/ros_ws/install/graspe_description/share/graspe_description/cmake/graspe_descriptionConfig.cmake
[0.153s] -- Up-to-date: /home/host/ros_ws/install/graspe_description/share/graspe_description/cmake/graspe_descriptionConfig-version.cmake
[0.154s] -- Up-to-date: /home/host/ros_ws/install/graspe_description/share/graspe_description/package.xml
[0.155s] Invoked command in '/home/host/ros_ws/build/graspe_description' returned '0': CMAKE_PREFIX_PATH=${CMAKE_PREFIX_PATH}:/opt/ros/humble /usr/bin/cmake --install /home/host/ros_ws/build/graspe_description
