[0.013s] Invoking command in '/home/host/ros_ws/build/graspe_description': CMAKE_PREFIX_PATH=${CMAKE_PREFIX_PATH}:/opt/ros/humble /usr/bin/cmake --build /home/host/ros_ws/build/graspe_description -- -j12 -l12
[0.052s] -- Found ament_cmake: 1.3.10 (/opt/ros/humble/share/ament_cmake/cmake)
[0.230s] -- Found rclcpp: 16.0.10 (/opt/ros/humble/share/rclcpp/cmake)
[0.264s] -- Found rosidl_generator_c: 3.1.5 (/opt/ros/humble/share/rosidl_generator_c/cmake)
[0.267s] -- Found rosidl_adapter: 3.1.5 (/opt/ros/humble/share/rosidl_adapter/cmake)
[0.275s] -- Found rosidl_generator_cpp: 3.1.5 (/opt/ros/humble/share/rosidl_generator_cpp/cmake)
[0.290s] -- Using all available rosidl_typesupport_c: rosidl_typesupport_fastrtps_c;rosidl_typesupport_introspection_c
[0.307s] -- Using all available rosidl_typesupport_cpp: rosidl_typesupport_fastrtps_cpp;rosidl_typesupport_introspection_cpp
[0.352s] -- Found rmw_implementation_cmake: 6.1.2 (/opt/ros/humble/share/rmw_implementation_cmake/cmake)
[0.354s] -- Found rmw_fastrtps_cpp: 6.2.7 (/opt/ros/humble/share/rmw_fastrtps_cpp/cmake)
[0.648s] -- Using RMW implementation 'rmw_fastrtps_cpp' as default
[0.711s] -- Found rclpy: 3.3.14 (/opt/ros/humble/share/rclpy/cmake)
[0.712s] -- Found urdf: 2.6.0 (/opt/ros/humble/share/urdf/cmake)
[0.743s] -- Found xacro: 2.0.8 (/opt/ros/humble/share/xacro/cmake)
[0.743s] -- Found robot_state_publisher: 3.0.3 (/opt/ros/humble/share/robot_state_publisher/cmake)
[0.762s] -- Found eigen3_cmake_module: 0.1.1 (/opt/ros/humble/share/eigen3_cmake_module/cmake)
[0.763s] -- Ensuring Eigen3 include directory is part of orocos-kdl CMake target
[0.885s] -- Found rviz2: 11.2.13 (/opt/ros/humble/share/rviz2/cmake)
[0.886s] -- Found gazebo_ros_pkgs: 3.7.0 (/opt/ros/humble/share/gazebo_ros_pkgs/cmake)
[0.886s] -- Found ament_lint_auto: 0.12.11 (/opt/ros/humble/share/ament_lint_auto/cmake)
[0.973s] -- Added test 'flake8' to check Python code syntax and style conventions
[0.973s] -- Added test 'lint_cmake' to check CMake code style
[0.974s] -- Added test 'pep257' to check Python code against some of the docstring style conventions in PEP 257
[0.975s] -- Added test 'xmllint' to check XML markup files
[0.976s] -- Configuring done
[0.982s] -- Generating done
[0.984s] -- Build files have been written to: /home/host/ros_ws/build/graspe_description
[1.018s] Invoked command in '/home/host/ros_ws/build/graspe_description' returned '0': CMAKE_PREFIX_PATH=${CMAKE_PREFIX_PATH}:/opt/ros/humble /usr/bin/cmake --build /home/host/ros_ws/build/graspe_description -- -j12 -l12
[1.066s] Invoking command in '/home/host/ros_ws/build/graspe_description': CMAKE_PREFIX_PATH=${CMAKE_PREFIX_PATH}:/opt/ros/humble /usr/bin/cmake --install /home/host/ros_ws/build/graspe_description
[1.076s] -- Install configuration: ""
[1.076s] -- Installing: /home/host/ros_ws/install/graspe_description/share/graspe_description/launch
[1.077s] -- Installing: /home/host/ros_ws/install/graspe_description/share/graspe_description/launch/robot_launch.py
[1.077s] -- Installing: /home/host/ros_ws/install/graspe_description/share/graspe_description/urdf
[1.077s] -- Installing: /home/host/ros_ws/install/graspe_description/share/graspe_description/urdf/robot.urdf
[1.077s] -- Installing: /home/host/ros_ws/install/graspe_description/share/graspe_description/rviz
[1.077s] -- Up-to-date: /home/host/ros_ws/install/graspe_description/share/ament_index/resource_index/package_run_dependencies/graspe_description
[1.078s] -- Installing: /home/host/ros_ws/install/graspe_description/share/ament_index/resource_index/parent_prefix_path/graspe_description
[1.078s] -- Up-to-date: /home/host/ros_ws/install/graspe_description/share/graspe_description/environment/ament_prefix_path.sh
[1.078s] -- Installing: /home/host/ros_ws/install/graspe_description/share/graspe_description/environment/ament_prefix_path.dsv
[1.078s] -- Up-to-date: /home/host/ros_ws/install/graspe_description/share/graspe_description/environment/path.sh
[1.078s] -- Installing: /home/host/ros_ws/install/graspe_description/share/graspe_description/environment/path.dsv
[1.078s] -- Up-to-date: /home/host/ros_ws/install/graspe_description/share/graspe_description/local_setup.bash
[1.079s] -- Up-to-date: /home/host/ros_ws/install/graspe_description/share/graspe_description/local_setup.sh
[1.079s] -- Up-to-date: /home/host/ros_ws/install/graspe_description/share/graspe_description/local_setup.zsh
[1.079s] -- Installing: /home/host/ros_ws/install/graspe_description/share/graspe_description/local_setup.dsv
[1.079s] -- Installing: /home/host/ros_ws/install/graspe_description/share/graspe_description/package.dsv
[1.080s] -- Up-to-date: /home/host/ros_ws/install/graspe_description/share/ament_index/resource_index/packages/graspe_description
[1.080s] -- Up-to-date: /home/host/ros_ws/install/graspe_description/share/graspe_description/cmake/graspe_descriptionConfig.cmake
[1.080s] -- Up-to-date: /home/host/ros_ws/install/graspe_description/share/graspe_description/cmake/graspe_descriptionConfig-version.cmake
[1.081s] -- Up-to-date: /home/host/ros_ws/install/graspe_description/share/graspe_description/package.xml
[1.082s] Invoked command in '/home/host/ros_ws/build/graspe_description' returned '0': CMAKE_PREFIX_PATH=${CMAKE_PREFIX_PATH}:/opt/ros/humble /usr/bin/cmake --install /home/host/ros_ws/build/graspe_description
