[9.082s] DEBUG:colcon:Command line arguments: ['/usr/bin/colcon', 'build']
[9.082s] DEBUG:colcon:Parsed command line arguments: Namespace(log_base=None, log_level=None, verb_name='build', build_base='build', install_base='install', merge_install=False, symlink_install=False, test_result_base=None, continue_on_error=False, executor='parallel', parallel_workers=12, event_handlers=None, ignore_user_meta=False, metas=['./colcon.meta'], base_paths=['.'], packages_ignore=None, packages_ignore_regex=None, paths=None, packages_up_to=None, packages_up_to_regex=None, packages_above=None, packages_above_and_dependencies=None, packages_above_depth=None, packages_select_by_dep=None, packages_skip_by_dep=None, packages_skip_up_to=None, packages_select_build_failed=False, packages_skip_build_finished=False, packages_select_test_failures=False, packages_skip_test_passed=False, packages_select=None, packages_skip=None, packages_select_regex=None, packages_skip_regex=None, packages_start=None, packages_end=None, cmake_args=None, cmake_target=None, cmake_target_skip_unavailable=False, cmake_clean_cache=False, cmake_clean_first=False, cmake_force_configure=False, ament_cmake_args=None, catkin_cmake_args=None, catkin_skip_building_tests=False, mixin_files=None, mixin=None, verb_parser=<colcon_mixin.mixin.mixin_argument.MixinArgumentDecorator object at 0x7a20d64bbb20>, verb_extension=<colcon_core.verb.build.BuildVerb object at 0x7a20d64bb0a0>, main=<bound method BuildVerb.main of <colcon_core.verb.build.BuildVerb object at 0x7a20d64bb0a0>>, mixin_verb=('build',))
[15.122s] Level 1:colcon.colcon_core.package_discovery:discover_packages(colcon_meta) check parameters
[15.122s] Level 1:colcon.colcon_core.package_discovery:discover_packages(recursive) check parameters
[15.123s] Level 1:colcon.colcon_core.package_discovery:discover_packages(ignore) check parameters
[15.123s] Level 1:colcon.colcon_core.package_discovery:discover_packages(path) check parameters
[15.123s] Level 1:colcon.colcon_core.package_discovery:discover_packages(colcon_meta) discover
[15.123s] Level 1:colcon.colcon_core.package_discovery:discover_packages(recursive) discover
[15.123s] INFO:colcon.colcon_core.package_discovery:Crawling recursively for packages in '/home/host/ros_ws'
[15.124s] Level 1:colcon.colcon_core.package_identification:_identify(.) by extensions ['ignore', 'ignore_ament_install']
[15.124s] Level 1:colcon.colcon_core.package_identification:_identify(.) by extension 'ignore'
[15.124s] Level 1:colcon.colcon_core.package_identification:_identify(.) by extension 'ignore_ament_install'
[15.124s] Level 1:colcon.colcon_core.package_identification:_identify(.) by extensions ['colcon_pkg']
[15.124s] Level 1:colcon.colcon_core.package_identification:_identify(.) by extension 'colcon_pkg'
[15.124s] Level 1:colcon.colcon_core.package_identification:_identify(.) by extensions ['colcon_meta']
[15.124s] Level 1:colcon.colcon_core.package_identification:_identify(.) by extension 'colcon_meta'
[15.124s] Level 1:colcon.colcon_core.package_identification:_identify(.) by extensions ['ros']
[15.125s] Level 1:colcon.colcon_core.package_identification:_identify(.) by extension 'ros'
[15.424s] Level 1:colcon.colcon_core.package_identification:_identify(.) by extensions ['cmake', 'python']
[15.424s] Level 1:colcon.colcon_core.package_identification:_identify(.) by extension 'cmake'
[15.424s] Level 1:colcon.colcon_core.package_identification:_identify(.) by extension 'python'
[15.424s] Level 1:colcon.colcon_core.package_identification:_identify(.) by extensions ['python_setup_py']
[15.424s] Level 1:colcon.colcon_core.package_identification:_identify(.) by extension 'python_setup_py'
[15.424s] Level 1:colcon.colcon_core.package_identification:_identify(build) by extensions ['ignore', 'ignore_ament_install']
[15.424s] Level 1:colcon.colcon_core.package_identification:_identify(build) by extension 'ignore'
[15.424s] Level 1:colcon.colcon_core.package_identification:_identify(build) ignored
[15.425s] Level 1:colcon.colcon_core.package_identification:_identify(install) by extensions ['ignore', 'ignore_ament_install']
[15.425s] Level 1:colcon.colcon_core.package_identification:_identify(install) by extension 'ignore'
[15.425s] Level 1:colcon.colcon_core.package_identification:_identify(install) ignored
[15.425s] Level 1:colcon.colcon_core.package_identification:_identify(log) by extensions ['ignore', 'ignore_ament_install']
[15.425s] Level 1:colcon.colcon_core.package_identification:_identify(log) by extension 'ignore'
[15.425s] Level 1:colcon.colcon_core.package_identification:_identify(log) ignored
[15.425s] Level 1:colcon.colcon_core.package_identification:_identify(src) by extensions ['ignore', 'ignore_ament_install']
[15.425s] Level 1:colcon.colcon_core.package_identification:_identify(src) by extension 'ignore'
[15.425s] Level 1:colcon.colcon_core.package_identification:_identify(src) by extension 'ignore_ament_install'
[15.425s] Level 1:colcon.colcon_core.package_identification:_identify(src) by extensions ['colcon_pkg']
[15.425s] Level 1:colcon.colcon_core.package_identification:_identify(src) by extension 'colcon_pkg'
[15.425s] Level 1:colcon.colcon_core.package_identification:_identify(src) by extensions ['colcon_meta']
[15.425s] Level 1:colcon.colcon_core.package_identification:_identify(src) by extension 'colcon_meta'
[15.425s] Level 1:colcon.colcon_core.package_identification:_identify(src) by extensions ['ros']
[15.426s] Level 1:colcon.colcon_core.package_identification:_identify(src) by extension 'ros'
[15.426s] Level 1:colcon.colcon_core.package_identification:_identify(src) by extensions ['cmake', 'python']
[15.426s] Level 1:colcon.colcon_core.package_identification:_identify(src) by extension 'cmake'
[15.426s] Level 1:colcon.colcon_core.package_identification:_identify(src) by extension 'python'
[15.426s] Level 1:colcon.colcon_core.package_identification:_identify(src) by extensions ['python_setup_py']
[15.426s] Level 1:colcon.colcon_core.package_identification:_identify(src) by extension 'python_setup_py'
[15.426s] Level 1:colcon.colcon_core.package_discovery:discover_packages(recursive) using defaults
[15.426s] Level 1:colcon.colcon_core.package_discovery:discover_packages(ignore) discover
[15.426s] Level 1:colcon.colcon_core.package_discovery:discover_packages(ignore) using defaults
[15.426s] Level 1:colcon.colcon_core.package_discovery:discover_packages(path) discover
[15.426s] Level 1:colcon.colcon_core.package_discovery:discover_packages(path) using defaults
[15.882s] INFO:colcon.colcon_core.executor:Executing jobs using 'parallel' executor
[15.883s] DEBUG:colcon.colcon_parallel_executor.executor.parallel:run_until_complete
[15.884s] DEBUG:colcon.colcon_parallel_executor.executor.parallel:closing loop
[15.884s] DEBUG:colcon.colcon_parallel_executor.executor.parallel:loop closed
[15.884s] DEBUG:colcon.colcon_parallel_executor.executor.parallel:run_until_complete finished with '0'
[15.884s] DEBUG:colcon.colcon_core.event_reactor:joining thread
[16.360s] INFO:colcon.colcon_core.plugin_system:Skipping extension 'colcon_notification.desktop_notification.notify_send': Could not find 'notify-send'
[16.361s] INFO:colcon.colcon_core.plugin_system:Skipping extension 'colcon_notification.desktop_notification.terminal_notifier': Not used on non-Darwin systems
[16.361s] INFO:colcon.colcon_core.plugin_system:Skipping extension 'colcon_notification.desktop_notification.win32': Not used on non-Windows systems
[16.361s] INFO:colcon.colcon_notification.desktop_notification:Sending desktop notification using 'notify2'
[17.031s] DEBUG:colcon.colcon_notification.desktop_notification.notify2:Failed to initialize notify2: org.freedesktop.DBus.Error.Spawn.ExecFailed: /usr/bin/dbus-launch terminated abnormally without any error message
[17.032s] DEBUG:colcon.colcon_core.event_reactor:joined thread
[17.184s] INFO:colcon.colcon_core.plugin_system:Skipping extension 'colcon_core.shell.bat': Not used on non-Windows systems
[17.184s] INFO:colcon.colcon_core.shell:Creating prefix script '/home/host/ros_ws/install/local_setup.ps1'
[17.216s] INFO:colcon.colcon_core.shell:Creating prefix util module '/home/host/ros_ws/install/_local_setup_util_ps1.py'
[17.227s] INFO:colcon.colcon_core.shell:Creating prefix chain script '/home/host/ros_ws/install/setup.ps1'
[18.265s] INFO:colcon.colcon_core.shell:Creating prefix script '/home/host/ros_ws/install/local_setup.sh'
[18.334s] INFO:colcon.colcon_core.shell:Creating prefix util module '/home/host/ros_ws/install/_local_setup_util_sh.py'
[18.335s] INFO:colcon.colcon_core.shell:Creating prefix chain script '/home/host/ros_ws/install/setup.sh'
[18.469s] INFO:colcon.colcon_core.shell:Creating prefix script '/home/host/ros_ws/install/local_setup.bash'
[18.767s] INFO:colcon.colcon_core.shell:Creating prefix chain script '/home/host/ros_ws/install/setup.bash'
[18.947s] INFO:colcon.colcon_core.shell:Creating prefix script '/home/host/ros_ws/install/local_setup.zsh'
[19.024s] INFO:colcon.colcon_core.shell:Creating prefix chain script '/home/host/ros_ws/install/setup.zsh'
