[0.016s] Invoking command in '/home/host/ros_ws/build/graspe_description': CMAKE_PREFIX_PATH=/opt/ros/humble /usr/bin/cmake --build /home/host/ros_ws/build/graspe_description -- -j12 -l12
[0.073s] Invoked command in '/home/host/ros_ws/build/graspe_description' returned '0': CMAKE_PREFIX_PATH=/opt/ros/humble /usr/bin/cmake --build /home/host/ros_ws/build/graspe_description -- -j12 -l12
[0.118s] Invoking command in '/home/host/ros_ws/build/graspe_description': CMAKE_PREFIX_PATH=/opt/ros/humble /usr/bin/cmake --install /home/host/ros_ws/build/graspe_description
[0.130s] -- Install configuration: ""
[0.130s] -- Up-to-date: /home/host/ros_ws/install/graspe_description/share/ament_index/resource_index/package_run_dependencies/graspe_description
[0.131s] -- Up-to-date: /home/host/ros_ws/install/graspe_description/share/ament_index/resource_index/parent_prefix_path/graspe_description
[0.131s] -- Up-to-date: /home/host/ros_ws/install/graspe_description/share/graspe_description/environment/ament_prefix_path.sh
[0.131s] -- Up-to-date: /home/host/ros_ws/install/graspe_description/share/graspe_description/environment/ament_prefix_path.dsv
[0.131s] -- Up-to-date: /home/host/ros_ws/install/graspe_description/share/graspe_description/environment/path.sh
[0.131s] -- Up-to-date: /home/host/ros_ws/install/graspe_description/share/graspe_description/environment/path.dsv
[0.132s] -- Up-to-date: /home/host/ros_ws/install/graspe_description/share/graspe_description/local_setup.bash
[0.132s] -- Up-to-date: /home/host/ros_ws/install/graspe_description/share/graspe_description/local_setup.sh
[0.132s] -- Up-to-date: /home/host/ros_ws/install/graspe_description/share/graspe_description/local_setup.zsh
[0.132s] -- Up-to-date: /home/host/ros_ws/install/graspe_description/share/graspe_description/local_setup.dsv
[0.133s] -- Up-to-date: /home/host/ros_ws/install/graspe_description/share/graspe_description/package.dsv
[0.134s] -- Up-to-date: /home/host/ros_ws/install/graspe_description/share/ament_index/resource_index/packages/graspe_description
[0.134s] -- Up-to-date: /home/host/ros_ws/install/graspe_description/share/graspe_description/cmake/graspe_descriptionConfig.cmake
[0.135s] -- Up-to-date: /home/host/ros_ws/install/graspe_description/share/graspe_description/cmake/graspe_descriptionConfig-version.cmake
[0.135s] -- Up-to-date: /home/host/ros_ws/install/graspe_description/share/graspe_description/package.xml
[0.136s] Invoked command in '/home/host/ros_ws/build/graspe_description' returned '0': CMAKE_PREFIX_PATH=/opt/ros/humble /usr/bin/cmake --install /home/host/ros_ws/build/graspe_description
