[0.303s] Invoking command in '/home/host/ros_ws/build/graspe_description': CMAKE_PREFIX_PATH=${CMAKE_PREFIX_PATH}:/opt/ros/humble /usr/bin/cmake --build /home/host/ros_ws/build/graspe_description -- -j12 -l12
[3.339s] Invoked command in '/home/host/ros_ws/build/graspe_description' returned '0': CMAKE_PREFIX_PATH=${CMAKE_PREFIX_PATH}:/opt/ros/humble /usr/bin/cmake --build /home/host/ros_ws/build/graspe_description -- -j12 -l12
[3.362s] Invoking command in '/home/host/ros_ws/build/graspe_description': CMAKE_PREFIX_PATH=${CMAKE_PREFIX_PATH}:/opt/ros/humble /usr/bin/cmake --install /home/host/ros_ws/build/graspe_description
[3.368s] -- Install configuration: ""
[3.368s] -- Up-to-date: /home/host/ros_ws/install/graspe_description/share/graspe_description/launch
[3.368s] -- Up-to-date: /home/host/ros_ws/install/graspe_description/share/graspe_description/launch/robot_display.launch.py
[3.368s] -- Up-to-date: /home/host/ros_ws/install/graspe_description/share/graspe_description/urdf
[3.368s] -- Installing: /home/host/ros_ws/install/graspe_description/share/graspe_description/urdf/robot.urdf
[3.368s] -- Up-to-date: /home/host/ros_ws/install/graspe_description/share/graspe_description/rviz
[3.368s] -- Up-to-date: /home/host/ros_ws/install/graspe_description/share/graspe_description/rviz/display_config.rviz
[3.368s] -- Up-to-date: /home/host/ros_ws/install/graspe_description/share/ament_index/resource_index/package_run_dependencies/graspe_description
[3.368s] -- Up-to-date: /home/host/ros_ws/install/graspe_description/share/ament_index/resource_index/parent_prefix_path/graspe_description
[3.368s] -- Up-to-date: /home/host/ros_ws/install/graspe_description/share/graspe_description/environment/ament_prefix_path.sh
[3.368s] -- Up-to-date: /home/host/ros_ws/install/graspe_description/share/graspe_description/environment/ament_prefix_path.dsv
[3.368s] -- Up-to-date: /home/host/ros_ws/install/graspe_description/share/graspe_description/environment/path.sh
[3.369s] -- Up-to-date: /home/host/ros_ws/install/graspe_description/share/graspe_description/environment/path.dsv
[3.369s] -- Up-to-date: /home/host/ros_ws/install/graspe_description/share/graspe_description/local_setup.bash
[3.369s] -- Up-to-date: /home/host/ros_ws/install/graspe_description/share/graspe_description/local_setup.sh
[3.369s] -- Up-to-date: /home/host/ros_ws/install/graspe_description/share/graspe_description/local_setup.zsh
[3.369s] -- Up-to-date: /home/host/ros_ws/install/graspe_description/share/graspe_description/local_setup.dsv
[3.369s] -- Installing: /home/host/ros_ws/install/graspe_description/share/graspe_description/package.dsv
[3.381s] -- Up-to-date: /home/host/ros_ws/install/graspe_description/share/ament_index/resource_index/packages/graspe_description
[3.381s] -- Up-to-date: /home/host/ros_ws/install/graspe_description/share/graspe_description/cmake/graspe_descriptionConfig.cmake
[3.381s] -- Up-to-date: /home/host/ros_ws/install/graspe_description/share/graspe_description/cmake/graspe_descriptionConfig-version.cmake
[3.381s] -- Up-to-date: /home/host/ros_ws/install/graspe_description/share/graspe_description/package.xml
[3.382s] Invoked command in '/home/host/ros_ws/build/graspe_description' returned '0': CMAKE_PREFIX_PATH=${CMAKE_PREFIX_PATH}:/opt/ros/humble /usr/bin/cmake --install /home/host/ros_ws/build/graspe_description
