[0.000000] (-) TimerEvent: {}
[0.000237] (Montagem_description) JobQueued: {'identifier': 'Montagem_description', 'dependencies': OrderedDict()}
[0.000260] (graspe_description) JobQueued: {'identifier': 'graspe_description', 'dependencies': OrderedDict()}
[0.000740] (Montagem_description) JobStarted: {'identifier': 'Montagem_description'}
[0.010784] (graspe_description) JobStarted: {'identifier': 'graspe_description'}
[0.099989] (-) TimerEvent: {}
[0.200313] (-) TimerEvent: {}
[0.241471] (graspe_description) JobProgress: {'identifier': 'graspe_description', 'progress': 'cmake'}
[0.300627] (-) TimerEvent: {}
[0.306687] (graspe_description) JobProgress: {'identifier': 'graspe_description', 'progress': 'build'}
[0.306747] (graspe_description) Command: {'cmd': ['/usr/bin/cmake', '--build', '/home/host/ros_ws/build/graspe_description', '--', '-j12', '-l12'], 'cwd': '/home/host/ros_ws/build/graspe_description', 'env': OrderedDict([('HOSTNAME', 'jpbg'), ('SHLVL', '1'), ('LD_LIBRARY_PATH', '/usr/lib/x86_64-linux-gnu/gazebo-11/plugins:/opt/ros/humble/opt/rviz_ogre_vendor/lib:/opt/ros/humble/lib/x86_64-linux-gnu:/opt/ros/humble/lib'), ('HOME', '/home/host'), ('OLDPWD', '/home/host'), ('ROS_PYTHON_VERSION', '3'), ('COLCON_PREFIX_PATH', '/home/host/ros_ws/install'), ('ROS_DISTRO', 'humble'), ('_', '/usr/bin/colcon'), ('ROS_VERSION', '2'), ('TERM', 'xterm'), ('ROS_LOCALHOST_ONLY', '0'), ('PATH', '/opt/ros/humble/bin:/usr/local/sbin:/usr/local/bin:/usr/sbin:/usr/bin:/sbin:/bin'), ('DISPLAY', ':0'), ('LANG', 'C.UTF-8'), ('AMENT_PREFIX_PATH', '/home/host/ros_ws/install/graspe_description:/opt/ros/humble'), ('DEBIAN_FRONTEND', 'noninteractive'), ('PWD', '/home/host/ros_ws/build/graspe_description'), ('LC_ALL', 'C.UTF-8'), ('PYTHONPATH', '/opt/ros/humble/lib/python3.10/site-packages:/opt/ros/humble/local/lib/python3.10/dist-packages'), ('COLCON', '1'), ('CMAKE_PREFIX_PATH', '/home/host/ros_ws/install/graspe_description:/opt/ros/humble')]), 'shell': False}
[0.400809] (-) TimerEvent: {}
[0.501124] (-) TimerEvent: {}
[0.601449] (-) TimerEvent: {}
[0.701816] (-) TimerEvent: {}
[0.802228] (-) TimerEvent: {}
[0.902651] (-) TimerEvent: {}
[1.003035] (-) TimerEvent: {}
[1.103435] (-) TimerEvent: {}
[1.203867] (-) TimerEvent: {}
[1.224257] (Montagem_description) Command: {'cmd': ['/usr/bin/python3', '-W', 'ignore:setup.py install is deprecated', 'setup.py', 'egg_info', '--egg-base', '../../build/Montagem_description', 'build', '--build-base', '/home/host/ros_ws/build/Montagem_description/build', 'install', '--record', '/home/host/ros_ws/build/Montagem_description/install.log', '--install-scripts', '$base/lib/Montagem_description', '--single-version-externally-managed', 'install_data'], 'cwd': '/home/host/ros_ws/src/Montagem_description', 'env': {'HOSTNAME': 'jpbg', 'SHLVL': '1', 'LD_LIBRARY_PATH': '/usr/lib/x86_64-linux-gnu/gazebo-11/plugins:/opt/ros/humble/opt/rviz_ogre_vendor/lib:/opt/ros/humble/lib/x86_64-linux-gnu:/opt/ros/humble/lib', 'HOME': '/home/host', 'OLDPWD': '/home/host', 'ROS_PYTHON_VERSION': '3', 'COLCON_PREFIX_PATH': '/home/host/ros_ws/install', 'ROS_DISTRO': 'humble', '_': '/usr/bin/colcon', 'ROS_VERSION': '2', 'TERM': 'xterm', 'ROS_LOCALHOST_ONLY': '0', 'PATH': '/opt/ros/humble/bin:/usr/local/sbin:/usr/local/bin:/usr/sbin:/usr/bin:/sbin:/bin', 'DISPLAY': ':0', 'LANG': 'C.UTF-8', 'AMENT_PREFIX_PATH': '/home/host/ros_ws/install/graspe_description:/opt/ros/humble', 'DEBIAN_FRONTEND': 'noninteractive', 'PWD': '/home/host/ros_ws/build/Montagem_description', 'LC_ALL': 'C.UTF-8', 'PYTHONPATH': '/home/host/ros_ws/build/Montagem_description/prefix_override:/usr/lib/python3/dist-packages/colcon_core/task/python/colcon_distutils_commands:/home/host/ros_ws/install/Montagem_description/lib/python3.10/site-packages:/opt/ros/humble/lib/python3.10/site-packages:/opt/ros/humble/local/lib/python3.10/dist-packages', 'COLCON': '1', 'CMAKE_PREFIX_PATH': '/home/host/ros_ws/install/graspe_description'}, 'shell': False}
[1.304052] (-) TimerEvent: {}
[1.331560] (Montagem_description) StderrLine: {'line': b"/usr/lib/python3/dist-packages/setuptools/dist.py:723: UserWarning: Usage of dash-separated 'script-dir' will not be supported in future versions. Please use the underscore name 'script_dir' instead\n"}
[1.331706] (Montagem_description) StderrLine: {'line': b'  warnings.warn(\n'}
[1.336710] (Montagem_description) StdoutLine: {'line': b'running egg_info\n'}
[1.337089] (Montagem_description) StdoutLine: {'line': b'creating ../../build/Montagem_description/Montagem_description.egg-info\n'}
[1.337160] (Montagem_description) StdoutLine: {'line': b'writing ../../build/Montagem_description/Montagem_description.egg-info/PKG-INFO\n'}
[1.337209] (Montagem_description) StdoutLine: {'line': b'writing dependency_links to ../../build/Montagem_description/Montagem_description.egg-info/dependency_links.txt\n'}
[1.337349] (Montagem_description) StdoutLine: {'line': b'writing entry points to ../../build/Montagem_description/Montagem_description.egg-info/entry_points.txt\n'}
[1.337411] (Montagem_description) StdoutLine: {'line': b'writing requirements to ../../build/Montagem_description/Montagem_description.egg-info/requires.txt\n'}
[1.337445] (Montagem_description) StdoutLine: {'line': b'writing top-level names to ../../build/Montagem_description/Montagem_description.egg-info/top_level.txt\n'}
[1.337473] (Montagem_description) StdoutLine: {'line': b"writing manifest file '../../build/Montagem_description/Montagem_description.egg-info/SOURCES.txt'\n"}
[1.338521] (Montagem_description) StdoutLine: {'line': b"reading manifest file '../../build/Montagem_description/Montagem_description.egg-info/SOURCES.txt'\n"}
[1.339091] (Montagem_description) StdoutLine: {'line': b"writing manifest file '../../build/Montagem_description/Montagem_description.egg-info/SOURCES.txt'\n"}
[1.339345] (Montagem_description) StdoutLine: {'line': b'running build\n'}
[1.339451] (Montagem_description) StdoutLine: {'line': b'running build_py\n'}
[1.339609] (Montagem_description) StdoutLine: {'line': b'creating /home/host/ros_ws/build/Montagem_description/build\n'}
[1.339676] (Montagem_description) StdoutLine: {'line': b'creating /home/host/ros_ws/build/Montagem_description/build/lib\n'}
[1.339737] (Montagem_description) StdoutLine: {'line': b'creating /home/host/ros_ws/build/Montagem_description/build/lib/Montagem_description\n'}
[1.339796] (Montagem_description) StdoutLine: {'line': b'copying Montagem_description/__init__.py -> /home/host/ros_ws/build/Montagem_description/build/lib/Montagem_description\n'}
[1.339854] (Montagem_description) StdoutLine: {'line': b'running install\n'}
[1.339913] (Montagem_description) StdoutLine: {'line': b'running install_lib\n'}
[1.340087] (Montagem_description) StdoutLine: {'line': b'creating /home/host/ros_ws/install/Montagem_description/lib/python3.10/site-packages/Montagem_description\n'}
[1.340278] (Montagem_description) StdoutLine: {'line': b'copying /home/host/ros_ws/build/Montagem_description/build/lib/Montagem_description/__init__.py -> /home/host/ros_ws/install/Montagem_description/lib/python3.10/site-packages/Montagem_description\n'}
[1.340494] (Montagem_description) StdoutLine: {'line': b'byte-compiling /home/host/ros_ws/install/Montagem_description/lib/python3.10/site-packages/Montagem_description/__init__.py to __init__.cpython-310.pyc\n'}
[1.340727] (Montagem_description) StdoutLine: {'line': b'running install_data\n'}
[1.340858] (Montagem_description) StdoutLine: {'line': b'creating /home/host/ros_ws/install/Montagem_description/share/ament_index\n'}
[1.340974] (Montagem_description) StdoutLine: {'line': b'creating /home/host/ros_ws/install/Montagem_description/share/ament_index/resource_index\n'}
[1.341086] (Montagem_description) StdoutLine: {'line': b'creating /home/host/ros_ws/install/Montagem_description/share/ament_index/resource_index/packages\n'}
[1.341222] (Montagem_description) StdoutLine: {'line': b'copying resource/Montagem_description -> /home/host/ros_ws/install/Montagem_description/share/ament_index/resource_index/packages\n'}
[1.341325] (Montagem_description) StdoutLine: {'line': b'copying package.xml -> /home/host/ros_ws/install/Montagem_description/share/Montagem_description\n'}
[1.341416] (Montagem_description) StdoutLine: {'line': b'creating /home/host/ros_ws/install/Montagem_description/share/Montagem_description/launch\n'}
[1.341494] (Montagem_description) StdoutLine: {'line': b'copying launch/display.launch.py -> /home/host/ros_ws/install/Montagem_description/share/Montagem_description/launch\n'}
[1.341573] (Montagem_description) StdoutLine: {'line': b'copying launch/gazebo.launch.py -> /home/host/ros_ws/install/Montagem_description/share/Montagem_description/launch\n'}
[1.341651] (Montagem_description) StdoutLine: {'line': b'creating /home/host/ros_ws/install/Montagem_description/share/Montagem_description/urdf\n'}
[1.341730] (Montagem_description) StdoutLine: {'line': b'copying urdf/Montagem.trans -> /home/host/ros_ws/install/Montagem_description/share/Montagem_description/urdf\n'}
[1.341808] (Montagem_description) StdoutLine: {'line': b'copying urdf/Montagem.xacro -> /home/host/ros_ws/install/Montagem_description/share/Montagem_description/urdf\n'}
[1.341886] (Montagem_description) StdoutLine: {'line': b'copying urdf/Montagem.gazebo -> /home/host/ros_ws/install/Montagem_description/share/Montagem_description/urdf\n'}
[1.341971] (Montagem_description) StdoutLine: {'line': b'copying urdf/materials.xacro -> /home/host/ros_ws/install/Montagem_description/share/Montagem_description/urdf\n'}
[1.342050] (Montagem_description) StdoutLine: {'line': b'creating /home/host/ros_ws/install/Montagem_description/share/Montagem_description/meshes\n'}
[1.342128] (Montagem_description) StdoutLine: {'line': b'copying meshes/rotacionalpequeno_1.stl -> /home/host/ros_ws/install/Montagem_description/share/Montagem_description/meshes\n'}
[1.342221] (Montagem_description) StdoutLine: {'line': b'copying meshes/base_link.stl -> /home/host/ros_ws/install/Montagem_description/share/Montagem_description/meshes\n'}
[1.342326] (Montagem_description) StdoutLine: {'line': b'copying meshes/rotacionalgrande_1.stl -> /home/host/ros_ws/install/Montagem_description/share/Montagem_description/meshes\n'}
[1.342405] (Montagem_description) StdoutLine: {'line': b'copying meshes/linkgrande_1.stl -> /home/host/ros_ws/install/Montagem_description/share/Montagem_description/meshes\n'}
[1.342483] (Montagem_description) StdoutLine: {'line': b'copying meshes/prismatica_1.stl -> /home/host/ros_ws/install/Montagem_description/share/Montagem_description/meshes\n'}
[1.342560] (Montagem_description) StdoutLine: {'line': b'copying meshes/linkpequeno_1.stl -> /home/host/ros_ws/install/Montagem_description/share/Montagem_description/meshes\n'}
[1.342647] (Montagem_description) StdoutLine: {'line': b'copying meshes/endfactor_1.stl -> /home/host/ros_ws/install/Montagem_description/share/Montagem_description/meshes\n'}
[1.342745] (Montagem_description) StdoutLine: {'line': b'creating /home/host/ros_ws/install/Montagem_description/share/Montagem_description/config\n'}
[1.342835] (Montagem_description) StdoutLine: {'line': b'copying config/display.rviz -> /home/host/ros_ws/install/Montagem_description/share/Montagem_description/config\n'}
[1.342915] (Montagem_description) StdoutLine: {'line': b'running install_egg_info\n'}
[1.342993] (Montagem_description) StdoutLine: {'line': b'Copying ../../build/Montagem_description/Montagem_description.egg-info to /home/host/ros_ws/install/Montagem_description/lib/python3.10/site-packages/Montagem_description-0.0.0-py3.10.egg-info\n'}
[1.343074] (Montagem_description) StdoutLine: {'line': b'running install_scripts\n'}
[1.355282] (Montagem_description) StdoutLine: {'line': b"writing list of installed files to '/home/host/ros_ws/build/Montagem_description/install.log'\n"}
[1.368732] (Montagem_description) CommandEnded: {'returncode': 0}
[1.404195] (-) TimerEvent: {}
[1.417399] (Montagem_description) JobEnded: {'identifier': 'Montagem_description', 'rc': 0}
[1.504473] (-) TimerEvent: {}
[1.604828] (-) TimerEvent: {}
[1.705123] (-) TimerEvent: {}
[1.805542] (-) TimerEvent: {}
[1.905995] (-) TimerEvent: {}
[2.006436] (-) TimerEvent: {}
[2.106931] (-) TimerEvent: {}
[2.207376] (-) TimerEvent: {}
[2.307633] (-) TimerEvent: {}
[2.408052] (-) TimerEvent: {}
[2.508503] (-) TimerEvent: {}
[2.608902] (-) TimerEvent: {}
[2.709301] (-) TimerEvent: {}
[2.809613] (-) TimerEvent: {}
[2.909946] (-) TimerEvent: {}
[3.010387] (-) TimerEvent: {}
[3.110823] (-) TimerEvent: {}
[3.211296] (-) TimerEvent: {}
[3.311552] (-) TimerEvent: {}
[3.349773] (graspe_description) CommandEnded: {'returncode': 0}
[3.365543] (graspe_description) JobProgress: {'identifier': 'graspe_description', 'progress': 'install'}
[3.373091] (graspe_description) Command: {'cmd': ['/usr/bin/cmake', '--install', '/home/host/ros_ws/build/graspe_description'], 'cwd': '/home/host/ros_ws/build/graspe_description', 'env': OrderedDict([('HOSTNAME', 'jpbg'), ('SHLVL', '1'), ('LD_LIBRARY_PATH', '/usr/lib/x86_64-linux-gnu/gazebo-11/plugins:/opt/ros/humble/opt/rviz_ogre_vendor/lib:/opt/ros/humble/lib/x86_64-linux-gnu:/opt/ros/humble/lib'), ('HOME', '/home/host'), ('OLDPWD', '/home/host'), ('ROS_PYTHON_VERSION', '3'), ('COLCON_PREFIX_PATH', '/home/host/ros_ws/install'), ('ROS_DISTRO', 'humble'), ('_', '/usr/bin/colcon'), ('ROS_VERSION', '2'), ('TERM', 'xterm'), ('ROS_LOCALHOST_ONLY', '0'), ('PATH', '/opt/ros/humble/bin:/usr/local/sbin:/usr/local/bin:/usr/sbin:/usr/bin:/sbin:/bin'), ('DISPLAY', ':0'), ('LANG', 'C.UTF-8'), ('AMENT_PREFIX_PATH', '/home/host/ros_ws/install/graspe_description:/opt/ros/humble'), ('DEBIAN_FRONTEND', 'noninteractive'), ('PWD', '/home/host/ros_ws/build/graspe_description'), ('LC_ALL', 'C.UTF-8'), ('PYTHONPATH', '/opt/ros/humble/lib/python3.10/site-packages:/opt/ros/humble/local/lib/python3.10/dist-packages'), ('COLCON', '1'), ('CMAKE_PREFIX_PATH', '/home/host/ros_ws/install/graspe_description:/opt/ros/humble')]), 'shell': False}
[3.378572] (graspe_description) StdoutLine: {'line': b'-- Install configuration: ""\n'}
[3.378767] (graspe_description) StdoutLine: {'line': b'-- Up-to-date: /home/host/ros_ws/install/graspe_description/share/graspe_description/launch\n'}
[3.378886] (graspe_description) StdoutLine: {'line': b'-- Up-to-date: /home/host/ros_ws/install/graspe_description/share/graspe_description/launch/robot_display.launch.py\n'}
[3.378998] (graspe_description) StdoutLine: {'line': b'-- Up-to-date: /home/host/ros_ws/install/graspe_description/share/graspe_description/urdf\n'}
[3.379073] (graspe_description) StdoutLine: {'line': b'-- Installing: /home/host/ros_ws/install/graspe_description/share/graspe_description/urdf/robot.urdf\n'}
[3.379137] (graspe_description) StdoutLine: {'line': b'-- Up-to-date: /home/host/ros_ws/install/graspe_description/share/graspe_description/rviz\n'}
[3.379207] (graspe_description) StdoutLine: {'line': b'-- Up-to-date: /home/host/ros_ws/install/graspe_description/share/graspe_description/rviz/display_config.rviz\n'}
[3.379275] (graspe_description) StdoutLine: {'line': b'-- Up-to-date: /home/host/ros_ws/install/graspe_description/share/ament_index/resource_index/package_run_dependencies/graspe_description\n'}
[3.379338] (graspe_description) StdoutLine: {'line': b'-- Up-to-date: /home/host/ros_ws/install/graspe_description/share/ament_index/resource_index/parent_prefix_path/graspe_description\n'}
[3.379400] (graspe_description) StdoutLine: {'line': b'-- Up-to-date: /home/host/ros_ws/install/graspe_description/share/graspe_description/environment/ament_prefix_path.sh\n'}
[3.379462] (graspe_description) StdoutLine: {'line': b'-- Up-to-date: /home/host/ros_ws/install/graspe_description/share/graspe_description/environment/ament_prefix_path.dsv\n'}
[3.379523] (graspe_description) StdoutLine: {'line': b'-- Up-to-date: /home/host/ros_ws/install/graspe_description/share/graspe_description/environment/path.sh\n'}
[3.379584] (graspe_description) StdoutLine: {'line': b'-- Up-to-date: /home/host/ros_ws/install/graspe_description/share/graspe_description/environment/path.dsv\n'}
[3.379644] (graspe_description) StdoutLine: {'line': b'-- Up-to-date: /home/host/ros_ws/install/graspe_description/share/graspe_description/local_setup.bash\n'}
[3.379705] (graspe_description) StdoutLine: {'line': b'-- Up-to-date: /home/host/ros_ws/install/graspe_description/share/graspe_description/local_setup.sh\n'}
[3.379773] (graspe_description) StdoutLine: {'line': b'-- Up-to-date: /home/host/ros_ws/install/graspe_description/share/graspe_description/local_setup.zsh\n'}
[3.379834] (graspe_description) StdoutLine: {'line': b'-- Up-to-date: /home/host/ros_ws/install/graspe_description/share/graspe_description/local_setup.dsv\n'}
[3.379895] (graspe_description) StdoutLine: {'line': b'-- Installing: /home/host/ros_ws/install/graspe_description/share/graspe_description/package.dsv\n'}
[3.392067] (graspe_description) StdoutLine: {'line': b'-- Up-to-date: /home/host/ros_ws/install/graspe_description/share/ament_index/resource_index/packages/graspe_description\n'}
[3.392175] (graspe_description) StdoutLine: {'line': b'-- Up-to-date: /home/host/ros_ws/install/graspe_description/share/graspe_description/cmake/graspe_descriptionConfig.cmake\n'}
[3.392247] (graspe_description) StdoutLine: {'line': b'-- Up-to-date: /home/host/ros_ws/install/graspe_description/share/graspe_description/cmake/graspe_descriptionConfig-version.cmake\n'}
[3.392311] (graspe_description) StdoutLine: {'line': b'-- Up-to-date: /home/host/ros_ws/install/graspe_description/share/graspe_description/package.xml\n'}
[3.393133] (graspe_description) CommandEnded: {'returncode': 0}
[3.411847] (-) TimerEvent: {}
[3.437063] (graspe_description) JobEnded: {'identifier': 'graspe_description', 'rc': 0}
[3.437660] (-) EventReactorShutdown: {}
