[1.368s] DEBUG:colcon:Command line arguments: ['/usr/bin/colcon', 'build']
[1.368s] DEBUG:colcon:Parsed command line arguments: Namespace(log_base=None, log_level=None, verb_name='build', build_base='build', install_base='install', merge_install=False, symlink_install=False, test_result_base=None, continue_on_error=False, executor='parallel', parallel_workers=12, event_handlers=None, ignore_user_meta=False, metas=['./colcon.meta'], base_paths=['.'], packages_ignore=None, packages_ignore_regex=None, paths=None, packages_up_to=None, packages_up_to_regex=None, packages_above=None, packages_above_and_dependencies=None, packages_above_depth=None, packages_select_by_dep=None, packages_skip_by_dep=None, packages_skip_up_to=None, packages_select_build_failed=False, packages_skip_build_finished=False, packages_select_test_failures=False, packages_skip_test_passed=False, packages_select=None, packages_skip=None, packages_select_regex=None, packages_skip_regex=None, packages_start=None, packages_end=None, cmake_args=None, cmake_target=None, cmake_target_skip_unavailable=False, cmake_clean_cache=False, cmake_clean_first=False, cmake_force_configure=False, ament_cmake_args=None, catkin_cmake_args=None, catkin_skip_building_tests=False, mixin_files=None, mixin=None, verb_parser=<colcon_mixin.mixin.mixin_argument.MixinArgumentDecorator object at 0x7f97264ebc10>, verb_extension=<colcon_core.verb.build.BuildVerb object at 0x7f97264eb190>, main=<bound method BuildVerb.main of <colcon_core.verb.build.BuildVerb object at 0x7f97264eb190>>, mixin_verb=('build',))
[3.751s] Level 1:colcon.colcon_core.package_discovery:discover_packages(colcon_meta) check parameters
[3.751s] Level 1:colcon.colcon_core.package_discovery:discover_packages(recursive) check parameters
[3.751s] Level 1:colcon.colcon_core.package_discovery:discover_packages(ignore) check parameters
[3.751s] Level 1:colcon.colcon_core.package_discovery:discover_packages(path) check parameters
[3.751s] Level 1:colcon.colcon_core.package_discovery:discover_packages(colcon_meta) discover
[3.751s] Level 1:colcon.colcon_core.package_discovery:discover_packages(recursive) discover
[3.751s] INFO:colcon.colcon_core.package_discovery:Crawling recursively for packages in '/home/host/ros_ws'
[3.751s] Level 1:colcon.colcon_core.package_identification:_identify(.) by extensions ['ignore', 'ignore_ament_install']
[3.751s] Level 1:colcon.colcon_core.package_identification:_identify(.) by extension 'ignore'
[3.751s] Level 1:colcon.colcon_core.package_identification:_identify(.) by extension 'ignore_ament_install'
[3.752s] Level 1:colcon.colcon_core.package_identification:_identify(.) by extensions ['colcon_pkg']
[3.752s] Level 1:colcon.colcon_core.package_identification:_identify(.) by extension 'colcon_pkg'
[3.752s] Level 1:colcon.colcon_core.package_identification:_identify(.) by extensions ['colcon_meta']
[3.752s] Level 1:colcon.colcon_core.package_identification:_identify(.) by extension 'colcon_meta'
[3.752s] Level 1:colcon.colcon_core.package_identification:_identify(.) by extensions ['ros']
[3.752s] Level 1:colcon.colcon_core.package_identification:_identify(.) by extension 'ros'
[3.927s] Level 1:colcon.colcon_core.package_identification:_identify(.) by extensions ['cmake', 'python']
[3.927s] Level 1:colcon.colcon_core.package_identification:_identify(.) by extension 'cmake'
[3.927s] Level 1:colcon.colcon_core.package_identification:_identify(.) by extension 'python'
[3.927s] Level 1:colcon.colcon_core.package_identification:_identify(.) by extensions ['python_setup_py']
[3.927s] Level 1:colcon.colcon_core.package_identification:_identify(.) by extension 'python_setup_py'
[3.927s] Level 1:colcon.colcon_core.package_identification:_identify(build) by extensions ['ignore', 'ignore_ament_install']
[3.927s] Level 1:colcon.colcon_core.package_identification:_identify(build) by extension 'ignore'
[3.927s] Level 1:colcon.colcon_core.package_identification:_identify(build) ignored
[3.928s] Level 1:colcon.colcon_core.package_identification:_identify(install) by extensions ['ignore', 'ignore_ament_install']
[3.928s] Level 1:colcon.colcon_core.package_identification:_identify(install) by extension 'ignore'
[3.928s] Level 1:colcon.colcon_core.package_identification:_identify(install) ignored
[3.928s] Level 1:colcon.colcon_core.package_identification:_identify(log) by extensions ['ignore', 'ignore_ament_install']
[3.928s] Level 1:colcon.colcon_core.package_identification:_identify(log) by extension 'ignore'
[3.928s] Level 1:colcon.colcon_core.package_identification:_identify(log) ignored
[3.928s] Level 1:colcon.colcon_core.package_identification:_identify(src) by extensions ['ignore', 'ignore_ament_install']
[3.928s] Level 1:colcon.colcon_core.package_identification:_identify(src) by extension 'ignore'
[3.928s] Level 1:colcon.colcon_core.package_identification:_identify(src) by extension 'ignore_ament_install'
[3.928s] Level 1:colcon.colcon_core.package_identification:_identify(src) by extensions ['colcon_pkg']
[3.929s] Level 1:colcon.colcon_core.package_identification:_identify(src) by extension 'colcon_pkg'
[3.929s] Level 1:colcon.colcon_core.package_identification:_identify(src) by extensions ['colcon_meta']
[3.929s] Level 1:colcon.colcon_core.package_identification:_identify(src) by extension 'colcon_meta'
[3.929s] Level 1:colcon.colcon_core.package_identification:_identify(src) by extensions ['ros']
[3.929s] Level 1:colcon.colcon_core.package_identification:_identify(src) by extension 'ros'
[3.929s] Level 1:colcon.colcon_core.package_identification:_identify(src) by extensions ['cmake', 'python']
[3.929s] Level 1:colcon.colcon_core.package_identification:_identify(src) by extension 'cmake'
[3.929s] Level 1:colcon.colcon_core.package_identification:_identify(src) by extension 'python'
[3.929s] Level 1:colcon.colcon_core.package_identification:_identify(src) by extensions ['python_setup_py']
[3.929s] Level 1:colcon.colcon_core.package_identification:_identify(src) by extension 'python_setup_py'
[3.929s] Level 1:colcon.colcon_core.package_identification:_identify(src/Montagem_description) by extensions ['ignore', 'ignore_ament_install']
[3.929s] Level 1:colcon.colcon_core.package_identification:_identify(src/Montagem_description) by extension 'ignore'
[3.929s] Level 1:colcon.colcon_core.package_identification:_identify(src/Montagem_description) by extension 'ignore_ament_install'
[3.929s] Level 1:colcon.colcon_core.package_identification:_identify(src/Montagem_description) by extensions ['colcon_pkg']
[3.929s] Level 1:colcon.colcon_core.package_identification:_identify(src/Montagem_description) by extension 'colcon_pkg'
[3.929s] Level 1:colcon.colcon_core.package_identification:_identify(src/Montagem_description) by extensions ['colcon_meta']
[3.930s] Level 1:colcon.colcon_core.package_identification:_identify(src/Montagem_description) by extension 'colcon_meta'
[3.930s] Level 1:colcon.colcon_core.package_identification:_identify(src/Montagem_description) by extensions ['ros']
[3.930s] Level 1:colcon.colcon_core.package_identification:_identify(src/Montagem_description) by extension 'ros'
[3.933s] DEBUG:colcon.colcon_core.package_identification:Package 'src/Montagem_description' with type 'ros.ament_python' and name 'Montagem_description'
[3.933s] Level 1:colcon.colcon_core.package_identification:_identify(src/graspe_description) by extensions ['ignore', 'ignore_ament_install']
[3.933s] Level 1:colcon.colcon_core.package_identification:_identify(src/graspe_description) by extension 'ignore'
[3.933s] Level 1:colcon.colcon_core.package_identification:_identify(src/graspe_description) by extension 'ignore_ament_install'
[3.933s] Level 1:colcon.colcon_core.package_identification:_identify(src/graspe_description) by extensions ['colcon_pkg']
[3.933s] Level 1:colcon.colcon_core.package_identification:_identify(src/graspe_description) by extension 'colcon_pkg'
[3.933s] Level 1:colcon.colcon_core.package_identification:_identify(src/graspe_description) by extensions ['colcon_meta']
[3.933s] Level 1:colcon.colcon_core.package_identification:_identify(src/graspe_description) by extension 'colcon_meta'
[3.933s] Level 1:colcon.colcon_core.package_identification:_identify(src/graspe_description) by extensions ['ros']
[3.933s] Level 1:colcon.colcon_core.package_identification:_identify(src/graspe_description) by extension 'ros'
[3.953s] DEBUG:colcon.colcon_core.package_identification:Package 'src/graspe_description' with type 'ros.ament_cmake' and name 'graspe_description'
[3.953s] Level 1:colcon.colcon_core.package_discovery:discover_packages(recursive) using defaults
[3.953s] Level 1:colcon.colcon_core.package_discovery:discover_packages(ignore) discover
[3.953s] Level 1:colcon.colcon_core.package_discovery:discover_packages(ignore) using defaults
[3.953s] Level 1:colcon.colcon_core.package_discovery:discover_packages(path) discover
[3.953s] Level 1:colcon.colcon_core.package_discovery:discover_packages(path) using defaults
[4.167s] Level 5:colcon.colcon_core.verb:set package 'Montagem_description' build argument 'cmake_args' from command line to 'None'
[4.167s] Level 5:colcon.colcon_core.verb:set package 'Montagem_description' build argument 'cmake_target' from command line to 'None'
[4.167s] Level 5:colcon.colcon_core.verb:set package 'Montagem_description' build argument 'cmake_target_skip_unavailable' from command line to 'False'
[4.167s] Level 5:colcon.colcon_core.verb:set package 'Montagem_description' build argument 'cmake_clean_cache' from command line to 'False'
[4.167s] Level 5:colcon.colcon_core.verb:set package 'Montagem_description' build argument 'cmake_clean_first' from command line to 'False'
[4.167s] Level 5:colcon.colcon_core.verb:set package 'Montagem_description' build argument 'cmake_force_configure' from command line to 'False'
[4.167s] Level 5:colcon.colcon_core.verb:set package 'Montagem_description' build argument 'ament_cmake_args' from command line to 'None'
[4.167s] Level 5:colcon.colcon_core.verb:set package 'Montagem_description' build argument 'catkin_cmake_args' from command line to 'None'
[4.167s] Level 5:colcon.colcon_core.verb:set package 'Montagem_description' build argument 'catkin_skip_building_tests' from command line to 'False'
[4.167s] DEBUG:colcon.colcon_core.verb:Building package 'Montagem_description' with the following arguments: {'ament_cmake_args': None, 'build_base': '/home/host/ros_ws/build/Montagem_description', 'catkin_cmake_args': None, 'catkin_skip_building_tests': False, 'cmake_args': None, 'cmake_clean_cache': False, 'cmake_clean_first': False, 'cmake_force_configure': False, 'cmake_target': None, 'cmake_target_skip_unavailable': False, 'install_base': '/home/host/ros_ws/install/Montagem_description', 'merge_install': False, 'path': '/home/host/ros_ws/src/Montagem_description', 'symlink_install': False, 'test_result_base': None}
[4.167s] Level 5:colcon.colcon_core.verb:set package 'graspe_description' build argument 'cmake_args' from command line to 'None'
[4.167s] Level 5:colcon.colcon_core.verb:set package 'graspe_description' build argument 'cmake_target' from command line to 'None'
[4.167s] Level 5:colcon.colcon_core.verb:set package 'graspe_description' build argument 'cmake_target_skip_unavailable' from command line to 'False'
[4.167s] Level 5:colcon.colcon_core.verb:set package 'graspe_description' build argument 'cmake_clean_cache' from command line to 'False'
[4.167s] Level 5:colcon.colcon_core.verb:set package 'graspe_description' build argument 'cmake_clean_first' from command line to 'False'
[4.167s] Level 5:colcon.colcon_core.verb:set package 'graspe_description' build argument 'cmake_force_configure' from command line to 'False'
[4.167s] Level 5:colcon.colcon_core.verb:set package 'graspe_description' build argument 'ament_cmake_args' from command line to 'None'
[4.167s] Level 5:colcon.colcon_core.verb:set package 'graspe_description' build argument 'catkin_cmake_args' from command line to 'None'
[4.167s] Level 5:colcon.colcon_core.verb:set package 'graspe_description' build argument 'catkin_skip_building_tests' from command line to 'False'
[4.167s] DEBUG:colcon.colcon_core.verb:Building package 'graspe_description' with the following arguments: {'ament_cmake_args': None, 'build_base': '/home/host/ros_ws/build/graspe_description', 'catkin_cmake_args': None, 'catkin_skip_building_tests': False, 'cmake_args': None, 'cmake_clean_cache': False, 'cmake_clean_first': False, 'cmake_force_configure': False, 'cmake_target': None, 'cmake_target_skip_unavailable': False, 'install_base': '/home/host/ros_ws/install/graspe_description', 'merge_install': False, 'path': '/home/host/ros_ws/src/graspe_description', 'symlink_install': False, 'test_result_base': None}
[4.167s] INFO:colcon.colcon_core.executor:Executing jobs using 'parallel' executor
[4.168s] DEBUG:colcon.colcon_parallel_executor.executor.parallel:run_until_complete
[4.168s] INFO:colcon.colcon_ros.task.ament_python.build:Building ROS package in '/home/host/ros_ws/src/Montagem_description' with build type 'ament_python'
[4.168s] Level 1:colcon.colcon_core.shell:create_environment_hook('Montagem_description', 'ament_prefix_path')
[4.173s] INFO:colcon.colcon_core.plugin_system:Skipping extension 'colcon_core.shell.bat': Not used on non-Windows systems
[4.173s] INFO:colcon.colcon_core.shell:Creating environment hook '/home/host/ros_ws/install/Montagem_description/share/Montagem_description/hook/ament_prefix_path.ps1'
[4.174s] INFO:colcon.colcon_core.shell:Creating environment descriptor '/home/host/ros_ws/install/Montagem_description/share/Montagem_description/hook/ament_prefix_path.dsv'
[4.174s] INFO:colcon.colcon_core.shell:Creating environment hook '/home/host/ros_ws/install/Montagem_description/share/Montagem_description/hook/ament_prefix_path.sh'
[4.174s] INFO:colcon.colcon_core.shell:Skip shell extension 'powershell' for command environment: Not usable outside of PowerShell
[4.174s] DEBUG:colcon.colcon_core.shell:Skip shell extension 'dsv' for command environment
[4.179s] INFO:colcon.colcon_ros.task.ament_cmake.build:Building ROS package in '/home/host/ros_ws/src/graspe_description' with build type 'ament_cmake'
[4.179s] INFO:colcon.colcon_cmake.task.cmake.build:Building CMake package in '/home/host/ros_ws/src/graspe_description'
[4.179s] INFO:colcon.colcon_core.shell:Skip shell extension 'powershell' for command environment: Not usable outside of PowerShell
[4.179s] DEBUG:colcon.colcon_core.shell:Skip shell extension 'dsv' for command environment
[4.406s] INFO:colcon.colcon_core.task.python.build:Building Python package in '/home/host/ros_ws/src/Montagem_description'
[4.406s] INFO:colcon.colcon_core.shell:Skip shell extension 'powershell' for command environment: Not usable outside of PowerShell
[4.407s] DEBUG:colcon.colcon_core.shell:Skip shell extension 'dsv' for command environment
[4.482s] DEBUG:colcon.colcon_core.event_handler.log_command:Invoking command in '/home/host/ros_ws/build/graspe_description': CMAKE_PREFIX_PATH=${CMAKE_PREFIX_PATH}:/opt/ros/humble /usr/bin/cmake --build /home/host/ros_ws/build/graspe_description -- -j12 -l12
[5.393s] DEBUG:colcon.colcon_core.event_handler.log_command:Invoking command in '/home/host/ros_ws/src/Montagem_description': PYTHONPATH=/home/host/ros_ws/build/Montagem_description/prefix_override:/usr/lib/python3/dist-packages/colcon_core/task/python/colcon_distutils_commands:/home/host/ros_ws/install/Montagem_description/lib/python3.10/site-packages:${PYTHONPATH} /usr/bin/python3 -W ignore:setup.py install is deprecated setup.py egg_info --egg-base ../../build/Montagem_description build --build-base /home/host/ros_ws/build/Montagem_description/build install --record /home/host/ros_ws/build/Montagem_description/install.log --install-scripts $base/lib/Montagem_description --single-version-externally-managed install_data
[5.537s] DEBUG:colcon.colcon_core.event_handler.log_command:Invoked command in '/home/host/ros_ws/src/Montagem_description' returned '0': PYTHONPATH=/home/host/ros_ws/build/Montagem_description/prefix_override:/usr/lib/python3/dist-packages/colcon_core/task/python/colcon_distutils_commands:/home/host/ros_ws/install/Montagem_description/lib/python3.10/site-packages:${PYTHONPATH} /usr/bin/python3 -W ignore:setup.py install is deprecated setup.py egg_info --egg-base ../../build/Montagem_description build --build-base /home/host/ros_ws/build/Montagem_description/build install --record /home/host/ros_ws/build/Montagem_description/install.log --install-scripts $base/lib/Montagem_description --single-version-externally-managed install_data
[5.576s] Level 1:colcon.colcon_core.environment:checking '/home/host/ros_ws/install/Montagem_description' for CMake module files
[5.577s] Level 1:colcon.colcon_core.environment:checking '/home/host/ros_ws/install/Montagem_description' for CMake config files
[5.578s] Level 1:colcon.colcon_core.environment:checking '/home/host/ros_ws/install/Montagem_description/lib'
[5.578s] Level 1:colcon.colcon_core.environment:checking '/home/host/ros_ws/install/Montagem_description/bin'
[5.578s] Level 1:colcon.colcon_core.environment:checking '/home/host/ros_ws/install/Montagem_description/lib/pkgconfig/Montagem_description.pc'
[5.578s] Level 1:colcon.colcon_core.environment:checking '/home/host/ros_ws/install/Montagem_description/lib/python3.10/site-packages'
[5.578s] Level 1:colcon.colcon_core.shell:create_environment_hook('Montagem_description', 'pythonpath')
[5.579s] INFO:colcon.colcon_core.shell:Creating environment hook '/home/host/ros_ws/install/Montagem_description/share/Montagem_description/hook/pythonpath.ps1'
[5.579s] INFO:colcon.colcon_core.shell:Creating environment descriptor '/home/host/ros_ws/install/Montagem_description/share/Montagem_description/hook/pythonpath.dsv'
[5.579s] INFO:colcon.colcon_core.shell:Creating environment hook '/home/host/ros_ws/install/Montagem_description/share/Montagem_description/hook/pythonpath.sh'
[5.580s] Level 1:colcon.colcon_core.environment:checking '/home/host/ros_ws/install/Montagem_description/bin'
[5.580s] Level 1:colcon.colcon_core.environment:create_environment_scripts_only(Montagem_description)
[5.580s] INFO:colcon.colcon_core.shell:Creating package script '/home/host/ros_ws/install/Montagem_description/share/Montagem_description/package.ps1'
[5.581s] INFO:colcon.colcon_core.shell:Creating package descriptor '/home/host/ros_ws/install/Montagem_description/share/Montagem_description/package.dsv'
[5.582s] INFO:colcon.colcon_core.shell:Creating package script '/home/host/ros_ws/install/Montagem_description/share/Montagem_description/package.sh'
[5.583s] INFO:colcon.colcon_core.shell:Creating package script '/home/host/ros_ws/install/Montagem_description/share/Montagem_description/package.bash'
[5.584s] INFO:colcon.colcon_core.shell:Creating package script '/home/host/ros_ws/install/Montagem_description/share/Montagem_description/package.zsh'
[5.585s] Level 1:colcon.colcon_core.environment:create_file_with_runtime_dependencies(/home/host/ros_ws/install/Montagem_description/share/colcon-core/packages/Montagem_description)
[7.518s] DEBUG:colcon.colcon_core.event_handler.log_command:Invoked command in '/home/host/ros_ws/build/graspe_description' returned '0': CMAKE_PREFIX_PATH=${CMAKE_PREFIX_PATH}:/opt/ros/humble /usr/bin/cmake --build /home/host/ros_ws/build/graspe_description -- -j12 -l12
[7.541s] DEBUG:colcon.colcon_core.event_handler.log_command:Invoking command in '/home/host/ros_ws/build/graspe_description': CMAKE_PREFIX_PATH=${CMAKE_PREFIX_PATH}:/opt/ros/humble /usr/bin/cmake --install /home/host/ros_ws/build/graspe_description
[7.561s] Level 1:colcon.colcon_core.environment:create_environment_scripts_only(graspe_description)
[7.561s] DEBUG:colcon.colcon_core.event_handler.log_command:Invoked command in '/home/host/ros_ws/build/graspe_description' returned '0': CMAKE_PREFIX_PATH=${CMAKE_PREFIX_PATH}:/opt/ros/humble /usr/bin/cmake --install /home/host/ros_ws/build/graspe_description
[7.561s] Level 1:colcon.colcon_core.environment:checking '/home/host/ros_ws/install/graspe_description' for CMake module files
[7.562s] Level 1:colcon.colcon_core.environment:checking '/home/host/ros_ws/install/graspe_description' for CMake config files
[7.562s] Level 1:colcon.colcon_core.shell:create_environment_hook('graspe_description', 'cmake_prefix_path')
[7.562s] INFO:colcon.colcon_core.shell:Creating environment hook '/home/host/ros_ws/install/graspe_description/share/graspe_description/hook/cmake_prefix_path.ps1'
[7.563s] INFO:colcon.colcon_core.shell:Creating environment descriptor '/home/host/ros_ws/install/graspe_description/share/graspe_description/hook/cmake_prefix_path.dsv'
[7.563s] INFO:colcon.colcon_core.shell:Creating environment hook '/home/host/ros_ws/install/graspe_description/share/graspe_description/hook/cmake_prefix_path.sh'
[7.564s] Level 1:colcon.colcon_core.environment:checking '/home/host/ros_ws/install/graspe_description/bin'
[7.564s] Level 1:colcon.colcon_core.environment:checking '/home/host/ros_ws/install/graspe_description/lib/pkgconfig/graspe_description.pc'
[7.564s] Level 1:colcon.colcon_core.environment:checking '/home/host/ros_ws/install/graspe_description/lib/python3.10/site-packages'
[7.564s] Level 1:colcon.colcon_core.environment:checking '/home/host/ros_ws/install/graspe_description/bin'
[7.564s] INFO:colcon.colcon_core.shell:Creating package script '/home/host/ros_ws/install/graspe_description/share/graspe_description/package.ps1'
[7.565s] INFO:colcon.colcon_core.shell:Creating package descriptor '/home/host/ros_ws/install/graspe_description/share/graspe_description/package.dsv'
[7.565s] INFO:colcon.colcon_core.shell:Creating package script '/home/host/ros_ws/install/graspe_description/share/graspe_description/package.sh'
[7.586s] INFO:colcon.colcon_core.shell:Creating package script '/home/host/ros_ws/install/graspe_description/share/graspe_description/package.bash'
[7.586s] INFO:colcon.colcon_core.shell:Creating package script '/home/host/ros_ws/install/graspe_description/share/graspe_description/package.zsh'
[7.586s] Level 1:colcon.colcon_core.environment:create_file_with_runtime_dependencies(/home/host/ros_ws/install/graspe_description/share/colcon-core/packages/graspe_description)
[7.602s] Level 1:colcon.colcon_core.environment:create_environment_scripts_only(graspe_description)
[7.602s] Level 1:colcon.colcon_core.environment:checking '/home/host/ros_ws/install/graspe_description' for CMake module files
[7.602s] Level 1:colcon.colcon_core.environment:checking '/home/host/ros_ws/install/graspe_description' for CMake config files
[7.602s] Level 1:colcon.colcon_core.shell:create_environment_hook('graspe_description', 'cmake_prefix_path')
[7.602s] INFO:colcon.colcon_core.shell:Creating environment hook '/home/host/ros_ws/install/graspe_description/share/graspe_description/hook/cmake_prefix_path.ps1'
[7.602s] INFO:colcon.colcon_core.shell:Creating environment descriptor '/home/host/ros_ws/install/graspe_description/share/graspe_description/hook/cmake_prefix_path.dsv'
[7.603s] INFO:colcon.colcon_core.shell:Creating environment hook '/home/host/ros_ws/install/graspe_description/share/graspe_description/hook/cmake_prefix_path.sh'
[7.603s] Level 1:colcon.colcon_core.environment:checking '/home/host/ros_ws/install/graspe_description/bin'
[7.603s] Level 1:colcon.colcon_core.environment:checking '/home/host/ros_ws/install/graspe_description/lib/pkgconfig/graspe_description.pc'
[7.603s] Level 1:colcon.colcon_core.environment:checking '/home/host/ros_ws/install/graspe_description/lib/python3.10/site-packages'
[7.603s] Level 1:colcon.colcon_core.environment:checking '/home/host/ros_ws/install/graspe_description/bin'
[7.603s] INFO:colcon.colcon_core.shell:Creating package script '/home/host/ros_ws/install/graspe_description/share/graspe_description/package.ps1'
[7.604s] INFO:colcon.colcon_core.shell:Creating package descriptor '/home/host/ros_ws/install/graspe_description/share/graspe_description/package.dsv'
[7.604s] INFO:colcon.colcon_core.shell:Creating package script '/home/host/ros_ws/install/graspe_description/share/graspe_description/package.sh'
[7.604s] INFO:colcon.colcon_core.shell:Creating package script '/home/host/ros_ws/install/graspe_description/share/graspe_description/package.bash'
[7.604s] INFO:colcon.colcon_core.shell:Creating package script '/home/host/ros_ws/install/graspe_description/share/graspe_description/package.zsh'
[7.605s] Level 1:colcon.colcon_core.environment:create_file_with_runtime_dependencies(/home/host/ros_ws/install/graspe_description/share/colcon-core/packages/graspe_description)
[7.605s] DEBUG:colcon.colcon_parallel_executor.executor.parallel:closing loop
[7.605s] DEBUG:colcon.colcon_parallel_executor.executor.parallel:loop closed
[7.605s] DEBUG:colcon.colcon_parallel_executor.executor.parallel:run_until_complete finished with '0'
[7.605s] DEBUG:colcon.colcon_core.event_reactor:joining thread
[7.731s] INFO:colcon.colcon_core.plugin_system:Skipping extension 'colcon_notification.desktop_notification.notify_send': Could not find 'notify-send'
[7.731s] INFO:colcon.colcon_core.plugin_system:Skipping extension 'colcon_notification.desktop_notification.terminal_notifier': Not used on non-Darwin systems
[7.731s] INFO:colcon.colcon_core.plugin_system:Skipping extension 'colcon_notification.desktop_notification.win32': Not used on non-Windows systems
[7.731s] INFO:colcon.colcon_notification.desktop_notification:Sending desktop notification using 'notify2'
[8.031s] DEBUG:colcon.colcon_notification.desktop_notification.notify2:Failed to initialize notify2: org.freedesktop.DBus.Error.Spawn.ExecFailed: /usr/bin/dbus-launch terminated abnormally without any error message
[8.031s] DEBUG:colcon.colcon_core.event_reactor:joined thread
[8.032s] INFO:colcon.colcon_core.shell:Creating prefix script '/home/host/ros_ws/install/local_setup.ps1'
[8.045s] INFO:colcon.colcon_core.shell:Creating prefix util module '/home/host/ros_ws/install/_local_setup_util_ps1.py'
[8.047s] INFO:colcon.colcon_core.shell:Creating prefix chain script '/home/host/ros_ws/install/setup.ps1'
[8.048s] INFO:colcon.colcon_core.shell:Creating prefix script '/home/host/ros_ws/install/local_setup.sh'
[8.049s] INFO:colcon.colcon_core.shell:Creating prefix util module '/home/host/ros_ws/install/_local_setup_util_sh.py'
[8.049s] INFO:colcon.colcon_core.shell:Creating prefix chain script '/home/host/ros_ws/install/setup.sh'
[8.050s] INFO:colcon.colcon_core.shell:Creating prefix script '/home/host/ros_ws/install/local_setup.bash'
[8.050s] INFO:colcon.colcon_core.shell:Creating prefix chain script '/home/host/ros_ws/install/setup.bash'
[8.051s] INFO:colcon.colcon_core.shell:Creating prefix script '/home/host/ros_ws/install/local_setup.zsh'
[8.051s] INFO:colcon.colcon_core.shell:Creating prefix chain script '/home/host/ros_ws/install/setup.zsh'
