[0.000000] (-) TimerEvent: {}
[0.000734] (graspe_description) JobQueued: {'identifier': 'graspe_description', 'dependencies': OrderedDict()}
[0.000797] (montagem_description) JobQueued: {'identifier': 'montagem_description', 'dependencies': OrderedDict()}
[0.000957] (graspe_description) JobStarted: {'identifier': 'graspe_description'}
[0.004603] (montagem_description) JobStarted: {'identifier': 'montagem_description'}
[0.008264] (graspe_description) JobProgress: {'identifier': 'graspe_description', 'progress': 'cmake'}
[0.008581] (graspe_description) JobProgress: {'identifier': 'graspe_description', 'progress': 'build'}
[0.009122] (graspe_description) Command: {'cmd': ['/usr/bin/cmake', '--build', '/home/host/ros_ws/build/graspe_description', '--', '-j12', '-l12'], 'cwd': '/home/host/ros_ws/build/graspe_description', 'env': OrderedDict([('HOSTNAME', 'jpbg'), ('SHLVL', '1'), ('LD_LIBRARY_PATH', '/usr/lib/x86_64-linux-gnu/gazebo-11/plugins:/opt/ros/humble/opt/rviz_ogre_vendor/lib:/opt/ros/humble/lib/x86_64-linux-gnu:/opt/ros/humble/lib'), ('HOME', '/home/host'), ('OLDPWD', '/home/host'), ('ROS_PYTHON_VERSION', '3'), ('COLCON_PREFIX_PATH', '/home/host/ros_ws/install'), ('ROS_DISTRO', 'humble'), ('_', '/usr/bin/colcon'), ('ROS_VERSION', '2'), ('TERM', 'xterm'), ('ROS_LOCALHOST_ONLY', '0'), ('PATH', '/opt/ros/humble/bin:/usr/local/sbin:/usr/local/bin:/usr/sbin:/usr/bin:/sbin:/bin'), ('DISPLAY', ':0'), ('LANG', 'C.UTF-8'), ('AMENT_PREFIX_PATH', '/home/host/ros_ws/install/montagem_description:/home/host/ros_ws/install/Montagem_description:/home/host/ros_ws/install/graspe_description:/opt/ros/humble'), ('DEBIAN_FRONTEND', 'noninteractive'), ('PWD', '/home/host/ros_ws/build/graspe_description'), ('LC_ALL', 'C.UTF-8'), ('PYTHONPATH', '/home/host/ros_ws/install/montagem_description/lib/python3.10/site-packages:/home/host/ros_ws/install/Montagem_description/lib/python3.10/site-packages:/opt/ros/humble/lib/python3.10/site-packages:/opt/ros/humble/local/lib/python3.10/dist-packages'), ('COLCON', '1'), ('CMAKE_PREFIX_PATH', '/home/host/ros_ws/install/graspe_description:/home/host/ros_ws/install/montagem_description:/home/host/ros_ws/install/Montagem_description:/opt/ros/humble')]), 'shell': False}
[0.100055] (-) TimerEvent: {}
[0.144192] (graspe_description) CommandEnded: {'returncode': 0}
[0.162489] (graspe_description) JobProgress: {'identifier': 'graspe_description', 'progress': 'install'}
[0.169245] (graspe_description) Command: {'cmd': ['/usr/bin/cmake', '--install', '/home/host/ros_ws/build/graspe_description'], 'cwd': '/home/host/ros_ws/build/graspe_description', 'env': OrderedDict([('HOSTNAME', 'jpbg'), ('SHLVL', '1'), ('LD_LIBRARY_PATH', '/usr/lib/x86_64-linux-gnu/gazebo-11/plugins:/opt/ros/humble/opt/rviz_ogre_vendor/lib:/opt/ros/humble/lib/x86_64-linux-gnu:/opt/ros/humble/lib'), ('HOME', '/home/host'), ('OLDPWD', '/home/host'), ('ROS_PYTHON_VERSION', '3'), ('COLCON_PREFIX_PATH', '/home/host/ros_ws/install'), ('ROS_DISTRO', 'humble'), ('_', '/usr/bin/colcon'), ('ROS_VERSION', '2'), ('TERM', 'xterm'), ('ROS_LOCALHOST_ONLY', '0'), ('PATH', '/opt/ros/humble/bin:/usr/local/sbin:/usr/local/bin:/usr/sbin:/usr/bin:/sbin:/bin'), ('DISPLAY', ':0'), ('LANG', 'C.UTF-8'), ('AMENT_PREFIX_PATH', '/home/host/ros_ws/install/montagem_description:/home/host/ros_ws/install/Montagem_description:/home/host/ros_ws/install/graspe_description:/opt/ros/humble'), ('DEBIAN_FRONTEND', 'noninteractive'), ('PWD', '/home/host/ros_ws/build/graspe_description'), ('LC_ALL', 'C.UTF-8'), ('PYTHONPATH', '/home/host/ros_ws/install/montagem_description/lib/python3.10/site-packages:/home/host/ros_ws/install/Montagem_description/lib/python3.10/site-packages:/opt/ros/humble/lib/python3.10/site-packages:/opt/ros/humble/local/lib/python3.10/dist-packages'), ('COLCON', '1'), ('CMAKE_PREFIX_PATH', '/home/host/ros_ws/install/graspe_description:/home/host/ros_ws/install/montagem_description:/home/host/ros_ws/install/Montagem_description:/opt/ros/humble')]), 'shell': False}
[0.174197] (graspe_description) StdoutLine: {'line': b'-- Install configuration: ""\n'}
[0.174414] (graspe_description) StdoutLine: {'line': b'-- Up-to-date: /home/host/ros_ws/install/graspe_description/share/graspe_description/launch\n'}
[0.174499] (graspe_description) StdoutLine: {'line': b'-- Up-to-date: /home/host/ros_ws/install/graspe_description/share/graspe_description/launch/robot_display.launch.py\n'}
[0.174569] (graspe_description) StdoutLine: {'line': b'-- Up-to-date: /home/host/ros_ws/install/graspe_description/share/graspe_description/urdf\n'}
[0.174636] (graspe_description) StdoutLine: {'line': b'-- Up-to-date: /home/host/ros_ws/install/graspe_description/share/graspe_description/urdf/robot.urdf\n'}
[0.174808] (graspe_description) StdoutLine: {'line': b'-- Up-to-date: /home/host/ros_ws/install/graspe_description/share/graspe_description/rviz\n'}
[0.174882] (graspe_description) StdoutLine: {'line': b'-- Up-to-date: /home/host/ros_ws/install/graspe_description/share/graspe_description/rviz/display_config.rviz\n'}
[0.174944] (graspe_description) StdoutLine: {'line': b'-- Up-to-date: /home/host/ros_ws/install/graspe_description/share/ament_index/resource_index/package_run_dependencies/graspe_description\n'}
[0.175003] (graspe_description) StdoutLine: {'line': b'-- Up-to-date: /home/host/ros_ws/install/graspe_description/share/ament_index/resource_index/parent_prefix_path/graspe_description\n'}
[0.175062] (graspe_description) StdoutLine: {'line': b'-- Up-to-date: /home/host/ros_ws/install/graspe_description/share/graspe_description/environment/ament_prefix_path.sh\n'}
[0.175122] (graspe_description) StdoutLine: {'line': b'-- Up-to-date: /home/host/ros_ws/install/graspe_description/share/graspe_description/environment/ament_prefix_path.dsv\n'}
[0.175182] (graspe_description) StdoutLine: {'line': b'-- Up-to-date: /home/host/ros_ws/install/graspe_description/share/graspe_description/environment/path.sh\n'}
[0.175240] (graspe_description) StdoutLine: {'line': b'-- Up-to-date: /home/host/ros_ws/install/graspe_description/share/graspe_description/environment/path.dsv\n'}
[0.175299] (graspe_description) StdoutLine: {'line': b'-- Up-to-date: /home/host/ros_ws/install/graspe_description/share/graspe_description/local_setup.bash\n'}
[0.175358] (graspe_description) StdoutLine: {'line': b'-- Up-to-date: /home/host/ros_ws/install/graspe_description/share/graspe_description/local_setup.sh\n'}
[0.175418] (graspe_description) StdoutLine: {'line': b'-- Up-to-date: /home/host/ros_ws/install/graspe_description/share/graspe_description/local_setup.zsh\n'}
[0.175556] (graspe_description) StdoutLine: {'line': b'-- Up-to-date: /home/host/ros_ws/install/graspe_description/share/graspe_description/local_setup.dsv\n'}
[0.175602] (graspe_description) StdoutLine: {'line': b'-- Installing: /home/host/ros_ws/install/graspe_description/share/graspe_description/package.dsv\n'}
[0.175638] (graspe_description) StdoutLine: {'line': b'-- Up-to-date: /home/host/ros_ws/install/graspe_description/share/ament_index/resource_index/packages/graspe_description\n'}
[0.175809] (graspe_description) StdoutLine: {'line': b'-- Up-to-date: /home/host/ros_ws/install/graspe_description/share/graspe_description/cmake/graspe_descriptionConfig.cmake\n'}
[0.175890] (graspe_description) StdoutLine: {'line': b'-- Up-to-date: /home/host/ros_ws/install/graspe_description/share/graspe_description/cmake/graspe_descriptionConfig-version.cmake\n'}
[0.175927] (graspe_description) StdoutLine: {'line': b'-- Up-to-date: /home/host/ros_ws/install/graspe_description/share/graspe_description/package.xml\n'}
[0.176276] (graspe_description) CommandEnded: {'returncode': 0}
[0.200157] (-) TimerEvent: {}
[0.204203] (graspe_description) JobEnded: {'identifier': 'graspe_description', 'rc': 0}
[0.300274] (-) TimerEvent: {}
[0.318039] (montagem_description) Command: {'cmd': ['/usr/bin/python3', '-W', 'ignore:setup.py install is deprecated', 'setup.py', 'egg_info', '--egg-base', '../../build/montagem_description', 'build', '--build-base', '/home/host/ros_ws/build/montagem_description/build', 'install', '--record', '/home/host/ros_ws/build/montagem_description/install.log', '--install-scripts', '$base/lib/montagem_description', '--single-version-externally-managed', 'install_data'], 'cwd': '/home/host/ros_ws/src/montagem_description', 'env': {'HOSTNAME': 'jpbg', 'SHLVL': '1', 'LD_LIBRARY_PATH': '/usr/lib/x86_64-linux-gnu/gazebo-11/plugins:/opt/ros/humble/opt/rviz_ogre_vendor/lib:/opt/ros/humble/lib/x86_64-linux-gnu:/opt/ros/humble/lib', 'HOME': '/home/host', 'OLDPWD': '/home/host', 'ROS_PYTHON_VERSION': '3', 'COLCON_PREFIX_PATH': '/home/host/ros_ws/install', 'ROS_DISTRO': 'humble', '_': '/usr/bin/colcon', 'ROS_VERSION': '2', 'TERM': 'xterm', 'ROS_LOCALHOST_ONLY': '0', 'PATH': '/opt/ros/humble/bin:/usr/local/sbin:/usr/local/bin:/usr/sbin:/usr/bin:/sbin:/bin', 'DISPLAY': ':0', 'LANG': 'C.UTF-8', 'AMENT_PREFIX_PATH': '/home/host/ros_ws/install/montagem_description:/home/host/ros_ws/install/Montagem_description:/home/host/ros_ws/install/graspe_description:/opt/ros/humble', 'DEBIAN_FRONTEND': 'noninteractive', 'PWD': '/home/host/ros_ws/build/montagem_description', 'LC_ALL': 'C.UTF-8', 'PYTHONPATH': '/home/host/ros_ws/build/montagem_description/prefix_override:/usr/lib/python3/dist-packages/colcon_core/task/python/colcon_distutils_commands:/home/host/ros_ws/install/montagem_description/lib/python3.10/site-packages:/home/host/ros_ws/install/montagem_description/lib/python3.10/site-packages:/home/host/ros_ws/install/Montagem_description/lib/python3.10/site-packages:/opt/ros/humble/lib/python3.10/site-packages:/opt/ros/humble/local/lib/python3.10/dist-packages', 'COLCON': '1', 'CMAKE_PREFIX_PATH': '/home/host/ros_ws/install/graspe_description'}, 'shell': False}
[0.400456] (-) TimerEvent: {}
[0.426541] (montagem_description) StderrLine: {'line': b"/usr/lib/python3/dist-packages/setuptools/dist.py:723: UserWarning: Usage of dash-separated 'script-dir' will not be supported in future versions. Please use the underscore name 'script_dir' instead\n"}
[0.426681] (montagem_description) StderrLine: {'line': b'  warnings.warn(\n'}
[0.431591] (montagem_description) StdoutLine: {'line': b'running egg_info\n'}
[0.432013] (montagem_description) StdoutLine: {'line': b'writing ../../build/montagem_description/montagem_description.egg-info/PKG-INFO\n'}
[0.432209] (montagem_description) StdoutLine: {'line': b'writing dependency_links to ../../build/montagem_description/montagem_description.egg-info/dependency_links.txt\n'}
[0.432301] (montagem_description) StdoutLine: {'line': b'writing entry points to ../../build/montagem_description/montagem_description.egg-info/entry_points.txt\n'}
[0.432367] (montagem_description) StdoutLine: {'line': b'writing requirements to ../../build/montagem_description/montagem_description.egg-info/requires.txt\n'}
[0.432427] (montagem_description) StdoutLine: {'line': b'writing top-level names to ../../build/montagem_description/montagem_description.egg-info/top_level.txt\n'}
[0.433289] (montagem_description) StdoutLine: {'line': b"reading manifest file '../../build/montagem_description/montagem_description.egg-info/SOURCES.txt'\n"}
[0.433968] (montagem_description) StdoutLine: {'line': b"writing manifest file '../../build/montagem_description/montagem_description.egg-info/SOURCES.txt'\n"}
[0.434112] (montagem_description) StdoutLine: {'line': b'running build\n'}
[0.434249] (montagem_description) StdoutLine: {'line': b'running build_py\n'}
[0.434333] (montagem_description) StdoutLine: {'line': b'running install\n'}
[0.434396] (montagem_description) StdoutLine: {'line': b'running install_lib\n'}
[0.434993] (montagem_description) StdoutLine: {'line': b'running install_data\n'}
[0.435149] (montagem_description) StdoutLine: {'line': b'copying urdf/montagem.xacro -> /home/host/ros_ws/install/montagem_description/share/montagem_description/urdf\n'}
[0.435286] (montagem_description) StdoutLine: {'line': b'running install_egg_info\n'}
[0.436369] (montagem_description) StdoutLine: {'line': b"removing '/home/host/ros_ws/install/montagem_description/lib/python3.10/site-packages/montagem_description-0.0.0-py3.10.egg-info' (and everything under it)\n"}
[0.436529] (montagem_description) StdoutLine: {'line': b'Copying ../../build/montagem_description/montagem_description.egg-info to /home/host/ros_ws/install/montagem_description/lib/python3.10/site-packages/montagem_description-0.0.0-py3.10.egg-info\n'}
[0.436867] (montagem_description) StdoutLine: {'line': b'running install_scripts\n'}
[0.449605] (montagem_description) StdoutLine: {'line': b"writing list of installed files to '/home/host/ros_ws/build/montagem_description/install.log'\n"}
[0.462911] (montagem_description) CommandEnded: {'returncode': 0}
[0.466541] (montagem_description) JobEnded: {'identifier': 'montagem_description', 'rc': 0}
[0.467025] (-) EventReactorShutdown: {}
