/home/host/ros_ws/install/graspeurdf_description/lib/python3.10/site-packages/graspeurdf_description/__init__.py
/home/host/ros_ws/install/graspeurdf_description/lib/python3.10/site-packages/graspeurdf_description/__pycache__/__init__.cpython-310.pyc
/home/host/ros_ws/install/graspeurdf_description/share/ament_index/resource_index/packages/graspeurdf_description
/home/host/ros_ws/install/graspeurdf_description/share/graspeurdf_description/package.xml
/home/host/ros_ws/install/graspeurdf_description/share/graspeurdf_description/launch/display.launch.py
/home/host/ros_ws/install/graspeurdf_description/share/graspeurdf_description/launch/gazebo.launch.py
/home/host/ros_ws/install/graspeurdf_description/share/graspeurdf_description/urdf/graspeurdf.xacro
/home/host/ros_ws/install/graspeurdf_description/share/graspeurdf_description/urdf/graspeurdf.gazebo
/home/host/ros_ws/install/graspeurdf_description/share/graspeurdf_description/urdf/graspeurdf.trans
/home/host/ros_ws/install/graspeurdf_description/share/graspeurdf_description/urdf/graspeurdf_ros2_control.xacro
/home/host/ros_ws/install/graspeurdf_description/share/graspeurdf_description/urdf/materials.xacro
/home/host/ros_ws/install/graspeurdf_description/share/graspeurdf_description/meshes/rotacionalpequeno_1.stl
/home/host/ros_ws/install/graspeurdf_description/share/graspeurdf_description/meshes/base_link.stl
/home/host/ros_ws/install/graspeurdf_description/share/graspeurdf_description/meshes/rotacionalgrande_1.stl
/home/host/ros_ws/install/graspeurdf_description/share/graspeurdf_description/meshes/linkgrande_1.stl
/home/host/ros_ws/install/graspeurdf_description/share/graspeurdf_description/meshes/prismatica_1.stl
/home/host/ros_ws/install/graspeurdf_description/share/graspeurdf_description/meshes/linkpequeno_1.stl
/home/host/ros_ws/install/graspeurdf_description/share/graspeurdf_description/meshes/endfactor_1.stl
/home/host/ros_ws/install/graspeurdf_description/share/graspeurdf_description/config/display.rviz
/home/host/ros_ws/install/graspeurdf_description/lib/python3.10/site-packages/graspeurdf_description-0.0.0-py3.10.egg-info/requires.txt
/home/host/ros_ws/install/graspeurdf_description/lib/python3.10/site-packages/graspeurdf_description-0.0.0-py3.10.egg-info/zip-safe
/home/host/ros_ws/install/graspeurdf_description/lib/python3.10/site-packages/graspeurdf_description-0.0.0-py3.10.egg-info/SOURCES.txt
/home/host/ros_ws/install/graspeurdf_description/lib/python3.10/site-packages/graspeurdf_description-0.0.0-py3.10.egg-info/entry_points.txt
/home/host/ros_ws/install/graspeurdf_description/lib/python3.10/site-packages/graspeurdf_description-0.0.0-py3.10.egg-info/PKG-INFO
/home/host/ros_ws/install/graspeurdf_description/lib/python3.10/site-packages/graspeurdf_description-0.0.0-py3.10.egg-info/top_level.txt
/home/host/ros_ws/install/graspeurdf_description/lib/python3.10/site-packages/graspeurdf_description-0.0.0-py3.10.egg-info/dependency_links.txt
