[0.000000] (-) TimerEvent: {}
[0.000503] (graspeurdf_description) JobQueued: {'identifier': 'graspeurdf_description', 'dependencies': OrderedDict()}
[0.000560] (montagem_description) JobQueued: {'identifier': 'montagem_description', 'dependencies': OrderedDict()}
[0.000594] (graspeurdf_description) JobStarted: {'identifier': 'graspeurdf_description'}
[0.005694] (montagem_description) JobStarted: {'identifier': 'montagem_description'}
[0.100014] (-) TimerEvent: {}
[0.200430] (-) TimerEvent: {}
[0.300809] (-) TimerEvent: {}
[0.401188] (-) TimerEvent: {}
[0.446951] (montagem_description) Command: {'cmd': ['/usr/bin/python3', '-W', 'ignore:setup.py install is deprecated', 'setup.py', 'egg_info', '--egg-base', '../../build/montagem_description', 'build', '--build-base', '/home/host/ros_ws/build/montagem_description/build', 'install', '--record', '/home/host/ros_ws/build/montagem_description/install.log', '--install-scripts', '$base/lib/montagem_description', '--single-version-externally-managed', 'install_data'], 'cwd': '/home/host/ros_ws/src/montagem_description', 'env': {'HOSTNAME': 'jpbg', 'SHLVL': '1', 'LD_LIBRARY_PATH': '/usr/lib/x86_64-linux-gnu/gazebo-11/plugins:/opt/ros/humble/opt/rviz_ogre_vendor/lib:/opt/ros/humble/lib/x86_64-linux-gnu:/opt/ros/humble/lib', 'HOME': '/home/host', 'OLDPWD': '/home/host', 'ROS_PYTHON_VERSION': '3', 'COLCON_PREFIX_PATH': '/home/host/ros_ws/install', 'ROS_DISTRO': 'humble', '_': '/usr/bin/colcon', 'ROS_VERSION': '2', 'TERM': 'xterm', 'ROS_LOCALHOST_ONLY': '0', 'PATH': '/opt/ros/humble/bin:/usr/local/sbin:/usr/local/bin:/usr/sbin:/usr/bin:/sbin:/bin', 'DISPLAY': ':0', 'LANG': 'C.UTF-8', 'AMENT_PREFIX_PATH': '/home/host/ros_ws/install/graspeurdf_description:/home/host/ros_ws/install/montagem_description:/home/host/ros_ws/install/graspe_description:/home/host/ros_ws/install/Montagem_description:/opt/ros/humble', 'DEBIAN_FRONTEND': 'noninteractive', 'PWD': '/home/host/ros_ws/build/montagem_description', 'LC_ALL': 'C.UTF-8', 'PYTHONPATH': '/home/host/ros_ws/build/montagem_description/prefix_override:/usr/lib/python3/dist-packages/colcon_core/task/python/colcon_distutils_commands:/home/host/ros_ws/install/montagem_description/lib/python3.10/site-packages:/home/host/ros_ws/install/graspeurdf_description/lib/python3.10/site-packages:/home/host/ros_ws/install/montagem_description/lib/python3.10/site-packages:/home/host/ros_ws/install/Montagem_description/lib/python3.10/site-packages:/opt/ros/humble/lib/python3.10/site-packages:/opt/ros/humble/local/lib/python3.10/dist-packages', 'COLCON': '1', 'CMAKE_PREFIX_PATH': '/home/host/ros_ws/install/graspe_description'}, 'shell': False}
[0.450500] (graspeurdf_description) Command: {'cmd': ['/usr/bin/python3', '-W', 'ignore:setup.py install is deprecated', 'setup.py', 'egg_info', '--egg-base', '../../build/graspeurdf_description', 'build', '--build-base', '/home/host/ros_ws/build/graspeurdf_description/build', 'install', '--record', '/home/host/ros_ws/build/graspeurdf_description/install.log', '--install-scripts', '$base/lib/graspeurdf_description', '--single-version-externally-managed', 'install_data'], 'cwd': '/home/host/ros_ws/src/graspeurdf_description', 'env': {'HOSTNAME': 'jpbg', 'SHLVL': '1', 'LD_LIBRARY_PATH': '/usr/lib/x86_64-linux-gnu/gazebo-11/plugins:/opt/ros/humble/opt/rviz_ogre_vendor/lib:/opt/ros/humble/lib/x86_64-linux-gnu:/opt/ros/humble/lib', 'HOME': '/home/host', 'OLDPWD': '/home/host', 'ROS_PYTHON_VERSION': '3', 'COLCON_PREFIX_PATH': '/home/host/ros_ws/install', 'ROS_DISTRO': 'humble', '_': '/usr/bin/colcon', 'ROS_VERSION': '2', 'TERM': 'xterm', 'ROS_LOCALHOST_ONLY': '0', 'PATH': '/opt/ros/humble/bin:/usr/local/sbin:/usr/local/bin:/usr/sbin:/usr/bin:/sbin:/bin', 'DISPLAY': ':0', 'LANG': 'C.UTF-8', 'AMENT_PREFIX_PATH': '/home/host/ros_ws/install/graspeurdf_description:/home/host/ros_ws/install/montagem_description:/home/host/ros_ws/install/graspe_description:/home/host/ros_ws/install/Montagem_description:/opt/ros/humble', 'DEBIAN_FRONTEND': 'noninteractive', 'PWD': '/home/host/ros_ws/build/graspeurdf_description', 'LC_ALL': 'C.UTF-8', 'PYTHONPATH': '/home/host/ros_ws/build/graspeurdf_description/prefix_override:/usr/lib/python3/dist-packages/colcon_core/task/python/colcon_distutils_commands:/home/host/ros_ws/install/graspeurdf_description/lib/python3.10/site-packages:/home/host/ros_ws/install/graspeurdf_description/lib/python3.10/site-packages:/home/host/ros_ws/install/montagem_description/lib/python3.10/site-packages:/home/host/ros_ws/install/Montagem_description/lib/python3.10/site-packages:/opt/ros/humble/lib/python3.10/site-packages:/opt/ros/humble/local/lib/python3.10/dist-packages', 'COLCON': '1', 'CMAKE_PREFIX_PATH': '/home/host/ros_ws/install/graspe_description'}, 'shell': False}
[0.501283] (-) TimerEvent: {}
[0.572526] (graspeurdf_description) StderrLine: {'line': b"/usr/lib/python3/dist-packages/setuptools/dist.py:723: UserWarning: Usage of dash-separated 'script-dir' will not be supported in future versions. Please use the underscore name 'script_dir' instead\n"}
[0.572692] (graspeurdf_description) StderrLine: {'line': b'  warnings.warn(\n'}
[0.575411] (montagem_description) StderrLine: {'line': b"/usr/lib/python3/dist-packages/setuptools/dist.py:723: UserWarning: Usage of dash-separated 'script-dir' will not be supported in future versions. Please use the underscore name 'script_dir' instead\n"}
[0.575573] (montagem_description) StderrLine: {'line': b'  warnings.warn(\n'}
[0.577805] (graspeurdf_description) StdoutLine: {'line': b'running egg_info\n'}
[0.578252] (graspeurdf_description) StdoutLine: {'line': b'writing ../../build/graspeurdf_description/graspeurdf_description.egg-info/PKG-INFO\n'}
[0.578350] (graspeurdf_description) StdoutLine: {'line': b'writing dependency_links to ../../build/graspeurdf_description/graspeurdf_description.egg-info/dependency_links.txt\n'}
[0.578691] (graspeurdf_description) StdoutLine: {'line': b'writing entry points to ../../build/graspeurdf_description/graspeurdf_description.egg-info/entry_points.txt\n'}
[0.578780] (graspeurdf_description) StdoutLine: {'line': b'writing requirements to ../../build/graspeurdf_description/graspeurdf_description.egg-info/requires.txt\n'}
[0.578845] (graspeurdf_description) StdoutLine: {'line': b'writing top-level names to ../../build/graspeurdf_description/graspeurdf_description.egg-info/top_level.txt\n'}
[0.579666] (graspeurdf_description) StdoutLine: {'line': b"reading manifest file '../../build/graspeurdf_description/graspeurdf_description.egg-info/SOURCES.txt'\n"}
[0.580344] (graspeurdf_description) StdoutLine: {'line': b"writing manifest file '../../build/graspeurdf_description/graspeurdf_description.egg-info/SOURCES.txt'\n"}
[0.580440] (graspeurdf_description) StdoutLine: {'line': b'running build\n'}
[0.580506] (graspeurdf_description) StdoutLine: {'line': b'running build_py\n'}
[0.580566] (graspeurdf_description) StdoutLine: {'line': b'running install\n'}
[0.580708] (graspeurdf_description) StdoutLine: {'line': b'running install_lib\n'}
[0.580978] (montagem_description) StdoutLine: {'line': b'running egg_info\n'}
[0.581435] (graspeurdf_description) StdoutLine: {'line': b'running install_data\n'}
[0.581609] (montagem_description) StdoutLine: {'line': b'writing ../../build/montagem_description/montagem_description.egg-info/PKG-INFO\n'}
[0.581873] (graspeurdf_description) StdoutLine: {'line': b'copying urdf/graspeurdf.xacro -> /home/host/ros_ws/install/graspeurdf_description/share/graspeurdf_description/urdf\n'}
[0.581938] (montagem_description) StdoutLine: {'line': b'writing dependency_links to ../../build/montagem_description/montagem_description.egg-info/dependency_links.txt\n'}
[0.582263] (montagem_description) StdoutLine: {'line': b'writing entry points to ../../build/montagem_description/montagem_description.egg-info/entry_points.txt\n'}
[0.582467] (graspeurdf_description) StdoutLine: {'line': b'running install_egg_info\n'}
[0.582535] (montagem_description) StdoutLine: {'line': b'writing requirements to ../../build/montagem_description/montagem_description.egg-info/requires.txt\n'}
[0.582595] (montagem_description) StdoutLine: {'line': b'writing top-level names to ../../build/montagem_description/montagem_description.egg-info/top_level.txt\n'}
[0.583101] (montagem_description) StdoutLine: {'line': b"reading manifest file '../../build/montagem_description/montagem_description.egg-info/SOURCES.txt'\n"}
[0.583279] (graspeurdf_description) StdoutLine: {'line': b"removing '/home/host/ros_ws/install/graspeurdf_description/lib/python3.10/site-packages/graspeurdf_description-0.0.0-py3.10.egg-info' (and everything under it)\n"}
[0.583383] (graspeurdf_description) StdoutLine: {'line': b'Copying ../../build/graspeurdf_description/graspeurdf_description.egg-info to /home/host/ros_ws/install/graspeurdf_description/lib/python3.10/site-packages/graspeurdf_description-0.0.0-py3.10.egg-info\n'}
[0.583618] (montagem_description) StdoutLine: {'line': b"writing manifest file '../../build/montagem_description/montagem_description.egg-info/SOURCES.txt'\n"}
[0.583712] (graspeurdf_description) StdoutLine: {'line': b'running install_scripts\n'}
[0.583986] (montagem_description) StdoutLine: {'line': b'running build\n'}
[0.584052] (montagem_description) StdoutLine: {'line': b'running build_py\n'}
[0.584187] (montagem_description) StdoutLine: {'line': b'running install\n'}
[0.584277] (montagem_description) StdoutLine: {'line': b'running install_lib\n'}
[0.584876] (montagem_description) StdoutLine: {'line': b'running install_data\n'}
[0.585168] (montagem_description) StdoutLine: {'line': b'running install_egg_info\n'}
[0.586153] (montagem_description) StdoutLine: {'line': b"removing '/home/host/ros_ws/install/montagem_description/lib/python3.10/site-packages/montagem_description-0.0.0-py3.10.egg-info' (and everything under it)\n"}
[0.586503] (montagem_description) StdoutLine: {'line': b'Copying ../../build/montagem_description/montagem_description.egg-info to /home/host/ros_ws/install/montagem_description/lib/python3.10/site-packages/montagem_description-0.0.0-py3.10.egg-info\n'}
[0.586938] (montagem_description) StdoutLine: {'line': b'running install_scripts\n'}
[0.597515] (graspeurdf_description) StdoutLine: {'line': b"writing list of installed files to '/home/host/ros_ws/build/graspeurdf_description/install.log'\n"}
[0.600640] (montagem_description) StdoutLine: {'line': b"writing list of installed files to '/home/host/ros_ws/build/montagem_description/install.log'\n"}
[0.601369] (-) TimerEvent: {}
[0.614035] (graspeurdf_description) CommandEnded: {'returncode': 0}
[0.619741] (graspeurdf_description) JobEnded: {'identifier': 'graspeurdf_description', 'rc': 0}
[0.620604] (montagem_description) CommandEnded: {'returncode': 0}
[0.623983] (montagem_description) JobEnded: {'identifier': 'montagem_description', 'rc': 0}
[0.624601] (-) EventReactorShutdown: {}
