[0.313s] Invoking command in '/home/host/ros_ws/src/montagem_description': PYTHONPATH=/home/host/ros_ws/build/montagem_description/prefix_override:/usr/lib/python3/dist-packages/colcon_core/task/python/colcon_distutils_commands:/home/host/ros_ws/install/montagem_description/lib/python3.10/site-packages:${PYTHONPATH} /usr/bin/python3 -W ignore:setup.py install is deprecated setup.py egg_info --egg-base ../../build/montagem_description build --build-base /home/host/ros_ws/build/montagem_description/build install --record /home/host/ros_ws/build/montagem_description/install.log --install-scripts $base/lib/montagem_description --single-version-externally-managed install_data
[0.421s] /usr/lib/python3/dist-packages/setuptools/dist.py:723: UserWarning: Usage of dash-separated 'script-dir' will not be supported in future versions. Please use the underscore name 'script_dir' instead
[0.421s]   warnings.warn(
[0.426s] running egg_info
[0.427s] creating ../../build/montagem_description/montagem_description.egg-info
[0.427s] writing ../../build/montagem_description/montagem_description.egg-info/PKG-INFO
[0.427s] writing dependency_links to ../../build/montagem_description/montagem_description.egg-info/dependency_links.txt
[0.427s] writing entry points to ../../build/montagem_description/montagem_description.egg-info/entry_points.txt
[0.427s] writing requirements to ../../build/montagem_description/montagem_description.egg-info/requires.txt
[0.427s] writing top-level names to ../../build/montagem_description/montagem_description.egg-info/top_level.txt
[0.427s] writing manifest file '../../build/montagem_description/montagem_description.egg-info/SOURCES.txt'
[0.442s] reading manifest file '../../build/montagem_description/montagem_description.egg-info/SOURCES.txt'
[0.443s] writing manifest file '../../build/montagem_description/montagem_description.egg-info/SOURCES.txt'
[0.443s] running build
[0.443s] running build_py
[0.443s] creating /home/host/ros_ws/build/montagem_description/build
[0.443s] creating /home/host/ros_ws/build/montagem_description/build/lib
[0.443s] creating /home/host/ros_ws/build/montagem_description/build/lib/montagem_description
[0.443s] copying montagem_description/__init__.py -> /home/host/ros_ws/build/montagem_description/build/lib/montagem_description
[0.443s] running install
[0.443s] running install_lib
[0.443s] creating /home/host/ros_ws/install/montagem_description/lib/python3.10/site-packages/montagem_description
[0.444s] copying /home/host/ros_ws/build/montagem_description/build/lib/montagem_description/__init__.py -> /home/host/ros_ws/install/montagem_description/lib/python3.10/site-packages/montagem_description
[0.444s] byte-compiling /home/host/ros_ws/install/montagem_description/lib/python3.10/site-packages/montagem_description/__init__.py to __init__.cpython-310.pyc
[0.444s] running install_data
[0.444s] creating /home/host/ros_ws/install/montagem_description/share/montagem_description/launch
[0.444s] copying launch/display.launch.py -> /home/host/ros_ws/install/montagem_description/share/montagem_description/launch
[0.444s] copying launch/gazebo.launch.py -> /home/host/ros_ws/install/montagem_description/share/montagem_description/launch
[0.444s] creating /home/host/ros_ws/install/montagem_description/share/montagem_description/urdf
[0.444s] copying urdf/montagem.xacro -> /home/host/ros_ws/install/montagem_description/share/montagem_description/urdf
[0.444s] copying urdf/montagem.gazebo -> /home/host/ros_ws/install/montagem_description/share/montagem_description/urdf
[0.444s] copying urdf/montagem.trans -> /home/host/ros_ws/install/montagem_description/share/montagem_description/urdf
[0.445s] copying urdf/materials.xacro -> /home/host/ros_ws/install/montagem_description/share/montagem_description/urdf
[0.445s] creating /home/host/ros_ws/install/montagem_description/share/montagem_description/meshes
[0.445s] copying meshes/rotacionalpequeno_1.stl -> /home/host/ros_ws/install/montagem_description/share/montagem_description/meshes
[0.445s] copying meshes/base_link.stl -> /home/host/ros_ws/install/montagem_description/share/montagem_description/meshes
[0.445s] copying meshes/rotacionalgrande_1.stl -> /home/host/ros_ws/install/montagem_description/share/montagem_description/meshes
[0.445s] copying meshes/linkgrande_1.stl -> /home/host/ros_ws/install/montagem_description/share/montagem_description/meshes
[0.445s] copying meshes/prismatica_1.stl -> /home/host/ros_ws/install/montagem_description/share/montagem_description/meshes
[0.445s] copying meshes/linkpequeno_1.stl -> /home/host/ros_ws/install/montagem_description/share/montagem_description/meshes
[0.445s] copying meshes/endfactor_1.stl -> /home/host/ros_ws/install/montagem_description/share/montagem_description/meshes
[0.445s] creating /home/host/ros_ws/install/montagem_description/share/montagem_description/config
[0.445s] copying config/display.rviz -> /home/host/ros_ws/install/montagem_description/share/montagem_description/config
[0.445s] running install_egg_info
[0.446s] Copying ../../build/montagem_description/montagem_description.egg-info to /home/host/ros_ws/install/montagem_description/lib/python3.10/site-packages/montagem_description-0.0.0-py3.10.egg-info
[0.446s] running install_scripts
[0.459s] writing list of installed files to '/home/host/ros_ws/build/montagem_description/install.log'
[0.473s] Invoked command in '/home/host/ros_ws/src/montagem_description' returned '0': PYTHONPATH=/home/host/ros_ws/build/montagem_description/prefix_override:/usr/lib/python3/dist-packages/colcon_core/task/python/colcon_distutils_commands:/home/host/ros_ws/install/montagem_description/lib/python3.10/site-packages:${PYTHONPATH} /usr/bin/python3 -W ignore:setup.py install is deprecated setup.py egg_info --egg-base ../../build/montagem_description build --build-base /home/host/ros_ws/build/montagem_description/build install --record /home/host/ros_ws/build/montagem_description/install.log --install-scripts $base/lib/montagem_description --single-version-externally-managed install_data
