[0.020s] Invoking command in '/home/host/ros_ws/build/graspe_description': CMAKE_PREFIX_PATH=/opt/ros/humble /usr/bin/cmake /home/host/ros_ws/src/graspe_description -DCMAKE_INSTALL_PREFIX=/home/host/ros_ws/install/graspe_description
[0.136s] -- The C compiler identification is GNU 11.4.0
[0.225s] -- The CXX compiler identification is GNU 11.4.0
[0.235s] -- Detecting C compiler ABI info
[0.340s] -- Detecting C compiler ABI info - done
[0.352s] -- Check for working C compiler: /usr/bin/cc - skipped
[0.353s] -- Detecting C compile features
[0.353s] -- Detecting C compile features - done
[0.358s] -- Detecting CXX compiler ABI info
[0.481s] -- Detecting CXX compiler ABI info - done
[0.498s] -- Check for working CXX compiler: /usr/bin/c++ - skipped
[0.498s] -- Detecting CXX compile features
[0.499s] -- Detecting CXX compile features - done
[0.507s] -- Found ament_cmake: 1.3.10 (/opt/ros/humble/share/ament_cmake/cmake)
[0.707s] -- Found Python3: /usr/bin/python3 (found version "3.10.12") found components: Interpreter 
[0.838s] [31mCMake Error at CMakeLists.txt:10 (find_package):
[0.839s]   By not providing "Findrospy.cmake" in CMAKE_MODULE_PATH this project has
[0.839s]   asked CMake to find a package configuration file provided by "rospy", but
[0.839s]   CMake did not find one.
[0.839s] 
[0.839s]   Could not find a package configuration file provided by "rospy" with any of
[0.839s]   the following names:
[0.840s] 
[0.840s]     rospyConfig.cmake
[0.840s]     rospy-config.cmake
[0.840s] 
[0.840s]   Add the installation prefix of "rospy" to CMAKE_PREFIX_PATH or set
[0.840s]   "rospy_DIR" to a directory containing one of the above files.  If "rospy"
[0.841s]   provides a separate development package or SDK, be sure it has been
[0.841s]   installed.
[0.841s] 
[0.841s] [0m
[0.841s] -- Configuring incomplete, errors occurred!
[0.841s] See also "/home/host/ros_ws/build/graspe_description/CMakeFiles/CMakeOutput.log".
[0.844s] Invoked command in '/home/host/ros_ws/build/graspe_description' returned '1': CMAKE_PREFIX_PATH=/opt/ros/humble /usr/bin/cmake /home/host/ros_ws/src/graspe_description -DCMAKE_INSTALL_PREFIX=/home/host/ros_ws/install/graspe_description
