[0.115s] Invoking command in '/home/host/ros_ws/build/graspe_description': CMAKE_PREFIX_PATH=/opt/ros/humble /usr/bin/cmake /home/host/ros_ws/src/graspe_description -DCMAKE_INSTALL_PREFIX=/home/host/ros_ws/install/graspe_description
[0.881s] -- Found ament_cmake: 1.3.10 (/opt/ros/humble/share/ament_cmake/cmake)
[1.586s] [31mCMake Error at CMakeLists.txt:10 (find_package):
[1.587s]   By not providing "Findroscpp.cmake" in CMAKE_MODULE_PATH this project has
[1.587s]   asked CMake to find a package configuration file provided by "roscpp", but
[1.587s]   CMake did not find one.
[1.587s] 
[1.587s]   Could not find a package configuration file provided by "roscpp" with any
[1.588s]   of the following names:
[1.588s] 
[1.588s]     roscppConfig.cmake
[1.588s]     roscpp-config.cmake
[1.588s] 
[1.588s]   Add the installation prefix of "roscpp" to CMAKE_PREFIX_PATH or set
[1.589s]   "roscpp_DIR" to a directory containing one of the above files.  If "roscpp"
[1.589s]   provides a separate development package or SDK, be sure it has been
[1.589s]   installed.
[1.589s] 
[1.589s] [0m
[1.589s] -- Configuring incomplete, errors occurred!
[1.590s] See also "/home/host/ros_ws/build/graspe_description/CMakeFiles/CMakeOutput.log".
[1.714s] Invoked command in '/home/host/ros_ws/build/graspe_description' returned '1': CMAKE_PREFIX_PATH=/opt/ros/humble /usr/bin/cmake /home/host/ros_ws/src/graspe_description -DCMAKE_INSTALL_PREFIX=/home/host/ros_ws/install/graspe_description
