[0.123s] Invoking command in '/home/host/ros_ws/build/graspe_description': CMAKE_PREFIX_PATH=/opt/ros/humble /usr/bin/cmake /home/host/ros_ws/src/graspe_description -DCMAKE_INSTALL_PREFIX=/home/host/ros_ws/install/graspe_description
[0.194s] -- Found ament_cmake: 1.3.10 (/opt/ros/humble/share/ament_cmake/cmake)
[0.459s] -- Found rclcpp: 16.0.10 (/opt/ros/humble/share/rclcpp/cmake)
[0.898s] -- Found rosidl_generator_c: 3.1.5 (/opt/ros/humble/share/rosidl_generator_c/cmake)
[0.927s] -- Found rosidl_adapter: 3.1.5 (/opt/ros/humble/share/rosidl_adapter/cmake)
[0.962s] -- Found rosidl_generator_cpp: 3.1.5 (/opt/ros/humble/share/rosidl_generator_cpp/cmake)
[1.030s] -- Using all available rosidl_typesupport_c: rosidl_typesupport_fastrtps_c;rosidl_typesupport_introspection_c
[1.067s] -- Using all available rosidl_typesupport_cpp: rosidl_typesupport_fastrtps_cpp;rosidl_typesupport_introspection_cpp
[1.206s] -- Found rmw_implementation_cmake: 6.1.2 (/opt/ros/humble/share/rmw_implementation_cmake/cmake)
[1.237s] -- Found rmw_fastrtps_cpp: 6.2.7 (/opt/ros/humble/share/rmw_fastrtps_cpp/cmake)
[2.237s] -- Found OpenSSL: /usr/lib/x86_64-linux-gnu/libcrypto.so (found version "3.0.2")  
[2.394s] -- Found FastRTPS: /opt/ros/humble/include  
[2.466s] -- Using RMW implementation 'rmw_fastrtps_cpp' as default
[2.573s] -- Looking for pthread.h
[4.497s] -- Looking for pthread.h - found
[4.530s] -- Performing Test CMAKE_HAVE_LIBC_PTHREAD
[4.674s] -- Performing Test CMAKE_HAVE_LIBC_PTHREAD - Success
[4.676s] -- Found Threads: TRUE  
[4.865s] [31mCMake Error at CMakeLists.txt:11 (find_package):
[4.866s]   By not providing "Findrospy.cmake" in CMAKE_MODULE_PATH this project has
[4.866s]   asked CMake to find a package configuration file provided by "rospy", but
[4.866s]   CMake did not find one.
[4.866s] 
[4.866s]   Could not find a package configuration file provided by "rospy" with any of
[4.866s]   the following names:
[4.867s] 
[4.867s]     rospyConfig.cmake
[4.867s]     rospy-config.cmake
[4.867s] 
[4.867s]   Add the installation prefix of "rospy" to CMAKE_PREFIX_PATH or set
[4.868s]   "rospy_DIR" to a directory containing one of the above files.  If "rospy"
[4.868s]   provides a separate development package or SDK, be sure it has been
[4.868s]   installed.
[4.868s] 
[4.868s] [0m
[4.869s] -- Configuring incomplete, errors occurred!
[4.869s] See also "/home/host/ros_ws/build/graspe_description/CMakeFiles/CMakeOutput.log".
[4.875s] Invoked command in '/home/host/ros_ws/build/graspe_description' returned '1': CMAKE_PREFIX_PATH=/opt/ros/humble /usr/bin/cmake /home/host/ros_ws/src/graspe_description -DCMAKE_INSTALL_PREFIX=/home/host/ros_ws/install/graspe_description
