[0.017s] Invoking command in '/home/host/ros_ws/build/graspe_description': CMAKE_PREFIX_PATH=/opt/ros/humble /usr/bin/cmake /home/host/ros_ws/src/graspe_description -DCMAKE_INSTALL_PREFIX=/home/host/ros_ws/install/graspe_description
[0.046s] -- Found ament_cmake: 1.3.10 (/opt/ros/humble/share/ament_cmake/cmake)
[0.304s] -- Found rclcpp: 16.0.10 (/opt/ros/humble/share/rclcpp/cmake)
[0.349s] -- Found rosidl_generator_c: 3.1.5 (/opt/ros/humble/share/rosidl_generator_c/cmake)
[0.352s] -- Found rosidl_adapter: 3.1.5 (/opt/ros/humble/share/rosidl_adapter/cmake)
[0.362s] -- Found rosidl_generator_cpp: 3.1.5 (/opt/ros/humble/share/rosidl_generator_cpp/cmake)
[0.375s] -- Using all available rosidl_typesupport_c: rosidl_typesupport_fastrtps_c;rosidl_typesupport_introspection_c
[0.390s] -- Using all available rosidl_typesupport_cpp: rosidl_typesupport_fastrtps_cpp;rosidl_typesupport_introspection_cpp
[0.428s] -- Found rmw_implementation_cmake: 6.1.2 (/opt/ros/humble/share/rmw_implementation_cmake/cmake)
[0.430s] -- Found rmw_fastrtps_cpp: 6.2.7 (/opt/ros/humble/share/rmw_fastrtps_cpp/cmake)
[0.582s] -- Using RMW implementation 'rmw_fastrtps_cpp' as default
[0.723s] -- Found rclpy: 3.3.14 (/opt/ros/humble/share/rclpy/cmake)
[0.759s] -- Found urdf: 2.6.0 (/opt/ros/humble/share/urdf/cmake)
[1.006s] -- Found xacro: 2.0.8 (/opt/ros/humble/share/xacro/cmake)
[1.055s] -- Found robot_state_publisher: 3.0.3 (/opt/ros/humble/share/robot_state_publisher/cmake)
[1.270s] -- Found eigen3_cmake_module: 0.1.1 (/opt/ros/humble/share/eigen3_cmake_module/cmake)
[1.273s] -- Found Eigen3: TRUE (found version "3.4.0") 
[1.274s] -- Ensuring Eigen3 include directory is part of orocos-kdl CMake target
[1.948s] [31mCMake Error at CMakeLists.txt:15 (find_package):
[1.948s]   By not providing "Findjoint_state_publisher.cmake" in CMAKE_MODULE_PATH
[1.949s]   this project has asked CMake to find a package configuration file provided
[1.949s]   by "joint_state_publisher", but CMake did not find one.
[1.949s] 
[1.949s]   Could not find a package configuration file provided by
[1.950s]   "joint_state_publisher" with any of the following names:
[1.950s] 
[1.950s]     joint_state_publisherConfig.cmake
[1.950s]     joint_state_publisher-config.cmake
[1.951s] 
[1.951s]   Add the installation prefix of "joint_state_publisher" to CMAKE_PREFIX_PATH
[1.951s]   or set "joint_state_publisher_DIR" to a directory containing one of the
[1.952s]   above files.  If "joint_state_publisher" provides a separate development
[1.952s]   package or SDK, be sure it has been installed.
[1.952s] 
[1.952s] [0m
[1.952s] -- Configuring incomplete, errors occurred!
[1.952s] See also "/home/host/ros_ws/build/graspe_description/CMakeFiles/CMakeOutput.log".
[1.964s] Invoked command in '/home/host/ros_ws/build/graspe_description' returned '1': CMAKE_PREFIX_PATH=/opt/ros/humble /usr/bin/cmake /home/host/ros_ws/src/graspe_description -DCMAKE_INSTALL_PREFIX=/home/host/ros_ws/install/graspe_description
