[0.000000] (-) TimerEvent: {}
[0.000248] (graspe_description) JobQueued: {'identifier': 'graspe_description', 'dependencies': OrderedDict()}
[0.000370] (montagem_description) JobQueued: {'identifier': 'montagem_description', 'dependencies': OrderedDict()}
[0.000419] (graspe_description) JobStarted: {'identifier': 'graspe_description'}
[0.006972] (montagem_description) JobStarted: {'identifier': 'montagem_description'}
[0.013582] (graspe_description) JobProgress: {'identifier': 'graspe_description', 'progress': 'cmake'}
[0.014786] (graspe_description) JobProgress: {'identifier': 'graspe_description', 'progress': 'build'}
[0.015087] (graspe_description) Command: {'cmd': ['/usr/bin/cmake', '--build', '/home/host/ros_ws/build/graspe_description', '--', '-j12', '-l12'], 'cwd': '/home/host/ros_ws/build/graspe_description', 'env': OrderedDict([('HOSTNAME', 'jpbg'), ('SHLVL', '1'), ('LD_LIBRARY_PATH', '/usr/lib/x86_64-linux-gnu/gazebo-11/plugins:/opt/ros/humble/opt/rviz_ogre_vendor/lib:/opt/ros/humble/lib/x86_64-linux-gnu:/opt/ros/humble/lib'), ('HOME', '/home/host'), ('OLDPWD', '/home/host'), ('ROS_PYTHON_VERSION', '3'), ('COLCON_PREFIX_PATH', '/home/host/ros_ws/install'), ('ROS_DISTRO', 'humble'), ('_', '/usr/bin/colcon'), ('ROS_VERSION', '2'), ('TERM', 'xterm'), ('ROS_LOCALHOST_ONLY', '0'), ('PATH', '/opt/ros/humble/bin:/usr/local/sbin:/usr/local/bin:/usr/sbin:/usr/bin:/sbin:/bin'), ('DISPLAY', ':0'), ('LANG', 'C.UTF-8'), ('AMENT_PREFIX_PATH', '/home/host/ros_ws/install/graspe_description:/opt/ros/humble'), ('DEBIAN_FRONTEND', 'noninteractive'), ('PWD', '/home/host/ros_ws/build/graspe_description'), ('LC_ALL', 'C.UTF-8'), ('PYTHONPATH', '/opt/ros/humble/lib/python3.10/site-packages:/opt/ros/humble/local/lib/python3.10/dist-packages'), ('COLCON', '1'), ('CMAKE_PREFIX_PATH', '/home/host/ros_ws/install/graspe_description:/opt/ros/humble')]), 'shell': False}
[0.099605] (-) TimerEvent: {}
[0.147110] (graspe_description) CommandEnded: {'returncode': 0}
[0.166872] (graspe_description) JobProgress: {'identifier': 'graspe_description', 'progress': 'install'}
[0.174430] (graspe_description) Command: {'cmd': ['/usr/bin/cmake', '--install', '/home/host/ros_ws/build/graspe_description'], 'cwd': '/home/host/ros_ws/build/graspe_description', 'env': OrderedDict([('HOSTNAME', 'jpbg'), ('SHLVL', '1'), ('LD_LIBRARY_PATH', '/usr/lib/x86_64-linux-gnu/gazebo-11/plugins:/opt/ros/humble/opt/rviz_ogre_vendor/lib:/opt/ros/humble/lib/x86_64-linux-gnu:/opt/ros/humble/lib'), ('HOME', '/home/host'), ('OLDPWD', '/home/host'), ('ROS_PYTHON_VERSION', '3'), ('COLCON_PREFIX_PATH', '/home/host/ros_ws/install'), ('ROS_DISTRO', 'humble'), ('_', '/usr/bin/colcon'), ('ROS_VERSION', '2'), ('TERM', 'xterm'), ('ROS_LOCALHOST_ONLY', '0'), ('PATH', '/opt/ros/humble/bin:/usr/local/sbin:/usr/local/bin:/usr/sbin:/usr/bin:/sbin:/bin'), ('DISPLAY', ':0'), ('LANG', 'C.UTF-8'), ('AMENT_PREFIX_PATH', '/home/host/ros_ws/install/graspe_description:/opt/ros/humble'), ('DEBIAN_FRONTEND', 'noninteractive'), ('PWD', '/home/host/ros_ws/build/graspe_description'), ('LC_ALL', 'C.UTF-8'), ('PYTHONPATH', '/opt/ros/humble/lib/python3.10/site-packages:/opt/ros/humble/local/lib/python3.10/dist-packages'), ('COLCON', '1'), ('CMAKE_PREFIX_PATH', '/home/host/ros_ws/install/graspe_description:/opt/ros/humble')]), 'shell': False}
[0.180024] (graspe_description) StdoutLine: {'line': b'-- Install configuration: ""\n'}
[0.180317] (graspe_description) StdoutLine: {'line': b'-- Up-to-date: /home/host/ros_ws/install/graspe_description/share/graspe_description/launch\n'}
[0.180415] (graspe_description) StdoutLine: {'line': b'-- Up-to-date: /home/host/ros_ws/install/graspe_description/share/graspe_description/launch/robot_display.launch.py\n'}
[0.180492] (graspe_description) StdoutLine: {'line': b'-- Up-to-date: /home/host/ros_ws/install/graspe_description/share/graspe_description/urdf\n'}
[0.180589] (graspe_description) StdoutLine: {'line': b'-- Up-to-date: /home/host/ros_ws/install/graspe_description/share/graspe_description/urdf/robot.urdf\n'}
[0.180650] (graspe_description) StdoutLine: {'line': b'-- Up-to-date: /home/host/ros_ws/install/graspe_description/share/graspe_description/rviz\n'}
[0.180721] (graspe_description) StdoutLine: {'line': b'-- Up-to-date: /home/host/ros_ws/install/graspe_description/share/graspe_description/rviz/display_config.rviz\n'}
[0.180781] (graspe_description) StdoutLine: {'line': b'-- Up-to-date: /home/host/ros_ws/install/graspe_description/share/ament_index/resource_index/package_run_dependencies/graspe_description\n'}
[0.180840] (graspe_description) StdoutLine: {'line': b'-- Up-to-date: /home/host/ros_ws/install/graspe_description/share/ament_index/resource_index/parent_prefix_path/graspe_description\n'}
[0.180900] (graspe_description) StdoutLine: {'line': b'-- Up-to-date: /home/host/ros_ws/install/graspe_description/share/graspe_description/environment/ament_prefix_path.sh\n'}
[0.180959] (graspe_description) StdoutLine: {'line': b'-- Up-to-date: /home/host/ros_ws/install/graspe_description/share/graspe_description/environment/ament_prefix_path.dsv\n'}
[0.181019] (graspe_description) StdoutLine: {'line': b'-- Up-to-date: /home/host/ros_ws/install/graspe_description/share/graspe_description/environment/path.sh\n'}
[0.181078] (graspe_description) StdoutLine: {'line': b'-- Up-to-date: /home/host/ros_ws/install/graspe_description/share/graspe_description/environment/path.dsv\n'}
[0.181137] (graspe_description) StdoutLine: {'line': b'-- Up-to-date: /home/host/ros_ws/install/graspe_description/share/graspe_description/local_setup.bash\n'}
[0.181198] (graspe_description) StdoutLine: {'line': b'-- Up-to-date: /home/host/ros_ws/install/graspe_description/share/graspe_description/local_setup.sh\n'}
[0.181261] (graspe_description) StdoutLine: {'line': b'-- Up-to-date: /home/host/ros_ws/install/graspe_description/share/graspe_description/local_setup.zsh\n'}
[0.181326] (graspe_description) StdoutLine: {'line': b'-- Up-to-date: /home/host/ros_ws/install/graspe_description/share/graspe_description/local_setup.dsv\n'}
[0.181390] (graspe_description) StdoutLine: {'line': b'-- Installing: /home/host/ros_ws/install/graspe_description/share/graspe_description/package.dsv\n'}
[0.181792] (graspe_description) StdoutLine: {'line': b'-- Up-to-date: /home/host/ros_ws/install/graspe_description/share/ament_index/resource_index/packages/graspe_description\n'}
[0.182003] (graspe_description) StdoutLine: {'line': b'-- Up-to-date: /home/host/ros_ws/install/graspe_description/share/graspe_description/cmake/graspe_descriptionConfig.cmake\n'}
[0.182256] (graspe_description) StdoutLine: {'line': b'-- Up-to-date: /home/host/ros_ws/install/graspe_description/share/graspe_description/cmake/graspe_descriptionConfig-version.cmake\n'}
[0.182451] (graspe_description) StdoutLine: {'line': b'-- Up-to-date: /home/host/ros_ws/install/graspe_description/share/graspe_description/package.xml\n'}
[0.182529] (graspe_description) CommandEnded: {'returncode': 0}
[0.199744] (-) TimerEvent: {}
[0.214410] (graspe_description) JobEnded: {'identifier': 'graspe_description', 'rc': 0}
[0.299887] (-) TimerEvent: {}
[0.318718] (montagem_description) Command: {'cmd': ['/usr/bin/python3', '-W', 'ignore:setup.py install is deprecated', 'setup.py', 'egg_info', '--egg-base', '../../build/montagem_description', 'build', '--build-base', '/home/host/ros_ws/build/montagem_description/build', 'install', '--record', '/home/host/ros_ws/build/montagem_description/install.log', '--install-scripts', '$base/lib/montagem_description', '--single-version-externally-managed', 'install_data'], 'cwd': '/home/host/ros_ws/src/montagem_description', 'env': {'HOSTNAME': 'jpbg', 'SHLVL': '1', 'LD_LIBRARY_PATH': '/usr/lib/x86_64-linux-gnu/gazebo-11/plugins:/opt/ros/humble/opt/rviz_ogre_vendor/lib:/opt/ros/humble/lib/x86_64-linux-gnu:/opt/ros/humble/lib', 'HOME': '/home/host', 'OLDPWD': '/home/host', 'ROS_PYTHON_VERSION': '3', 'COLCON_PREFIX_PATH': '/home/host/ros_ws/install', 'ROS_DISTRO': 'humble', '_': '/usr/bin/colcon', 'ROS_VERSION': '2', 'TERM': 'xterm', 'ROS_LOCALHOST_ONLY': '0', 'PATH': '/opt/ros/humble/bin:/usr/local/sbin:/usr/local/bin:/usr/sbin:/usr/bin:/sbin:/bin', 'DISPLAY': ':0', 'LANG': 'C.UTF-8', 'AMENT_PREFIX_PATH': '/home/host/ros_ws/install/graspe_description:/opt/ros/humble', 'DEBIAN_FRONTEND': 'noninteractive', 'PWD': '/home/host/ros_ws/build/montagem_description', 'LC_ALL': 'C.UTF-8', 'PYTHONPATH': '/home/host/ros_ws/build/montagem_description/prefix_override:/usr/lib/python3/dist-packages/colcon_core/task/python/colcon_distutils_commands:/home/host/ros_ws/install/montagem_description/lib/python3.10/site-packages:/opt/ros/humble/lib/python3.10/site-packages:/opt/ros/humble/local/lib/python3.10/dist-packages', 'COLCON': '1', 'CMAKE_PREFIX_PATH': '/home/host/ros_ws/install/graspe_description'}, 'shell': False}
[0.400092] (-) TimerEvent: {}
[0.427905] (montagem_description) StderrLine: {'line': b"/usr/lib/python3/dist-packages/setuptools/dist.py:723: UserWarning: Usage of dash-separated 'script-dir' will not be supported in future versions. Please use the underscore name 'script_dir' instead\n"}
[0.428090] (montagem_description) StderrLine: {'line': b'  warnings.warn(\n'}
[0.433599] (montagem_description) StdoutLine: {'line': b'running egg_info\n'}
[0.434119] (montagem_description) StdoutLine: {'line': b'creating ../../build/montagem_description/montagem_description.egg-info\n'}
[0.434359] (montagem_description) StdoutLine: {'line': b'writing ../../build/montagem_description/montagem_description.egg-info/PKG-INFO\n'}
[0.434439] (montagem_description) StdoutLine: {'line': b'writing dependency_links to ../../build/montagem_description/montagem_description.egg-info/dependency_links.txt\n'}
[0.434514] (montagem_description) StdoutLine: {'line': b'writing entry points to ../../build/montagem_description/montagem_description.egg-info/entry_points.txt\n'}
[0.434580] (montagem_description) StdoutLine: {'line': b'writing requirements to ../../build/montagem_description/montagem_description.egg-info/requires.txt\n'}
[0.434641] (montagem_description) StdoutLine: {'line': b'writing top-level names to ../../build/montagem_description/montagem_description.egg-info/top_level.txt\n'}
[0.434701] (montagem_description) StdoutLine: {'line': b"writing manifest file '../../build/montagem_description/montagem_description.egg-info/SOURCES.txt'\n"}
[0.449457] (montagem_description) StdoutLine: {'line': b"reading manifest file '../../build/montagem_description/montagem_description.egg-info/SOURCES.txt'\n"}
[0.449797] (montagem_description) StdoutLine: {'line': b"writing manifest file '../../build/montagem_description/montagem_description.egg-info/SOURCES.txt'\n"}
[0.449903] (montagem_description) StdoutLine: {'line': b'running build\n'}
[0.449980] (montagem_description) StdoutLine: {'line': b'running build_py\n'}
[0.450140] (montagem_description) StdoutLine: {'line': b'creating /home/host/ros_ws/build/montagem_description/build\n'}
[0.450227] (montagem_description) StdoutLine: {'line': b'creating /home/host/ros_ws/build/montagem_description/build/lib\n'}
[0.450294] (montagem_description) StdoutLine: {'line': b'creating /home/host/ros_ws/build/montagem_description/build/lib/montagem_description\n'}
[0.450433] (montagem_description) StdoutLine: {'line': b'copying montagem_description/__init__.py -> /home/host/ros_ws/build/montagem_description/build/lib/montagem_description\n'}
[0.450529] (montagem_description) StdoutLine: {'line': b'running install\n'}
[0.450596] (montagem_description) StdoutLine: {'line': b'running install_lib\n'}
[0.450742] (montagem_description) StdoutLine: {'line': b'creating /home/host/ros_ws/install/montagem_description/lib/python3.10/site-packages/montagem_description\n'}
[0.450830] (montagem_description) StdoutLine: {'line': b'copying /home/host/ros_ws/build/montagem_description/build/lib/montagem_description/__init__.py -> /home/host/ros_ws/install/montagem_description/lib/python3.10/site-packages/montagem_description\n'}
[0.450996] (montagem_description) StdoutLine: {'line': b'byte-compiling /home/host/ros_ws/install/montagem_description/lib/python3.10/site-packages/montagem_description/__init__.py to __init__.cpython-310.pyc\n'}
[0.451193] (montagem_description) StdoutLine: {'line': b'running install_data\n'}
[0.451285] (montagem_description) StdoutLine: {'line': b'creating /home/host/ros_ws/install/montagem_description/share/montagem_description/launch\n'}
[0.451353] (montagem_description) StdoutLine: {'line': b'copying launch/display.launch.py -> /home/host/ros_ws/install/montagem_description/share/montagem_description/launch\n'}
[0.451416] (montagem_description) StdoutLine: {'line': b'copying launch/gazebo.launch.py -> /home/host/ros_ws/install/montagem_description/share/montagem_description/launch\n'}
[0.451480] (montagem_description) StdoutLine: {'line': b'creating /home/host/ros_ws/install/montagem_description/share/montagem_description/urdf\n'}
[0.451603] (montagem_description) StdoutLine: {'line': b'copying urdf/montagem.xacro -> /home/host/ros_ws/install/montagem_description/share/montagem_description/urdf\n'}
[0.451668] (montagem_description) StdoutLine: {'line': b'copying urdf/montagem.gazebo -> /home/host/ros_ws/install/montagem_description/share/montagem_description/urdf\n'}
[0.451732] (montagem_description) StdoutLine: {'line': b'copying urdf/montagem.trans -> /home/host/ros_ws/install/montagem_description/share/montagem_description/urdf\n'}
[0.451855] (montagem_description) StdoutLine: {'line': b'copying urdf/materials.xacro -> /home/host/ros_ws/install/montagem_description/share/montagem_description/urdf\n'}
[0.451916] (montagem_description) StdoutLine: {'line': b'creating /home/host/ros_ws/install/montagem_description/share/montagem_description/meshes\n'}
[0.451974] (montagem_description) StdoutLine: {'line': b'copying meshes/rotacionalpequeno_1.stl -> /home/host/ros_ws/install/montagem_description/share/montagem_description/meshes\n'}
[0.452033] (montagem_description) StdoutLine: {'line': b'copying meshes/base_link.stl -> /home/host/ros_ws/install/montagem_description/share/montagem_description/meshes\n'}
[0.452098] (montagem_description) StdoutLine: {'line': b'copying meshes/rotacionalgrande_1.stl -> /home/host/ros_ws/install/montagem_description/share/montagem_description/meshes\n'}
[0.452157] (montagem_description) StdoutLine: {'line': b'copying meshes/linkgrande_1.stl -> /home/host/ros_ws/install/montagem_description/share/montagem_description/meshes\n'}
[0.452215] (montagem_description) StdoutLine: {'line': b'copying meshes/prismatica_1.stl -> /home/host/ros_ws/install/montagem_description/share/montagem_description/meshes\n'}
[0.452272] (montagem_description) StdoutLine: {'line': b'copying meshes/linkpequeno_1.stl -> /home/host/ros_ws/install/montagem_description/share/montagem_description/meshes\n'}
[0.452330] (montagem_description) StdoutLine: {'line': b'copying meshes/endfactor_1.stl -> /home/host/ros_ws/install/montagem_description/share/montagem_description/meshes\n'}
[0.452388] (montagem_description) StdoutLine: {'line': b'creating /home/host/ros_ws/install/montagem_description/share/montagem_description/config\n'}
[0.452446] (montagem_description) StdoutLine: {'line': b'copying config/display.rviz -> /home/host/ros_ws/install/montagem_description/share/montagem_description/config\n'}
[0.452512] (montagem_description) StdoutLine: {'line': b'running install_egg_info\n'}
[0.452941] (montagem_description) StdoutLine: {'line': b'Copying ../../build/montagem_description/montagem_description.egg-info to /home/host/ros_ws/install/montagem_description/lib/python3.10/site-packages/montagem_description-0.0.0-py3.10.egg-info\n'}
[0.453369] (montagem_description) StdoutLine: {'line': b'running install_scripts\n'}
[0.466145] (montagem_description) StdoutLine: {'line': b"writing list of installed files to '/home/host/ros_ws/build/montagem_description/install.log'\n"}
[0.479844] (montagem_description) CommandEnded: {'returncode': 0}
[0.483057] (montagem_description) JobEnded: {'identifier': 'montagem_description', 'rc': 0}
[0.483594] (-) EventReactorShutdown: {}
