[0.024s] Invoking command in '/home/host/ros_ws/build/graspe_description': CMAKE_PREFIX_PATH=/opt/ros/humble /usr/bin/cmake /home/host/ros_ws/src/graspe_description -DCMAKE_INSTALL_PREFIX=/home/host/ros_ws/install/graspe_description
[0.065s] -- Found ament_cmake: 1.3.10 (/opt/ros/humble/share/ament_cmake/cmake)
[0.394s] [31mCMake Error at CMakeLists.txt:10 (find_package):
[0.395s]   By not providing "Findroscpp.cmake" in CMAKE_MODULE_PATH this project has
[0.395s]   asked CMake to find a package configuration file provided by "roscpp", but
[0.395s]   CMake did not find one.
[0.395s] 
[0.395s]   Could not find a package configuration file provided by "roscpp" with any
[0.395s]   of the following names:
[0.395s] 
[0.395s]     roscppConfig.cmake
[0.395s]     roscpp-config.cmake
[0.395s] 
[0.396s]   Add the installation prefix of "roscpp" to CMAKE_PREFIX_PATH or set
[0.396s]   "roscpp_DIR" to a directory containing one of the above files.  If "roscpp"
[0.396s]   provides a separate development package or SDK, be sure it has been
[0.396s]   installed.
[0.396s] 
[0.396s] [0m
[0.396s] -- Configuring incomplete, errors occurred!
[0.396s] See also "/home/host/ros_ws/build/graspe_description/CMakeFiles/CMakeOutput.log".
[0.398s] Invoked command in '/home/host/ros_ws/build/graspe_description' returned '1': CMAKE_PREFIX_PATH=/opt/ros/humble /usr/bin/cmake /home/host/ros_ws/src/graspe_description -DCMAKE_INSTALL_PREFIX=/home/host/ros_ws/install/graspe_description
