[0.459s] Invoking command in '/home/host/ros_ws/src/montagem_description': PYTHONPATH=/home/host/ros_ws/build/montagem_description/prefix_override:/usr/lib/python3/dist-packages/colcon_core/task/python/colcon_distutils_commands:/home/host/ros_ws/install/montagem_description/lib/python3.10/site-packages:${PYTHONPATH} /usr/bin/python3 -W ignore:setup.py install is deprecated setup.py egg_info --egg-base ../../build/montagem_description build --build-base /home/host/ros_ws/build/montagem_description/build install --record /home/host/ros_ws/build/montagem_description/install.log --install-scripts $base/lib/montagem_description --single-version-externally-managed install_data
[0.588s] /usr/lib/python3/dist-packages/setuptools/dist.py:723: UserWarning: Usage of dash-separated 'script-dir' will not be supported in future versions. Please use the underscore name 'script_dir' instead
[0.588s]   warnings.warn(
[0.593s] running egg_info
[0.594s] writing ../../build/montagem_description/montagem_description.egg-info/PKG-INFO
[0.594s] writing dependency_links to ../../build/montagem_description/montagem_description.egg-info/dependency_links.txt
[0.594s] writing entry points to ../../build/montagem_description/montagem_description.egg-info/entry_points.txt
[0.594s] writing requirements to ../../build/montagem_description/montagem_description.egg-info/requires.txt
[0.594s] writing top-level names to ../../build/montagem_description/montagem_description.egg-info/top_level.txt
[0.595s] reading manifest file '../../build/montagem_description/montagem_description.egg-info/SOURCES.txt'
[0.596s] writing manifest file '../../build/montagem_description/montagem_description.egg-info/SOURCES.txt'
[0.596s] running build
[0.596s] running build_py
[0.596s] running install
[0.596s] running install_lib
[0.597s] running install_data
[0.597s] running install_egg_info
[0.598s] removing '/home/host/ros_ws/install/montagem_description/lib/python3.10/site-packages/montagem_description-0.0.0-py3.10.egg-info' (and everything under it)
[0.598s] Copying ../../build/montagem_description/montagem_description.egg-info to /home/host/ros_ws/install/montagem_description/lib/python3.10/site-packages/montagem_description-0.0.0-py3.10.egg-info
[0.598s] running install_scripts
[0.612s] writing list of installed files to '/home/host/ros_ws/build/montagem_description/install.log'
[0.628s] Invoked command in '/home/host/ros_ws/src/montagem_description' returned '0': PYTHONPATH=/home/host/ros_ws/build/montagem_description/prefix_override:/usr/lib/python3/dist-packages/colcon_core/task/python/colcon_distutils_commands:/home/host/ros_ws/install/montagem_description/lib/python3.10/site-packages:${PYTHONPATH} /usr/bin/python3 -W ignore:setup.py install is deprecated setup.py egg_info --egg-base ../../build/montagem_description build --build-base /home/host/ros_ws/build/montagem_description/build install --record /home/host/ros_ws/build/montagem_description/install.log --install-scripts $base/lib/montagem_description --single-version-externally-managed install_data
