[0.000000] (-) TimerEvent: {}
[0.000204] (graspe_description) JobQueued: {'identifier': 'graspe_description', 'dependencies': OrderedDict()}
[0.000357] (graspe_description) JobStarted: {'identifier': 'graspe_description'}
[0.006450] (graspe_description) JobProgress: {'identifier': 'graspe_description', 'progress': 'cmake'}
[0.006575] (graspe_description) JobProgress: {'identifier': 'graspe_description', 'progress': 'build'}
[0.006962] (graspe_description) Command: {'cmd': ['/usr/bin/cmake', '--build', '/home/host/ros_ws/build/graspe_description', '--', '-j12', '-l12'], 'cwd': '/home/host/ros_ws/build/graspe_description', 'env': OrderedDict([('HOSTNAME', 'jpbg'), ('SHLVL', '1'), ('LD_LIBRARY_PATH', '/usr/lib/x86_64-linux-gnu/gazebo-11/plugins:/opt/ros/humble/opt/rviz_ogre_vendor/lib:/opt/ros/humble/lib/x86_64-linux-gnu:/opt/ros/humble/lib'), ('HOME', '/home/host'), ('OLDPWD', '/home/host'), ('ROS_PYTHON_VERSION', '3'), ('COLCON_PREFIX_PATH', '/home/host/ros_ws/install'), ('ROS_DISTRO', 'humble'), ('_', '/usr/bin/colcon'), ('ROS_VERSION', '2'), ('TERM', 'xterm'), ('ROS_LOCALHOST_ONLY', '0'), ('PATH', '/opt/ros/humble/bin:/usr/local/sbin:/usr/local/bin:/usr/sbin:/usr/bin:/sbin:/bin'), ('DISPLAY', ':0'), ('LANG', 'C.UTF-8'), ('AMENT_PREFIX_PATH', '/home/host/ros_ws/install/graspe_description:/opt/ros/humble'), ('DEBIAN_FRONTEND', 'noninteractive'), ('PWD', '/home/host/ros_ws/build/graspe_description'), ('LC_ALL', 'C.UTF-8'), ('PYTHONPATH', '/opt/ros/humble/lib/python3.10/site-packages:/opt/ros/humble/local/lib/python3.10/dist-packages'), ('COLCON', '1'), ('CMAKE_PREFIX_PATH', '/home/host/ros_ws/install/graspe_description:/opt/ros/humble')]), 'shell': False}
[0.046173] (graspe_description) CommandEnded: {'returncode': 0}
[0.070654] (graspe_description) JobProgress: {'identifier': 'graspe_description', 'progress': 'install'}
[0.079694] (graspe_description) Command: {'cmd': ['/usr/bin/cmake', '--install', '/home/host/ros_ws/build/graspe_description'], 'cwd': '/home/host/ros_ws/build/graspe_description', 'env': OrderedDict([('HOSTNAME', 'jpbg'), ('SHLVL', '1'), ('LD_LIBRARY_PATH', '/usr/lib/x86_64-linux-gnu/gazebo-11/plugins:/opt/ros/humble/opt/rviz_ogre_vendor/lib:/opt/ros/humble/lib/x86_64-linux-gnu:/opt/ros/humble/lib'), ('HOME', '/home/host'), ('OLDPWD', '/home/host'), ('ROS_PYTHON_VERSION', '3'), ('COLCON_PREFIX_PATH', '/home/host/ros_ws/install'), ('ROS_DISTRO', 'humble'), ('_', '/usr/bin/colcon'), ('ROS_VERSION', '2'), ('TERM', 'xterm'), ('ROS_LOCALHOST_ONLY', '0'), ('PATH', '/opt/ros/humble/bin:/usr/local/sbin:/usr/local/bin:/usr/sbin:/usr/bin:/sbin:/bin'), ('DISPLAY', ':0'), ('LANG', 'C.UTF-8'), ('AMENT_PREFIX_PATH', '/home/host/ros_ws/install/graspe_description:/opt/ros/humble'), ('DEBIAN_FRONTEND', 'noninteractive'), ('PWD', '/home/host/ros_ws/build/graspe_description'), ('LC_ALL', 'C.UTF-8'), ('PYTHONPATH', '/opt/ros/humble/lib/python3.10/site-packages:/opt/ros/humble/local/lib/python3.10/dist-packages'), ('COLCON', '1'), ('CMAKE_PREFIX_PATH', '/home/host/ros_ws/install/graspe_description:/opt/ros/humble')]), 'shell': False}
[0.087850] (graspe_description) StdoutLine: {'line': b'-- Install configuration: ""\n'}
[0.088224] (graspe_description) StdoutLine: {'line': b'-- Up-to-date: /home/host/ros_ws/install/graspe_description/share/graspe_description/launch\n'}
[0.088581] (graspe_description) StdoutLine: {'line': b'-- Up-to-date: /home/host/ros_ws/install/graspe_description/share/graspe_description/launch/robot_display.launch.py\n'}
[0.088715] (graspe_description) StdoutLine: {'line': b'-- Up-to-date: /home/host/ros_ws/install/graspe_description/share/graspe_description/urdf\n'}
[0.088833] (graspe_description) StdoutLine: {'line': b'-- Installing: /home/host/ros_ws/install/graspe_description/share/graspe_description/urdf/robot.urdf\n'}
[0.088946] (graspe_description) StdoutLine: {'line': b'-- Up-to-date: /home/host/ros_ws/install/graspe_description/share/graspe_description/rviz\n'}
[0.089056] (graspe_description) StdoutLine: {'line': b'-- Up-to-date: /home/host/ros_ws/install/graspe_description/share/graspe_description/rviz/display_config.rviz\n'}
[0.089219] (graspe_description) StdoutLine: {'line': b'-- Up-to-date: /home/host/ros_ws/install/graspe_description/share/ament_index/resource_index/package_run_dependencies/graspe_description\n'}
[0.089288] (graspe_description) StdoutLine: {'line': b'-- Up-to-date: /home/host/ros_ws/install/graspe_description/share/ament_index/resource_index/parent_prefix_path/graspe_description\n'}
[0.089327] (graspe_description) StdoutLine: {'line': b'-- Up-to-date: /home/host/ros_ws/install/graspe_description/share/graspe_description/environment/ament_prefix_path.sh\n'}
[0.089362] (graspe_description) StdoutLine: {'line': b'-- Up-to-date: /home/host/ros_ws/install/graspe_description/share/graspe_description/environment/ament_prefix_path.dsv\n'}
[0.089397] (graspe_description) StdoutLine: {'line': b'-- Up-to-date: /home/host/ros_ws/install/graspe_description/share/graspe_description/environment/path.sh\n'}
[0.089431] (graspe_description) StdoutLine: {'line': b'-- Up-to-date: /home/host/ros_ws/install/graspe_description/share/graspe_description/environment/path.dsv\n'}
[0.089465] (graspe_description) StdoutLine: {'line': b'-- Up-to-date: /home/host/ros_ws/install/graspe_description/share/graspe_description/local_setup.bash\n'}
[0.089498] (graspe_description) StdoutLine: {'line': b'-- Up-to-date: /home/host/ros_ws/install/graspe_description/share/graspe_description/local_setup.sh\n'}
[0.089530] (graspe_description) StdoutLine: {'line': b'-- Up-to-date: /home/host/ros_ws/install/graspe_description/share/graspe_description/local_setup.zsh\n'}
[0.089563] (graspe_description) StdoutLine: {'line': b'-- Up-to-date: /home/host/ros_ws/install/graspe_description/share/graspe_description/local_setup.dsv\n'}
[0.089595] (graspe_description) StdoutLine: {'line': b'-- Installing: /home/host/ros_ws/install/graspe_description/share/graspe_description/package.dsv\n'}
[0.089628] (graspe_description) StdoutLine: {'line': b'-- Up-to-date: /home/host/ros_ws/install/graspe_description/share/ament_index/resource_index/packages/graspe_description\n'}
[0.089660] (graspe_description) StdoutLine: {'line': b'-- Up-to-date: /home/host/ros_ws/install/graspe_description/share/graspe_description/cmake/graspe_descriptionConfig.cmake\n'}
[0.089692] (graspe_description) StdoutLine: {'line': b'-- Up-to-date: /home/host/ros_ws/install/graspe_description/share/graspe_description/cmake/graspe_descriptionConfig-version.cmake\n'}
[0.089725] (graspe_description) StdoutLine: {'line': b'-- Up-to-date: /home/host/ros_ws/install/graspe_description/share/graspe_description/package.xml\n'}
[0.090567] (graspe_description) CommandEnded: {'returncode': 0}
[0.099421] (-) TimerEvent: {}
[0.119605] (graspe_description) JobEnded: {'identifier': 'graspe_description', 'rc': 0}
[0.120290] (-) EventReactorShutdown: {}
