[0.000000] (-) TimerEvent: {}
[0.000177] (graspe_description) JobQueued: {'identifier': 'graspe_description', 'dependencies': OrderedDict()}
[0.000835] (graspe_description) JobStarted: {'identifier': 'graspe_description'}
[0.015081] (graspe_description) JobProgress: {'identifier': 'graspe_description', 'progress': 'cmake'}
[0.015898] (graspe_description) Command: {'cmd': ['/usr/bin/cmake', '/home/host/ros_ws/src/graspe_description', '-DCMAKE_INSTALL_PREFIX=/home/host/ros_ws/install/graspe_description'], 'cwd': '/home/host/ros_ws/build/graspe_description', 'env': OrderedDict([('HOSTNAME', 'jpbg'), ('SHLVL', '1'), ('LD_LIBRARY_PATH', '/usr/lib/x86_64-linux-gnu/gazebo-11/plugins:/opt/ros/humble/opt/rviz_ogre_vendor/lib:/opt/ros/humble/lib/x86_64-linux-gnu:/opt/ros/humble/lib'), ('HOME', '/home/host'), ('OLDPWD', '/home/host'), ('ROS_PYTHON_VERSION', '3'), ('COLCON_PREFIX_PATH', '/home/host/ros_ws/install'), ('ROS_DISTRO', 'humble'), ('_', '/usr/bin/colcon'), ('ROS_VERSION', '2'), ('TERM', 'xterm'), ('ROS_LOCALHOST_ONLY', '0'), ('PATH', '/opt/ros/humble/bin:/usr/local/sbin:/usr/local/bin:/usr/sbin:/usr/bin:/sbin:/bin'), ('DISPLAY', ':0'), ('LANG', 'C.UTF-8'), ('AMENT_PREFIX_PATH', '/opt/ros/humble'), ('DEBIAN_FRONTEND', 'noninteractive'), ('PWD', '/home/host/ros_ws/build/graspe_description'), ('LC_ALL', 'C.UTF-8'), ('PYTHONPATH', '/opt/ros/humble/lib/python3.10/site-packages:/opt/ros/humble/local/lib/python3.10/dist-packages'), ('COLCON', '1'), ('CMAKE_PREFIX_PATH', '/opt/ros/humble')]), 'shell': False}
[0.035292] (graspe_description) StdoutLine: {'line': b'-- Found ament_cmake: 1.3.10 (/opt/ros/humble/share/ament_cmake/cmake)\n'}
[0.099750] (-) TimerEvent: {}
[0.200181] (-) TimerEvent: {}
[0.212304] (graspe_description) StderrLine: {'line': b'\x1b[31mCMake Error at CMakeLists.txt:10 (find_package):\n'}
[0.212860] (graspe_description) StderrLine: {'line': b'  By not providing "Findroscpp.cmake" in CMAKE_MODULE_PATH this project has\n'}
[0.213054] (graspe_description) StderrLine: {'line': b'  asked CMake to find a package configuration file provided by "roscpp", but\n'}
[0.213211] (graspe_description) StderrLine: {'line': b'  CMake did not find one.\n'}
[0.213364] (graspe_description) StderrLine: {'line': b'\n'}
[0.213550] (graspe_description) StderrLine: {'line': b'  Could not find a package configuration file provided by "roscpp" with any\n'}
[0.213720] (graspe_description) StderrLine: {'line': b'  of the following names:\n'}
[0.213865] (graspe_description) StderrLine: {'line': b'\n'}
[0.214010] (graspe_description) StderrLine: {'line': b'    roscppConfig.cmake\n'}
[0.214152] (graspe_description) StderrLine: {'line': b'    roscpp-config.cmake\n'}
[0.214294] (graspe_description) StderrLine: {'line': b'\n'}
[0.214438] (graspe_description) StderrLine: {'line': b'  Add the installation prefix of "roscpp" to CMAKE_PREFIX_PATH or set\n'}
[0.214621] (graspe_description) StderrLine: {'line': b'  "roscpp_DIR" to a directory containing one of the above files.  If "roscpp"\n'}
[0.215045] (graspe_description) StderrLine: {'line': b'  provides a separate development package or SDK, be sure it has been\n'}
[0.215875] (graspe_description) StderrLine: {'line': b'  installed.\n'}
[0.216537] (graspe_description) StderrLine: {'line': b'\n'}
[0.217150] (graspe_description) StderrLine: {'line': b'\x1b[0m\n'}
[0.217425] (graspe_description) StdoutLine: {'line': b'-- Configuring incomplete, errors occurred!\n'}
[0.217970] (graspe_description) StdoutLine: {'line': b'See also "/home/host/ros_ws/build/graspe_description/CMakeFiles/CMakeOutput.log".\n'}
[0.219192] (graspe_description) CommandEnded: {'returncode': 1}
[0.260008] (graspe_description) JobEnded: {'identifier': 'graspe_description', 'rc': 1}
[0.270940] (-) EventReactorShutdown: {}
