[0.000000] (-) TimerEvent: {}
[0.000827] (graspe_description) JobQueued: {'identifier': 'graspe_description', 'dependencies': OrderedDict()}
[0.000976] (graspe_description) JobStarted: {'identifier': 'graspe_description'}
[0.099959] (-) TimerEvent: {}
[0.119047] (graspe_description) JobProgress: {'identifier': 'graspe_description', 'progress': 'cmake'}
[0.119858] (graspe_description) Command: {'cmd': ['/usr/bin/cmake', '/home/host/ros_ws/src/graspe_description', '-DCMAKE_INSTALL_PREFIX=/home/host/ros_ws/install/graspe_description'], 'cwd': '/home/host/ros_ws/build/graspe_description', 'env': OrderedDict([('HOSTNAME', 'jpbg'), ('SHLVL', '1'), ('LD_LIBRARY_PATH', '/usr/lib/x86_64-linux-gnu/gazebo-11/plugins:/opt/ros/humble/opt/rviz_ogre_vendor/lib:/opt/ros/humble/lib/x86_64-linux-gnu:/opt/ros/humble/lib'), ('HOME', '/home/host'), ('OLDPWD', '/home/host'), ('ROS_PYTHON_VERSION', '3'), ('COLCON_PREFIX_PATH', '/home/host/ros_ws/install'), ('ROS_DISTRO', 'humble'), ('_', '/usr/bin/colcon'), ('ROS_VERSION', '2'), ('TERM', 'xterm'), ('ROS_LOCALHOST_ONLY', '0'), ('PATH', '/opt/ros/humble/bin:/usr/local/sbin:/usr/local/bin:/usr/sbin:/usr/bin:/sbin:/bin'), ('DISPLAY', ':0'), ('LANG', 'C.UTF-8'), ('AMENT_PREFIX_PATH', '/opt/ros/humble'), ('DEBIAN_FRONTEND', 'noninteractive'), ('PWD', '/home/host/ros_ws/build/graspe_description'), ('LC_ALL', 'C.UTF-8'), ('PYTHONPATH', '/opt/ros/humble/lib/python3.10/site-packages:/opt/ros/humble/local/lib/python3.10/dist-packages'), ('COLCON', '1'), ('CMAKE_PREFIX_PATH', '/opt/ros/humble')]), 'shell': False}
[0.194448] (graspe_description) StdoutLine: {'line': b'-- Found ament_cmake: 1.3.10 (/opt/ros/humble/share/ament_cmake/cmake)\n'}
[0.200184] (-) TimerEvent: {}
[0.300613] (-) TimerEvent: {}
[0.401166] (-) TimerEvent: {}
[0.459607] (graspe_description) StdoutLine: {'line': b'-- Found rclcpp: 16.0.10 (/opt/ros/humble/share/rclcpp/cmake)\n'}
[0.501712] (-) TimerEvent: {}
[0.603184] (-) TimerEvent: {}
[0.704053] (-) TimerEvent: {}
[0.804905] (-) TimerEvent: {}
[0.898722] (graspe_description) StdoutLine: {'line': b'-- Found rosidl_generator_c: 3.1.5 (/opt/ros/humble/share/rosidl_generator_c/cmake)\n'}
[0.905163] (-) TimerEvent: {}
[0.927854] (graspe_description) StdoutLine: {'line': b'-- Found rosidl_adapter: 3.1.5 (/opt/ros/humble/share/rosidl_adapter/cmake)\n'}
[0.962864] (graspe_description) StdoutLine: {'line': b'-- Found rosidl_generator_cpp: 3.1.5 (/opt/ros/humble/share/rosidl_generator_cpp/cmake)\n'}
[1.005366] (-) TimerEvent: {}
[1.030372] (graspe_description) StdoutLine: {'line': b'-- Using all available rosidl_typesupport_c: rosidl_typesupport_fastrtps_c;rosidl_typesupport_introspection_c\n'}
[1.067890] (graspe_description) StdoutLine: {'line': b'-- Using all available rosidl_typesupport_cpp: rosidl_typesupport_fastrtps_cpp;rosidl_typesupport_introspection_cpp\n'}
[1.105711] (-) TimerEvent: {}
[1.206221] (-) TimerEvent: {}
[1.206579] (graspe_description) StdoutLine: {'line': b'-- Found rmw_implementation_cmake: 6.1.2 (/opt/ros/humble/share/rmw_implementation_cmake/cmake)\n'}
[1.237870] (graspe_description) StdoutLine: {'line': b'-- Found rmw_fastrtps_cpp: 6.2.7 (/opt/ros/humble/share/rmw_fastrtps_cpp/cmake)\n'}
[1.306524] (-) TimerEvent: {}
[1.407173] (-) TimerEvent: {}
[1.507863] (-) TimerEvent: {}
[1.608494] (-) TimerEvent: {}
[1.709362] (-) TimerEvent: {}
[1.810181] (-) TimerEvent: {}
[1.910884] (-) TimerEvent: {}
[2.011485] (-) TimerEvent: {}
[2.112096] (-) TimerEvent: {}
[2.212961] (-) TimerEvent: {}
[2.237677] (graspe_description) StdoutLine: {'line': b'-- Found OpenSSL: /usr/lib/x86_64-linux-gnu/libcrypto.so (found version "3.0.2")  \n'}
[2.313263] (-) TimerEvent: {}
[2.394739] (graspe_description) StdoutLine: {'line': b'-- Found FastRTPS: /opt/ros/humble/include  \n'}
[2.413504] (-) TimerEvent: {}
[2.466906] (graspe_description) StdoutLine: {'line': b"-- Using RMW implementation 'rmw_fastrtps_cpp' as default\n"}
[2.513813] (-) TimerEvent: {}
[2.573318] (graspe_description) StdoutLine: {'line': b'-- Looking for pthread.h\n'}
[2.614219] (-) TimerEvent: {}
[2.715259] (-) TimerEvent: {}
[2.816423] (-) TimerEvent: {}
[2.917502] (-) TimerEvent: {}
[3.018573] (-) TimerEvent: {}
[3.119599] (-) TimerEvent: {}
[3.220685] (-) TimerEvent: {}
[3.321916] (-) TimerEvent: {}
[3.422804] (-) TimerEvent: {}
[3.523761] (-) TimerEvent: {}
[3.624852] (-) TimerEvent: {}
[3.726018] (-) TimerEvent: {}
[3.827066] (-) TimerEvent: {}
[3.927662] (-) TimerEvent: {}
[4.028152] (-) TimerEvent: {}
[4.128838] (-) TimerEvent: {}
[4.229474] (-) TimerEvent: {}
[4.330049] (-) TimerEvent: {}
[4.431040] (-) TimerEvent: {}
[4.498220] (graspe_description) StdoutLine: {'line': b'-- Looking for pthread.h - found\n'}
[4.530575] (graspe_description) StdoutLine: {'line': b'-- Performing Test CMAKE_HAVE_LIBC_PTHREAD\n'}
[4.531070] (-) TimerEvent: {}
[4.631473] (-) TimerEvent: {}
[4.674411] (graspe_description) StdoutLine: {'line': b'-- Performing Test CMAKE_HAVE_LIBC_PTHREAD - Success\n'}
[4.676717] (graspe_description) StdoutLine: {'line': b'-- Found Threads: TRUE  \n'}
[4.731805] (-) TimerEvent: {}
[4.832727] (-) TimerEvent: {}
[4.865960] (graspe_description) StderrLine: {'line': b'\x1b[31mCMake Error at CMakeLists.txt:11 (find_package):\n'}
[4.866385] (graspe_description) StderrLine: {'line': b'  By not providing "Findrospy.cmake" in CMAKE_MODULE_PATH this project has\n'}
[4.866583] (graspe_description) StderrLine: {'line': b'  asked CMake to find a package configuration file provided by "rospy", but\n'}
[4.866756] (graspe_description) StderrLine: {'line': b'  CMake did not find one.\n'}
[4.866926] (graspe_description) StderrLine: {'line': b'\n'}
[4.867105] (graspe_description) StderrLine: {'line': b'  Could not find a package configuration file provided by "rospy" with any of\n'}
[4.867295] (graspe_description) StderrLine: {'line': b'  the following names:\n'}
[4.867486] (graspe_description) StderrLine: {'line': b'\n'}
[4.867684] (graspe_description) StderrLine: {'line': b'    rospyConfig.cmake\n'}
[4.867867] (graspe_description) StderrLine: {'line': b'    rospy-config.cmake\n'}
[4.868042] (graspe_description) StderrLine: {'line': b'\n'}
[4.868223] (graspe_description) StderrLine: {'line': b'  Add the installation prefix of "rospy" to CMAKE_PREFIX_PATH or set\n'}
[4.868435] (graspe_description) StderrLine: {'line': b'  "rospy_DIR" to a directory containing one of the above files.  If "rospy"\n'}
[4.868625] (graspe_description) StderrLine: {'line': b'  provides a separate development package or SDK, be sure it has been\n'}
[4.868813] (graspe_description) StderrLine: {'line': b'  installed.\n'}
[4.869001] (graspe_description) StderrLine: {'line': b'\n'}
[4.869200] (graspe_description) StderrLine: {'line': b'\x1b[0m\n'}
[4.869420] (graspe_description) StdoutLine: {'line': b'-- Configuring incomplete, errors occurred!\n'}
[4.869642] (graspe_description) StdoutLine: {'line': b'See also "/home/host/ros_ws/build/graspe_description/CMakeFiles/CMakeOutput.log".\n'}
[4.875642] (graspe_description) CommandEnded: {'returncode': 1}
[4.910206] (graspe_description) JobEnded: {'identifier': 'graspe_description', 'rc': 1}
[4.921384] (-) EventReactorShutdown: {}
